<?xml version="1.0" encoding="utf-8"?><testsuites name="pytest tests"><testsuite name="pytest" errors="0" failures="0" skipped="0" tests="35" time="5.217" timestamp="2026-06-14T07:12:08.045513+00:00" hostname="agent-env-3df6b203-1517-4eaf-bbe9-d5e02d251c6c"><testcase classname="tests.test_admin_split_regression.TestAdminAuth" name="test_admin_login_returns_role_admin" time="0.752" /><testcase classname="tests.test_admin_split_regression.TestVehicleTypesDomain" name="test_list" time="0.136" /><testcase classname="tests.test_admin_split_regression.TestVehicleTypesDomain" name="test_crud_vehicle_type" time="0.281" /><testcase classname="tests.test_admin_split_regression.TestDriverCategoriesDomain" name="test_list" time="0.093" /><testcase classname="tests.test_admin_split_regression.TestDriverCategoriesDomain" name="test_crud_driver_category" time="0.255" /><testcase classname="tests.test_admin_split_regression.TestMerchantsDomain" name="test_list_all" time="0.081" /><testcase classname="tests.test_admin_split_regression.TestMerchantsDomain" name="test_list_pending" time="0.086" /><testcase classname="tests.test_admin_split_regression.TestUsersDomain" name="test_admin_stats" time="0.080" /><testcase classname="tests.test_admin_split_regression.TestUsersDomain" name="test_wallet_reserve_config_get_put" time="0.160" /><testcase classname="tests.test_admin_split_regression.TestUsersDomain" name="test_get_user_by_id_and_credit_wallet" time="0.242" /><testcase classname="tests.test_admin_split_regression.TestSettingsDomain" name="test_settings_get" time="0.077" /><testcase classname="tests.test_admin_split_regression.TestSettingsDomain" name="test_settings_put_noop" time="0.156" /><testcase classname="tests.test_admin_split_regression.TestSettingsDomain" name="test_service_config[ride]" time="0.172" /><testcase classname="tests.test_admin_split_regression.TestSettingsDomain" name="test_service_config[delivery]" time="0.078" /><testcase classname="tests.test_admin_split_regression.TestSettingsDomain" name="test_service_config[transport]" time="0.081" /><testcase classname="tests.test_admin_split_regression.TestSettingsDomain" name="test_service_config[general]" time="0.080" /><testcase classname="tests.test_admin_split_regression.TestSettingsDomain" name="test_crud_collection_list[banners]" time="0.095" /><testcase classname="tests.test_admin_split_regression.TestSettingsDomain" name="test_crud_collection_list[promocodes]" time="0.075" /><testcase classname="tests.test_admin_split_regression.TestSettingsDomain" name="test_crud_collection_list[faqs]" time="0.074" /><testcase classname="tests.test_admin_split_regression.TestSettingsDomain" name="test_db_backup" time="0.282" /><testcase classname="tests.test_admin_split_regression.TestRewardsDomain" name="test_rewards_config_get" time="0.082" /><testcase classname="tests.test_admin_split_regression.TestRewardsDomain" name="test_rewards_config_zones" time="0.078" /><testcase classname="tests.test_admin_split_regression.TestRewardsDomain" name="test_rewards_config_put_roundtrip" time="0.159" /><testcase classname="tests.test_admin_split_regression.TestAnalyticsDomain" name="test_endpoint[/admin/analytics?period=week]" time="0.082" /><testcase classname="tests.test_admin_split_regression.TestAnalyticsDomain" name="test_endpoint[/admin/analytics/breakdown]" time="0.085" /><testcase classname="tests.test_admin_split_regression.TestAnalyticsDomain" name="test_endpoint[/admin/analytics/delivery-monthly]" time="0.080" /><testcase classname="tests.test_admin_split_regression.TestAnalyticsDomain" name="test_endpoint[/admin/reports/negotiation-gap]" time="0.077" /><testcase classname="tests.test_admin_split_regression.TestAnalyticsDomain" name="test_endpoint[/admin/reports/no-driver-stats]" time="0.081" /><testcase classname="tests.test_admin_split_regression.TestMonitoringDomain" name="test_endpoint[/admin/live-rides]" time="0.153" /><testcase classname="tests.test_admin_split_regression.TestMonitoringDomain" name="test_endpoint[/admin/heatmap/drivers]" time="0.078" /><testcase classname="tests.test_admin_split_regression.TestMonitoringDomain" name="test_endpoint[/admin/heatmap/rides]" time="0.079" /><testcase classname="tests.test_admin_split_regression.TestMonitoringDomain" name="test_endpoint[/admin/zone-alerts]" time="0.083" /><testcase classname="tests.test_admin_split_regression.TestOnboardingDomain" name="test_onboarding_list" time="0.072" /><testcase classname="tests.test_admin_split_regression.TestCrossModuleRewardsHelper" name="test_get_rewards_config_importable" time="0.218" /><testcase classname="tests.test_admin_split_regression.TestCrossModuleRewardsHelper" name="test_driver_facing_rewards_path" time="0.352" /></testsuite></testsuites>