<?xml version="1.0" encoding="utf-8"?><testsuites name="pytest tests"><testsuite name="pytest" errors="0" failures="0" skipped="0" tests="12" time="6.003" timestamp="2026-06-14T02:10:11.290333+00:00" hostname="agent-env-3df6b203-1517-4eaf-bbe9-d5e02d251c6c"><testcase classname="tests.test_employees_tracking" name="test_context_autocreate" time="0.402" /><testcase classname="tests.test_employees_tracking" name="test_seed_and_list" time="0.427" /><testcase classname="tests.test_employees_tracking" name="test_add_and_delete_employee" time="0.409" /><testcase classname="tests.test_employees_tracking" name="test_add_employee_requires_name" time="0.350" /><testcase classname="tests.test_employees_tracking" name="test_join_invalid_code" time="0.350" /><testcase classname="tests.test_employees_tracking" name="test_clock_in_requires_linked_slot" time="0.349" /><testcase classname="tests.test_employees_tracking" name="test_clock_in_out_flow" time="1.017" /><testcase classname="tests.test_employees_tracking" name="test_routes_crud_and_toggle" time="0.445" /><testcase classname="tests.test_employees_tracking" name="test_route_requires_name" time="0.385" /><testcase classname="tests.test_employees_tracking" name="test_reports_structure" time="0.362" /><testcase classname="tests.test_employees_tracking" name="test_clock_out_notifies_owner" time="0.983" /><testcase classname="tests.test_employees_tracking" name="test_cleanup" time="0.427" /></testsuite></testsuites>