<?xml version="1.0" encoding="utf-8"?><testsuites name="pytest tests"><testsuite name="pytest" errors="0" failures="0" skipped="0" tests="6" time="1.329" timestamp="2026-06-05T08:05:42.909343+00:00" hostname="agent-env-4f3f549a-b73e-477b-ae8e-7aabbfcc6d16"><testcase classname="backend.tests.test_iter116_service_settings" name="test_admin_list_returns_seven_services" time="0.474" /><testcase classname="backend.tests.test_iter116_service_settings" name="test_admin_update_taxi_whitelist_and_persist" time="0.147" /><testcase classname="backend.tests.test_iter116_service_settings" name="test_public_taxi_reflects_admin" time="0.371" /><testcase classname="backend.tests.test_iter116_service_settings" name="test_unknown_service_404" time="0.154" /><testcase classname="backend.tests.test_iter116_service_settings" name="test_user_put_forbidden" time="0.046" /><testcase classname="backend.tests.test_iter116_service_settings" name="test_zz_restore_taxi_defaults" time="0.048" /></testsuite></testsuites>