<?xml version="1.0" encoding="utf-8"?><testsuites name="pytest tests"><testsuite name="pytest" errors="0" failures="0" skipped="0" tests="6" time="2.988" timestamp="2026-06-10T07:21:33.421040+00:00" hostname="agent-env-3df6b203-1517-4eaf-bbe9-d5e02d251c6c"><testcase classname="tests.test_iter222_airport_extras" name="test_af1006_cancelled_flight_status" time="0.816" /><testcase classname="tests.test_iter222_airport_extras" name="test_flight_refresh_endpoint" time="0.577" /><testcase classname="tests.test_iter222_airport_extras" name="test_flight_refresh_non_airport_returns_400" time="0.546" /><testcase classname="tests.test_airport_transfer" name="test_simulate_flight_status_deterministic" time="0.105" /><testcase classname="tests.test_airport_transfer" name="test_admin_airport_crud_and_public_list" time="0.254" /><testcase classname="tests.test_airport_transfer" name="test_airport_ride_pricing_and_flight_status" time="0.571" /></testsuite></testsuites>