<?xml version="1.0" encoding="utf-8"?><testsuites name="pytest tests"><testsuite name="pytest" errors="0" failures="0" skipped="0" tests="18" time="3.177" timestamp="2026-06-13T14:40:33.244054+00:00" hostname="agent-env-3df6b203-1517-4eaf-bbe9-d5e02d251c6c"><testcase classname="tests.test_iter365_ferry.TestPublic" name="test_ports" time="0.110" /><testcase classname="tests.test_iter365_ferry.TestPublic" name="test_routes_seeded_16" time="0.054" /><testcase classname="tests.test_iter365_ferry.TestPublic" name="test_routes_filter_type" time="0.056" /><testcase classname="tests.test_iter365_ferry.TestPublic" name="test_routes_filter_from_to" time="0.098" /><testcase classname="tests.test_iter365_ferry.TestPublic" name="test_route_detail_404" time="0.052" /><testcase classname="tests.test_iter365_ferry.TestBooking" name="test_invalid_time_returns_400" time="0.429" /><testcase classname="tests.test_iter365_ferry.TestBooking" name="test_missing_date_returns_400" time="0.082" /><testcase classname="tests.test_iter365_ferry.TestBooking" name="test_unknown_route_404" time="0.052" /><testcase classname="tests.test_iter365_ferry.TestBooking" name="test_booking_requires_auth" time="0.047" /><testcase classname="tests.test_iter365_ferry.TestBooking" name="test_insufficient_balance" time="0.711" /><testcase classname="tests.test_iter365_ferry.TestBooking" name="test_book_and_verify" time="0.271" /><testcase classname="tests.test_iter365_ferry.TestAdmin" name="test_admin_routes_gated" time="0.054" /><testcase classname="tests.test_iter365_ferry.TestAdmin" name="test_admin_bookings_gated" time="0.055" /><testcase classname="tests.test_iter365_ferry.TestAdmin" name="test_admin_user_forbidden" time="0.053" /><testcase classname="tests.test_iter365_ferry.TestAdmin" name="test_admin_routes_list" time="0.349" /><testcase classname="tests.test_iter365_ferry.TestAdmin" name="test_admin_ports_companies" time="0.095" /><testcase classname="tests.test_iter365_ferry.TestAdmin" name="test_admin_bookings_stats" time="0.050" /><testcase classname="tests.test_iter365_ferry.TestAdmin" name="test_admin_route_crud_full" time="0.448" /></testsuite></testsuites>