<?xml version="1.0" encoding="utf-8"?><testsuites name="pytest tests"><testsuite name="pytest" errors="0" failures="0" skipped="0" tests="7" time="2.553" timestamp="2026-06-07T11:10:54.141016+00:00" hostname="agent-env-355d7862-46d9-4584-9e64-8bb13a7674f2"><testcase classname="tests.test_iteration_152_zone_app_settings.TestAppSettingsGlobalDefaults" name="test_global_returns_new_keys_with_defaults" time="0.216" /><testcase classname="tests.test_iteration_152_zone_app_settings.TestZoneOverride" name="test_put_mq_country_override_then_resolution" time="0.657" /><testcase classname="tests.test_iteration_152_zone_app_settings.TestZoneOverride" name="test_admin_zones_lists_mq" time="0.085" /><testcase classname="tests.test_iteration_152_zone_app_settings.TestZoneOverride" name="test_city_specificity" time="0.328" /><testcase classname="tests.test_iteration_152_zone_app_settings.TestTaxiHallEligibility" name="test_default_eligible" time="0.484" /><testcase classname="tests.test_iteration_152_zone_app_settings.TestTaxiHallEligibility" name="test_ineligible_when_threshold_above_rate" time="0.268" /><testcase classname="tests.test_iteration_152_zone_app_settings.TestCleanup" name="test_zzz_cleanup" time="0.429" /></testsuite></testsuites>