<?xml version="1.0" encoding="utf-8"?><testsuites name="pytest tests"><testsuite name="pytest" errors="0" failures="1" skipped="0" tests="31" time="4.858" timestamp="2026-06-09T07:26:03.885113+00:00" hostname="agent-env-3df6b203-1517-4eaf-bbe9-d5e02d251c6c"><testcase classname="tests.test_iter196_merchant_config_ondemand.TestAdminMerchantUpdate" name="test_admin_update_merchant_settings_and_persist" time="1.168" /><testcase classname="tests.test_iter196_merchant_config_ondemand.TestAdminMerchantUpdate" name="test_admin_update_unknown_merchant_404" time="0.108" /><testcase classname="tests.test_iter196_merchant_config_ondemand.TestMerchantSelfUpdate" name="test_get_merchants_me_returns_storefront" time="0.083"><failure message="AssertionError: missing field name&#10;assert 'name' in {'address': '5 Avenue Demo, Paris', 'created_at': '2026-06-06T11:49:46.121173+00:00', 'cuisine': 'Cuisine variée', 'delivery_fee': 2.5, ...}">backend/tests/test_iter196_merchant_config_ondemand.py:94: in test_get_merchants_me_returns_storefront
    assert k in m, f"missing field {k}"
E   AssertionError: missing field name
E   assert 'name' in {'address': '5 Avenue Demo, Paris', 'created_at': '2026-06-06T11:49:46.121173+00:00', 'cuisine': 'Cuisine variée', 'delivery_fee': 2.5, ...}</failure></testcase><testcase classname="tests.test_iter196_merchant_config_ondemand.TestMerchantSelfUpdate" name="test_merchant_self_update_persists" time="0.345" /><testcase classname="tests.test_iter196_merchant_config_ondemand.TestMerchantSelfUpdate" name="test_put_me_requires_auth" time="0.111" /><testcase classname="tests.test_iter196_merchant_config_ondemand.TestOnDemandProviders" name="test_each_category_has_at_least_one_provider[bricoleur]" time="0.078" /><testcase classname="tests.test_iter196_merchant_config_ondemand.TestOnDemandProviders" name="test_each_category_has_at_least_one_provider[menage]" time="0.078" /><testcase classname="tests.test_iter196_merchant_config_ondemand.TestOnDemandProviders" name="test_each_category_has_at_least_one_provider[massage]" time="0.076" /><testcase classname="tests.test_iter196_merchant_config_ondemand.TestOnDemandProviders" name="test_each_category_has_at_least_one_provider[babysitting]" time="0.083" /><testcase classname="tests.test_iter196_merchant_config_ondemand.TestOnDemandProviders" name="test_each_category_has_at_least_one_provider[mecanicien]" time="0.079" /><testcase classname="tests.test_iter196_merchant_config_ondemand.TestOnDemandProviders" name="test_each_category_has_at_least_one_provider[gardien]" time="0.083" /><testcase classname="tests.test_iter196_merchant_config_ondemand.TestOnDemandProviders" name="test_each_category_has_at_least_one_provider[jardinage]" time="0.095" /><testcase classname="tests.test_iter196_merchant_config_ondemand.TestOnDemandProviders" name="test_each_category_has_at_least_one_provider[deneigement]" time="0.081" /><testcase classname="tests.test_iter196_merchant_config_ondemand.TestOnDemandProviders" name="test_each_category_has_at_least_one_provider[nettoyage-bureau]" time="0.089" /><testcase classname="tests.test_iter196_merchant_config_ondemand.TestOnDemandProviders" name="test_each_category_has_at_least_one_provider[profs]" time="0.084" /><testcase classname="tests.test_iter196_merchant_config_ondemand.TestOnDemandProviders" name="test_each_category_has_at_least_one_provider[avocats]" time="0.093" /><testcase classname="tests.test_iter196_merchant_config_ondemand.TestOnDemandProviders" name="test_each_category_has_at_least_one_provider[anti-nuisibles]" time="0.080" /><testcase classname="tests.test_iter196_merchant_config_ondemand.TestOnDemandProviders" name="test_each_category_has_at_least_one_provider[dj]" time="0.086" /><testcase classname="tests.test_iter196_merchant_config_ondemand.TestOnDemandProviders" name="test_each_category_has_at_least_one_provider[agent-voyage]" time="0.091" /><testcase classname="tests.test_iter196_merchant_config_ondemand.TestOnDemandProviders" name="test_each_category_has_at_least_one_provider[coach-fitness]" time="0.092" /><testcase classname="tests.test_iter196_merchant_config_ondemand.TestOnDemandProviders" name="test_each_category_has_at_least_one_provider[coiffeur]" time="0.080" /><testcase classname="tests.test_iter196_merchant_config_ondemand.TestOnDemandProviders" name="test_each_category_has_at_least_one_provider[reparation-auto]" time="0.106" /><testcase classname="tests.test_iter196_merchant_config_ondemand.TestOnDemandProviders" name="test_each_category_has_at_least_one_provider[traducteur]" time="0.103" /><testcase classname="tests.test_iter196_merchant_config_ondemand.TestOnDemandProviders" name="test_each_category_has_at_least_one_provider[agent-immobilier]" time="0.077" /><testcase classname="tests.test_iter196_merchant_config_ondemand.TestOnDemandProviders" name="test_each_category_has_at_least_one_provider[traiteur]" time="0.085" /><testcase classname="tests.test_iter196_merchant_config_ondemand.TestOnDemandProviders" name="test_each_category_has_at_least_one_provider[serrurier]" time="0.075" /><testcase classname="tests.test_iter196_merchant_config_ondemand.TestOnDemandProviders" name="test_each_category_has_at_least_one_provider[reparation-tv]" time="0.088" /><testcase classname="tests.test_iter196_merchant_config_ondemand.TestOnDemandProviders" name="test_each_category_has_at_least_one_provider[reparation-ordinateur]" time="0.085" /><testcase classname="tests.test_iter196_merchant_config_ondemand.TestOnDemandProviders" name="test_each_category_has_at_least_one_provider[decorateur]" time="0.093" /><testcase classname="tests.test_iter196_merchant_config_ondemand.TestOnDemandProviders" name="test_specific_categories_focus" time="0.666" /><testcase classname="tests.test_iter196_merchant_config_ondemand.TestOnDemandProviders" name="test_provider_detail_for_random_seeded_provider" time="0.174" /></testsuite></testsuites>