<?xml version="1.0" encoding="utf-8"?><testsuites name="pytest tests"><testsuite name="pytest" errors="0" failures="0" skipped="0" tests="7" time="22.834" timestamp="2026-06-14T09:01:04.540966+00:00" hostname="agent-env-3df6b203-1517-4eaf-bbe9-d5e02d251c6c"><testcase classname="tests.test_iter393_towing_operator" name="test_operator_register_idempotent" time="0.863" /><testcase classname="tests.test_iter393_towing_operator" name="test_operator_me_returns_stats" time="0.092" /><testcase classname="tests.test_iter393_towing_operator" name="test_operator_online_requires_registration" time="0.441" /><testcase classname="tests.test_iter393_towing_operator" name="test_operator_online_toggle" time="0.081" /><testcase classname="tests.test_iter393_towing_operator" name="test_feed_and_accept_atomic" time="1.378" /><testcase classname="tests.test_iter393_towing_operator" name="test_fallback_simulated_after_18s" time="19.453" /><testcase classname="tests.test_iter393_towing_operator" name="test_operator_status_invalid" time="0.409" /></testsuite></testsuites>