<?xml version="1.0" encoding="utf-8"?><testsuites name="pytest tests"><testsuite name="pytest" errors="0" failures="0" skipped="0" tests="10" time="2.443" timestamp="2026-05-12T00:45:18.731113+00:00" hostname="agent-env-73a50c57-9101-47d1-a5d0-6badface9964"><testcase classname="backend.tests.test_iter59_featured" name="test_featured_item_first[beauty_salons-bs_01-L'Atelier Coiffure]" time="0.245" /><testcase classname="backend.tests.test_iter59_featured" name="test_featured_item_first[car_services-cs_02-Garage M\xe9canique Bastille]" time="0.163" /><testcase classname="backend.tests.test_iter59_featured" name="test_featured_item_first[towing_partners-tw_01-D\xe9pann'Express 24/7]" time="0.093" /><testcase classname="backend.tests.test_iter59_featured" name="test_admin_feature_unfeature_bs02" time="0.713" /><testcase classname="backend.tests.test_iter59_featured" name="test_admin_list_featured" time="0.061" /><testcase classname="backend.tests.test_iter59_featured" name="test_admin_endpoints_require_auth" time="0.305" /><testcase classname="backend.tests.test_iter59_featured" name="test_admin_endpoints_forbid_non_admin" time="0.400" /><testcase classname="backend.tests.test_iter59_featured" name="test_feature_unknown_collection" time="0.097" /><testcase classname="backend.tests.test_iter59_featured" name="test_feature_unknown_item" time="0.054" /><testcase classname="backend.tests.test_iter59_featured" name="test_auto_expiry" time="0.202" /></testsuite></testsuites>