<?xml version="1.0" encoding="utf-8"?><testsuites name="pytest tests"><testsuite name="pytest" errors="0" failures="0" skipped="0" tests="7" time="1.707" timestamp="2026-06-04T00:50:36.383550+00:00" hostname="agent-env-4f3f549a-b73e-477b-ae8e-7aabbfcc6d16"><testcase classname="backend.tests.test_iter96_service_categories.TestPublicServiceCategories" name="test_public_list_returns_17_with_active_field" time="0.561" /><testcase classname="backend.tests.test_iter96_service_categories.TestAdminServiceCategories" name="test_admin_list" time="0.060" /><testcase classname="backend.tests.test_iter96_service_categories.TestAdminServiceCategories" name="test_toggle_tuktuk_off_then_public_reflects_inactive" time="0.328" /><testcase classname="backend.tests.test_iter96_service_categories.TestAdminServiceCategories" name="test_update_category_name_and_icon" time="0.287" /><testcase classname="backend.tests.test_iter96_service_categories.TestAdminServiceCategories" name="test_update_unknown_key_returns_404" time="0.061" /><testcase classname="backend.tests.test_iter96_service_categories.TestAdminServiceCategories" name="test_toggle_unknown_key_returns_404" time="0.146" /><testcase classname="backend.tests.test_iter96_service_categories.TestAdminServiceCategories" name="test_admin_endpoint_requires_auth" time="0.161" /></testsuite></testsuites>