<?xml version="1.0" encoding="utf-8"?><testsuites name="pytest tests"><testsuite name="pytest" errors="0" failures="0" skipped="0" tests="10" time="2.380" timestamp="2026-06-09T08:20:14.917202+00:00" hostname="agent-env-3df6b203-1517-4eaf-bbe9-d5e02d251c6c"><testcase classname="tests.test_iter197_flash_discount.TestMerchantFlash" name="test_set_flash_active_window" time="0.493" /><testcase classname="tests.test_iter197_flash_discount.TestMerchantFlash" name="test_get_me_persists" time="0.048" /><testcase classname="tests.test_iter197_flash_discount.TestMerchantFlash" name="test_public_get_reflects_flash" time="0.208" /><testcase classname="tests.test_iter197_flash_discount.TestMerchantFlash" name="test_set_flash_inactive_window" time="0.166" /><testcase classname="tests.test_iter197_flash_discount.TestMerchantFlash" name="test_re_enable_for_order_test" time="0.046" /><testcase classname="tests.test_iter197_flash_discount.TestAdminFlash" name="test_admin_set_flash" time="0.466" /><testcase classname="tests.test_iter197_flash_discount.TestAdminFlash" name="test_admin_validates_pct_cap" time="0.143" /><testcase classname="tests.test_iter197_flash_discount.TestAdminFlash" name="test_admin_restores_for_order_test" time="0.049" /><testcase classname="tests.test_iter197_flash_discount.TestOrderFlashPricing" name="test_order_applies_flash_30pct" time="0.467" /><testcase classname="tests.test_iter197_flash_discount" name="test_zz_restore_flash_off" time="0.186" /></testsuite></testsuites>