<?xml version="1.0" encoding="utf-8"?><testsuites name="pytest tests"><testsuite name="pytest" errors="0" failures="0" skipped="0" tests="6" time="1.799" timestamp="2026-06-13T12:15:03.786645+00:00" hostname="agent-env-3df6b203-1517-4eaf-bbe9-d5e02d251c6c"><testcase classname="tests.test_iter357_parking_e2e" name="test_public_spots_sorted_by_distance_and_enriched" time="0.179" /><testcase classname="tests.test_iter357_parking_e2e" name="test_public_spots_without_geo_no_distance_no_error" time="0.108" /><testcase classname="tests.test_iter357_parking_e2e" name="test_reservation_price_is_server_side_and_decrements_availability" time="0.559" /><testcase classname="tests.test_iter357_parking_e2e" name="test_admin_create_persists_new_fields" time="0.552" /><testcase classname="tests.test_iter357_parking_e2e" name="test_reservation_on_closed_spot_returns_400" time="0.155" /><testcase classname="tests.test_iter357_parking_e2e" name="test_reservation_full_spot_returns_400" time="0.151" /></testsuite></testsuites>