<?xml version="1.0" encoding="utf-8"?><testsuites name="pytest tests"><testsuite name="pytest" errors="0" failures="0" skipped="0" tests="9" time="2.612" timestamp="2026-06-14T15:22:54.699885+00:00" hostname="agent-env-3df6b203-1517-4eaf-bbe9-d5e02d251c6c"><testcase classname="tests.test_medical_marketplace" name="test_medical_config" time="0.660" /><testcase classname="tests.test_medical_marketplace" name="test_medical_providers_seed" time="0.088" /><testcase classname="tests.test_medical_marketplace" name="test_medical_next_slots" time="0.165" /><testcase classname="tests.test_medical_marketplace" name="test_consultation_booking_generates_video_room" time="0.612" /><testcase classname="tests.test_medical_marketplace" name="test_infirmier_booking_no_video_room" time="0.287" /><testcase classname="tests.test_medical_marketplace" name="test_sbpay_debit_and_refund_on_cancel" time="0.474" /><testcase classname="tests.test_medical_marketplace" name="test_my_bookings_endpoint" time="0.047" /><testcase classname="tests.test_medical_marketplace" name="test_beauty_config_still_works" time="0.086" /><testcase classname="tests.test_medical_marketplace" name="test_trades_config_still_works" time="0.093" /></testsuite></testsuites>