<?xml version="1.0" encoding="utf-8"?><testsuites name="pytest tests"><testsuite name="pytest" errors="0" failures="0" skipped="0" tests="17" time="3.508" timestamp="2026-06-11T09:57:59.702428+00:00" hostname="agent-env-3df6b203-1517-4eaf-bbe9-d5e02d251c6c"><testcase classname="tests.test_iter252_student_e2e.TestAdminConfig" name="test_get_config_defaults" time="0.515" /><testcase classname="tests.test_iter252_student_e2e.TestAdminConfig" name="test_put_config_updates_and_persists" time="0.193" /><testcase classname="tests.test_iter252_student_e2e.TestAdminDomains" name="test_list_domains" time="0.050" /><testcase classname="tests.test_iter252_student_e2e.TestAdminDomains" name="test_create_domain" time="0.048" /><testcase classname="tests.test_iter252_student_e2e.TestAdminDomains" name="test_create_duplicate_returns_409" time="0.047" /><testcase classname="tests.test_iter252_student_e2e.TestAdminDomains" name="test_toggle_disable_then_enable" time="0.094" /><testcase classname="tests.test_iter252_student_e2e.TestAdminDomains" name="test_delete_domain" time="0.090" /><testcase classname="tests.test_iter252_student_e2e.TestEmailVerify" name="test_request_with_listed_domain" time="0.743" /><testcase classname="tests.test_iter252_student_e2e.TestEmailVerify" name="test_request_with_unlisted_domain" time="0.047" /><testcase classname="tests.test_iter252_student_e2e.TestDocumentFlow" name="test_upload_doc_sets_pending" time="0.349" /><testcase classname="tests.test_iter252_student_e2e.TestDocumentFlow" name="test_admin_approve_sets_verified" time="0.096" /><testcase classname="tests.test_iter252_student_e2e.TestDocumentFlow" name="test_discount_quote_verified" time="0.096" /><testcase classname="tests.test_iter252_student_e2e.TestDocumentFlow" name="test_admin_reject_sets_rejected" time="0.096" /><testcase classname="tests.test_iter252_student_e2e.TestDiscountQuoteNotVerified" name="test_not_verified_returns_zero" time="0.658" /><testcase classname="tests.test_iter252_student_e2e.TestStats" name="test_admin_stats_shape" time="0.051" /><testcase classname="tests.test_iter252_student_e2e.TestGuards" name="test_unauthenticated_blocked" time="0.087" /><testcase classname="tests.test_iter252_student_e2e.TestGuards" name="test_user_role_blocked" time="0.145" /></testsuite></testsuites>