<?xml version="1.0" encoding="utf-8"?><testsuites name="pytest tests"><testsuite name="pytest" errors="0" failures="0" skipped="0" tests="6" time="0.366" timestamp="2026-06-10T17:43:19.945644+00:00" hostname="agent-env-3df6b203-1517-4eaf-bbe9-d5e02d251c6c"><testcase classname="tests.test_merchant_stock" name="test_set_stock_absolute" time="0.011" /><testcase classname="tests.test_merchant_stock" name="test_delta_into_low_then_out" time="0.015" /><testcase classname="tests.test_merchant_stock" name="test_stock_requires_param" time="0.008" /><testcase classname="tests.test_merchant_stock" name="test_other_merchant_cannot_adjust" time="0.007" /><testcase classname="tests.test_merchant_stock" name="test_create_product_with_threshold" time="0.007" /><testcase classname="tests.test_merchant_stock" name="test_merchant_status_sets_managed_flag" time="0.009" /></testsuite></testsuites>