<?xml version="1.0" encoding="utf-8"?><testsuites name="pytest tests"><testsuite name="pytest" errors="0" failures="0" skipped="0" tests="3" time="1.800" timestamp="2026-06-14T13:36:29.977153+00:00" hostname="agent-env-3df6b203-1517-4eaf-bbe9-d5e02d251c6c"><testcase classname="tests.test_iter404_lab_share" name="test_share_unknown_email_returns_404" time="0.862" /><testcase classname="tests.test_iter404_lab_share" name="test_share_valid_practitioner_succeeds" time="0.409" /><testcase classname="tests.test_iter404_lab_share" name="test_share_missing_email_returns_400" time="0.436" /></testsuite></testsuites>