<?xml version="1.0" encoding="utf-8"?><testsuites name="pytest tests"><testsuite name="pytest" errors="0" failures="0" skipped="0" tests="5" time="1.142" timestamp="2026-04-18T18:05:49.778381+00:00" hostname="agent-env-73a50c57-9101-47d1-a5d0-6badface9964"><testcase classname="backend.tests.test_iter46_support_contact.TestSupportContact" name="test_valid_authed_driver_returns_200" time="0.401" /><testcase classname="backend.tests.test_iter46_support_contact.TestSupportContact" name="test_empty_message_returns_400" time="0.051" /><testcase classname="backend.tests.test_iter46_support_contact.TestSupportContact" name="test_whitespace_only_message_returns_400" time="0.052" /><testcase classname="backend.tests.test_iter46_support_contact.TestSupportContact" name="test_unauthenticated_returns_401" time="0.137" /><testcase classname="backend.tests.test_iter46_support_contact.TestSupportContact" name="test_persisted_in_admin_contact_requests_via_admin_list" time="0.415" /></testsuite></testsuites>