<?xml version="1.0" encoding="utf-8"?><testsuites name="pytest tests"><testsuite name="pytest" errors="0" failures="0" skipped="1" tests="12" time="4.624" timestamp="2026-06-10T10:43:26.238777+00:00" hostname="agent-env-3df6b203-1517-4eaf-bbe9-d5e02d251c6c"><testcase classname="tests.test_iter225_cashback" name="test_public_cashback_config" time="1.020" /><testcase classname="tests.test_iter225_cashback" name="test_admin_cashback_non_admin_forbidden" time="0.118" /><testcase classname="tests.test_iter225_cashback" name="test_admin_cashback_get" time="0.085" /><testcase classname="tests.test_iter225_cashback" name="test_admin_cashback_put_clamp" time="0.162" /><testcase classname="tests.test_iter225_cashback" name="test_cashback_on_pay_ride" time="0.760" /><testcase classname="tests.test_iter225_cashback" name="test_cashback_idempotency_on_replay" time="0.398" /><testcase classname="tests.test_iter225_cashback" name="test_cashback_excluded_below_min" time="0.267" /><testcase classname="tests.test_iter225_cashback" name="test_cashback_disabled" time="0.367" /><testcase classname="tests.test_iter225_cashback" name="test_cashback_methods_exclude_cash" time="0.200" /><testcase classname="tests.test_iter225_cashback" name="test_parcel_sbpaygo_debits_unified_wallet" time="0.471" /><testcase classname="tests.test_iter225_cashback" name="test_parcel_insufficient_falls_back_to_cash" time="0.266"><skipped type="pytest.skip" message="computed fare 378.0 did not exceed balance 620.0200000000001">/app/backend/tests/test_iter225_cashback.py:286: computed fare 378.0 did not exceed balance 620.0200000000001</skipped></testcase><testcase classname="tests.test_iter225_cashback" name="test_zzz_reset_cashback_default" time="0.393" /></testsuite></testsuites>