<?xml version="1.0" encoding="utf-8"?><testsuites name="pytest tests"><testsuite name="pytest" errors="0" failures="0" skipped="0" tests="6" time="3.004" timestamp="2026-06-11T17:50:16.188811+00:00" hostname="agent-env-3df6b203-1517-4eaf-bbe9-d5e02d251c6c"><testcase classname="tests.test_iter274_access_admin" name="test_admin_stats" time="0.518" /><testcase classname="tests.test_iter274_access_admin" name="test_admin_categories_list" time="0.352" /><testcase classname="tests.test_iter274_access_admin" name="test_admin_category_crud_full_cycle" time="0.591" /><testcase classname="tests.test_iter274_access_admin" name="test_admin_settings_get_and_update_safe_ride_night" time="0.531" /><testcase classname="tests.test_iter274_access_admin" name="test_admin_drivers_list_and_certify_cycle" time="0.536" /><testcase classname="tests.test_iter274_access_admin" name="test_admin_bookings_list" time="0.379" /></testsuite></testsuites>