<?xml version="1.0" encoding="utf-8"?><testsuites name="pytest tests"><testsuite name="pytest" errors="0" failures="0" skipped="0" tests="7" time="1.944" timestamp="2026-06-11T18:08:00.637427+00:00" hostname="agent-env-3df6b203-1517-4eaf-bbe9-d5e02d251c6c"><testcase classname="tests.test_iter275_access_driver_profile" name="test_admin_list_drivers_has_profile_fields" time="0.431" /><testcase classname="tests.test_iter275_access_driver_profile" name="test_update_driver_profile_bio_and_trainings" time="0.152" /><testcase classname="tests.test_iter275_access_driver_profile" name="test_update_driver_profile_empty_body_400" time="0.049" /><testcase classname="tests.test_iter275_access_driver_profile" name="test_update_driver_profile_unknown_driver_404" time="0.052" /><testcase classname="tests.test_iter275_access_driver_profile" name="test_upload_image_returns_relative_url" time="0.375" /><testcase classname="tests.test_iter275_access_driver_profile" name="test_update_driver_photo_persists" time="0.261" /><testcase classname="tests.test_iter275_access_driver_profile" name="test_booking_enrichment_has_matched_driver_fields" time="0.541" /></testsuite></testsuites>