<?xml version="1.0" encoding="utf-8"?><testsuites name="pytest tests"><testsuite name="pytest" errors="0" failures="0" skipped="0" tests="16" time="9.355" timestamp="2026-06-02T08:15:51.804237+00:00" hostname="agent-env-71749278-54a7-4bc5-89dd-d46ccdb76e63"><testcase classname="tests.test_iter79_voice.TestVoiceAuth" name="test_no_auth_rejected" time="0.220" /><testcase classname="tests.test_iter79_voice.TestVoiceValidation" name="test_empty_transcript_rejected" time="0.374" /><testcase classname="tests.test_iter79_voice.TestVoiceValidation" name="test_whitespace_transcript_rejected" time="0.048" /><testcase classname="tests.test_iter79_voice.TestVoiceValidation" name="test_oversize_transcript_rejected" time="0.046" /><testcase classname="tests.test_iter79_voice.TestVoiceLLM" name="test_book_taxi_premium_french" time="3.332" /><testcase classname="tests.test_iter79_voice.TestVoiceLLM" name="test_unknown_intent_phrase" time="1.623" /><testcase classname="tests.test_iter79_voice.TestVoiceLLM" name="test_valid_book_taxi_chatelet_saint_lazare" time="1.817" /><testcase classname="tests.test_iter79_voice.TestVoiceFallbackHeuristic" name="test_fallback_detects_taxi_intent" time="0.249" /><testcase classname="tests.test_iter79_voice.TestVoiceFallbackHeuristic" name="test_fallback_detects_moto" time="0.000" /><testcase classname="tests.test_iter79_voice.TestVoiceFallbackHeuristic" name="test_fallback_unknown" time="0.000" /><testcase classname="tests.test_iter79_voice.TestVoiceFallbackHeuristic" name="test_fallback_delivery" time="0.000" /><testcase classname="tests.test_iter79_voice.TestVoiceFallbackHeuristic" name="test_fallback_regex_straight_apostrophe" time="0.000" /><testcase classname="tests.test_iter79_voice.TestVoiceFallbackHeuristic" name="test_fallback_regex_curly_apostrophe" time="0.000" /><testcase classname="tests.test_iter79_voice.TestVoiceFallbackHeuristic" name="test_normalize_preserves_zero_confidence" time="0.000" /><testcase classname="tests.test_iter79_voice.TestVoiceFallbackHeuristic" name="test_normalize_defaults_when_missing" time="0.000" /><testcase classname="tests.test_iter79_voice.TestVoiceAnalytics" name="test_voice_booking_inserted" time="1.522" /></testsuite></testsuites>