<?xml version="1.0" encoding="utf-8"?><testsuites name="pytest tests"><testsuite name="pytest" errors="0" failures="0" skipped="0" tests="9" time="2.610" timestamp="2026-06-09T07:01:07.810881+00:00" hostname="agent-env-3df6b203-1517-4eaf-bbe9-d5e02d251c6c"><testcase classname="tests.test_iter195_ondemand_services.TestOnDemandPublic" name="test_categories_returns_24_sorted" time="0.270" /><testcase classname="tests.test_iter195_ondemand_services.TestOnDemandPublic" name="test_providers_coiffeur_with_geo" time="0.116" /><testcase classname="tests.test_iter195_ondemand_services.TestOnDemandPublic" name="test_provider_detail_sylvain" time="0.117" /><testcase classname="tests.test_iter195_ondemand_services.TestOnDemandPublic" name="test_provider_detail_404" time="0.083" /><testcase classname="tests.test_iter195_ondemand_services.TestServiceBookings" name="test_create_booking_confirmed_then_list" time="0.604" /><testcase classname="tests.test_iter195_ondemand_services.TestAdminProvidersCRUD" name="test_admin_list_providers" time="0.496" /><testcase classname="tests.test_iter195_ondemand_services.TestAdminProvidersCRUD" name="test_admin_provider_full_crud" time="0.444" /><testcase classname="tests.test_iter195_ondemand_services.TestAdminProvidersCRUD" name="test_admin_categories_list_and_update" time="0.303" /><testcase classname="tests.test_iter195_ondemand_services.TestAdminProvidersCRUD" name="test_admin_provider_requires_admin" time="0.087" /></testsuite></testsuites>