<?xml version="1.0" encoding="utf-8"?><testsuites name="pytest tests"><testsuite name="pytest" errors="0" failures="0" skipped="0" tests="9" time="1.371" timestamp="2026-06-10T06:09:17.249703+00:00" hostname="agent-env-3df6b203-1517-4eaf-bbe9-d5e02d251c6c"><testcase classname="tests.test_iter221_push_inbox_and_no_drivers" name="test_vapid_public_key_public" time="0.012" /><testcase classname="tests.test_iter221_push_inbox_and_no_drivers" name="test_subscribe_unauth_rejected" time="0.003" /><testcase classname="tests.test_iter221_push_inbox_and_no_drivers" name="test_subscribe_invalid_body_rejected" time="0.241" /><testcase classname="tests.test_iter221_push_inbox_and_no_drivers" name="test_admin_settings_get_put_persist_reset" time="0.248" /><testcase classname="tests.test_iter221_push_inbox_and_no_drivers" name="test_inbox_unread_list_readall" time="0.247" /><testcase classname="tests.test_iter221_push_inbox_and_no_drivers" name="test_instant_ride_not_blocked_by_no_drivers" time="0.239" /><testcase classname="tests.test_webpush_phase1" name="test_vapid_public_key_is_public" time="0.003" /><testcase classname="tests.test_webpush_phase1" name="test_subscribe_requires_auth" time="0.002" /><testcase classname="tests.test_webpush_phase1" name="test_admin_notification_settings_roundtrip" time="0.247" /></testsuite></testsuites>