<?xml version="1.0" encoding="utf-8"?><testsuites name="pytest tests"><testsuite name="pytest" errors="0" failures="0" skipped="0" tests="13" time="14.848" timestamp="2026-06-12T18:41:42.217493+00:00" hostname="agent-env-3df6b203-1517-4eaf-bbe9-d5e02d251c6c"><testcase classname="tests.test_iter331_duffel_flights.TestLiveSearch" name="test_live_search_valid" time="3.246" /><testcase classname="tests.test_iter331_duffel_flights.TestLiveSearch" name="test_live_search_invalid_iata" time="0.047" /><testcase classname="tests.test_iter331_duffel_flights.TestLiveSearch" name="test_live_search_missing_date" time="0.056" /><testcase classname="tests.test_iter331_duffel_flights.TestLiveBook" name="test_book_success" time="4.596" /><testcase classname="tests.test_iter331_duffel_flights.TestLiveBook" name="test_book_missing_born_on" time="2.415" /><testcase classname="tests.test_iter331_duffel_flights.TestLiveBook" name="test_book_bad_email" time="2.055" /><testcase classname="tests.test_iter331_duffel_flights.TestLiveBook" name="test_book_bad_phone" time="1.941" /><testcase classname="tests.test_iter331_duffel_flights.TestEticket" name="test_eticket_pdf" time="0.059" /><testcase classname="tests.test_iter331_duffel_flights.TestEticket" name="test_eticket_404" time="0.052" /><testcase classname="tests.test_iter331_duffel_flights.TestMockRegression" name="test_airports" time="0.052" /><testcase classname="tests.test_iter331_duffel_flights.TestMockRegression" name="test_mock_search" time="0.052" /><testcase classname="tests.test_iter331_duffel_flights.TestMockRegression" name="test_mock_bookings_my" time="0.048" /><testcase classname="tests.test_iter331_duffel_flights.TestMockRegression" name="test_mock_book" time="0.122" /></testsuite></testsuites>