<?xml version="1.0" encoding="utf-8"?><testsuites name="pytest tests"><testsuite name="pytest" errors="0" failures="0" skipped="0" tests="14" time="2.859" timestamp="2026-05-12T00:26:54.838090+00:00" hostname="agent-env-73a50c57-9101-47d1-a5d0-6badface9964"><testcase classname="backend.tests.test_iter58_catalogs" name="test_public_catalog_returns_seed[beauty_salons-5]" time="0.119" /><testcase classname="backend.tests.test_iter58_catalogs" name="test_public_catalog_returns_seed[pet_providers-5]" time="0.058" /><testcase classname="backend.tests.test_iter58_catalogs" name="test_public_catalog_returns_seed[car_services-6]" time="0.741" /><testcase classname="backend.tests.test_iter58_catalogs" name="test_public_catalog_returns_seed[towing_partners-4]" time="0.051" /><testcase classname="backend.tests.test_iter58_catalogs" name="test_public_catalog_returns_seed[nearby_businesses-6]" time="0.056" /><testcase classname="backend.tests.test_iter58_catalogs" name="test_public_catalog_returns_seed[ondemand_services-6]" time="0.052" /><testcase classname="backend.tests.test_iter58_catalogs" name="test_public_catalog_returns_seed[carpool_trips-5]" time="0.053" /><testcase classname="backend.tests.test_iter58_catalogs" name="test_public_catalog_returns_seed[marketplace_listings-7]" time="0.554" /><testcase classname="backend.tests.test_iter58_catalogs" name="test_unknown_collection_404" time="0.070" /><testcase classname="backend.tests.test_iter58_catalogs" name="test_protected_collection_not_exposed" time="0.544" /><testcase classname="backend.tests.test_iter58_catalogs" name="test_beauty_salon_shape" time="0.049" /><testcase classname="backend.tests.test_iter58_catalogs" name="test_carpool_trip_shape" time="0.075" /><testcase classname="backend.tests.test_iter58_catalogs" name="test_marketplace_categories" time="0.048" /><testcase classname="backend.tests.test_iter58_catalogs" name="test_admin_login_still_works" time="0.281" /></testsuite></testsuites>