<?xml version="1.0" encoding="utf-8"?><testsuites name="pytest tests"><testsuite name="pytest" errors="0" failures="0" skipped="0" tests="6" time="1.147" timestamp="2026-06-13T11:04:06.024303+00:00" hostname="agent-env-3df6b203-1517-4eaf-bbe9-d5e02d251c6c"><testcase classname="tests.test_iter351_no_movement_http.TestGating" name="test_get_config_requires_auth" time="0.114" /><testcase classname="tests.test_iter351_no_movement_http.TestGating" name="test_put_config_requires_auth" time="0.109" /><testcase classname="tests.test_iter351_no_movement_http.TestGating" name="test_reassignments_requires_auth" time="0.089" /><testcase classname="tests.test_iter351_no_movement_http.TestNoMovementConfig" name="test_get_config_shape" time="0.436" /><testcase classname="tests.test_iter351_no_movement_http.TestNoMovementConfig" name="test_put_config_persists_and_clamps" time="0.232" /><testcase classname="tests.test_iter351_no_movement_http.TestNoMovementReassignments" name="test_reassignments_shape" time="0.064" /></testsuite></testsuites>