<?xml version="1.0" encoding="utf-8"?><testsuites name="pytest tests"><testsuite name="pytest" errors="0" failures="42" skipped="0" tests="74" time="4.672" timestamp="2026-04-19T04:06:15.129533+00:00" hostname="agent-env-73a50c57-9101-47d1-a5d0-6badface9964"><testcase classname="backend.tests.test_iter52_macro_audit" name="test_admin_endpoint_reachable[/api/admin/stats]" time="0.575" /><testcase classname="backend.tests.test_iter52_macro_audit" name="test_admin_endpoint_reachable[/api/admin/analytics]" time="0.051" /><testcase classname="backend.tests.test_iter52_macro_audit" name="test_admin_endpoint_reachable[/api/admin/users]" time="0.050" /><testcase classname="backend.tests.test_iter52_macro_audit" name="test_admin_endpoint_reachable[/api/admin/drivers]" time="0.050" /><testcase classname="backend.tests.test_iter52_macro_audit" name="test_admin_endpoint_reachable[/api/admin/rides]" time="0.064" /><testcase classname="backend.tests.test_iter52_macro_audit" name="test_admin_endpoint_reachable[/api/admin/orders]" time="0.046" /><testcase classname="backend.tests.test_iter52_macro_audit" name="test_admin_endpoint_reachable[/api/admin/merchants]" time="0.046"><failure message="AssertionError: MISSING route: /api/admin/merchants&#10;assert 404 != 404&#10; +  where 404 = &lt;Response [404]&gt;.status_code">E   AssertionError: MISSING route: /api/admin/merchants
    assert 404 != 404
     +  where 404 = &lt;Response [404]&gt;.status_code</failure></testcase><testcase classname="backend.tests.test_iter52_macro_audit" name="test_admin_endpoint_reachable[/api/admin/revenue]" time="0.047" /><testcase classname="backend.tests.test_iter52_macro_audit" name="test_admin_endpoint_reachable[/api/admin/promocodes]" time="0.045"><failure message="AssertionError: MISSING route: /api/admin/promocodes&#10;assert 404 != 404&#10; +  where 404 = &lt;Response [404]&gt;.status_code">E   AssertionError: MISSING route: /api/admin/promocodes
    assert 404 != 404
     +  where 404 = &lt;Response [404]&gt;.status_code</failure></testcase><testcase classname="backend.tests.test_iter52_macro_audit" name="test_admin_endpoint_reachable[/api/admin/vehicle-types]" time="0.043"><failure message="AssertionError: unexpected 405 on /api/admin/vehicle-types: {&quot;detail&quot;:&quot;Method Not Allowed&quot;}&#10;assert 405 in (200, 204)&#10; +  where 405 = &lt;Response [405]&gt;.status_code">E   AssertionError: unexpected 405 on /api/admin/vehicle-types: {"detail":"Method Not Allowed"}
    assert 405 in (200, 204)
     +  where 405 = &lt;Response [405]&gt;.status_code</failure></testcase><testcase classname="backend.tests.test_iter52_macro_audit" name="test_admin_endpoint_reachable[/api/admin/banners]" time="0.044"><failure message="AssertionError: MISSING route: /api/admin/banners&#10;assert 404 != 404&#10; +  where 404 = &lt;Response [404]&gt;.status_code">E   AssertionError: MISSING route: /api/admin/banners
    assert 404 != 404
     +  where 404 = &lt;Response [404]&gt;.status_code</failure></testcase><testcase classname="backend.tests.test_iter52_macro_audit" name="test_admin_endpoint_reachable[/api/admin/gift-cards]" time="0.046"><failure message="AssertionError: MISSING route: /api/admin/gift-cards&#10;assert 404 != 404&#10; +  where 404 = &lt;Response [404]&gt;.status_code">E   AssertionError: MISSING route: /api/admin/gift-cards
    assert 404 != 404
     +  where 404 = &lt;Response [404]&gt;.status_code</failure></testcase><testcase classname="backend.tests.test_iter52_macro_audit" name="test_admin_endpoint_reachable[/api/admin/referral-settings]" time="0.044"><failure message="AssertionError: MISSING route: /api/admin/referral-settings&#10;assert 404 != 404&#10; +  where 404 = &lt;Response [404]&gt;.status_code">E   AssertionError: MISSING route: /api/admin/referral-settings
    assert 404 != 404
     +  where 404 = &lt;Response [404]&gt;.status_code</failure></testcase><testcase classname="backend.tests.test_iter52_macro_audit" name="test_admin_endpoint_reachable[/api/admin/stores]" time="0.043"><failure message="AssertionError: MISSING route: /api/admin/stores&#10;assert 404 != 404&#10; +  where 404 = &lt;Response [404]&gt;.status_code">E   AssertionError: MISSING route: /api/admin/stores
    assert 404 != 404
     +  where 404 = &lt;Response [404]&gt;.status_code</failure></testcase><testcase classname="backend.tests.test_iter52_macro_audit" name="test_admin_endpoint_reachable[/api/admin/payouts]" time="0.045"><failure message="AssertionError: MISSING route: /api/admin/payouts&#10;assert 404 != 404&#10; +  where 404 = &lt;Response [404]&gt;.status_code">E   AssertionError: MISSING route: /api/admin/payouts
    assert 404 != 404
     +  where 404 = &lt;Response [404]&gt;.status_code</failure></testcase><testcase classname="backend.tests.test_iter52_macro_audit" name="test_admin_endpoint_reachable[/api/admin/settlements]" time="0.049"><failure message="AssertionError: MISSING route: /api/admin/settlements&#10;assert 404 != 404&#10; +  where 404 = &lt;Response [404]&gt;.status_code">E   AssertionError: MISSING route: /api/admin/settlements
    assert 404 != 404
     +  where 404 = &lt;Response [404]&gt;.status_code</failure></testcase><testcase classname="backend.tests.test_iter52_macro_audit" name="test_admin_endpoint_reachable[/api/admin/disputes]" time="0.045"><failure message="AssertionError: MISSING route: /api/admin/disputes&#10;assert 404 != 404&#10; +  where 404 = &lt;Response [404]&gt;.status_code">E   AssertionError: MISSING route: /api/admin/disputes
    assert 404 != 404
     +  where 404 = &lt;Response [404]&gt;.status_code</failure></testcase><testcase classname="backend.tests.test_iter52_macro_audit" name="test_admin_endpoint_reachable[/api/admin/wallet-requests]" time="0.044"><failure message="AssertionError: MISSING route: /api/admin/wallet-requests&#10;assert 404 != 404&#10; +  where 404 = &lt;Response [404]&gt;.status_code">E   AssertionError: MISSING route: /api/admin/wallet-requests
    assert 404 != 404
     +  where 404 = &lt;Response [404]&gt;.status_code</failure></testcase><testcase classname="backend.tests.test_iter52_macro_audit" name="test_admin_endpoint_reachable[/api/admin/sos-requests]" time="0.043"><failure message="AssertionError: MISSING route: /api/admin/sos-requests&#10;assert 404 != 404&#10; +  where 404 = &lt;Response [404]&gt;.status_code">E   AssertionError: MISSING route: /api/admin/sos-requests
    assert 404 != 404
     +  where 404 = &lt;Response [404]&gt;.status_code</failure></testcase><testcase classname="backend.tests.test_iter52_macro_audit" name="test_admin_endpoint_reachable[/api/admin/contact-requests]" time="0.044"><failure message="AssertionError: MISSING route: /api/admin/contact-requests&#10;assert 404 != 404&#10; +  where 404 = &lt;Response [404]&gt;.status_code">E   AssertionError: MISSING route: /api/admin/contact-requests
    assert 404 != 404
     +  where 404 = &lt;Response [404]&gt;.status_code</failure></testcase><testcase classname="backend.tests.test_iter52_macro_audit" name="test_admin_endpoint_reachable[/api/admin/withdraw-requests]" time="0.051"><failure message="AssertionError: MISSING route: /api/admin/withdraw-requests&#10;assert 404 != 404&#10; +  where 404 = &lt;Response [404]&gt;.status_code">E   AssertionError: MISSING route: /api/admin/withdraw-requests
    assert 404 != 404
     +  where 404 = &lt;Response [404]&gt;.status_code</failure></testcase><testcase classname="backend.tests.test_iter52_macro_audit" name="test_admin_endpoint_reachable[/api/admin/order-help-requests]" time="0.045"><failure message="AssertionError: MISSING route: /api/admin/order-help-requests&#10;assert 404 != 404&#10; +  where 404 = &lt;Response [404]&gt;.status_code">E   AssertionError: MISSING route: /api/admin/order-help-requests
    assert 404 != 404
     +  where 404 = &lt;Response [404]&gt;.status_code</failure></testcase><testcase classname="backend.tests.test_iter52_macro_audit" name="test_admin_endpoint_reachable[/api/admin/trip-help-requests]" time="0.046"><failure message="AssertionError: MISSING route: /api/admin/trip-help-requests&#10;assert 404 != 404&#10; +  where 404 = &lt;Response [404]&gt;.status_code">E   AssertionError: MISSING route: /api/admin/trip-help-requests
    assert 404 != 404
     +  where 404 = &lt;Response [404]&gt;.status_code</failure></testcase><testcase classname="backend.tests.test_iter52_macro_audit" name="test_admin_endpoint_reachable[/api/admin/push-notifications]" time="0.042"><failure message="AssertionError: MISSING route: /api/admin/push-notifications&#10;assert 404 != 404&#10; +  where 404 = &lt;Response [404]&gt;.status_code">E   AssertionError: MISSING route: /api/admin/push-notifications
    assert 404 != 404
     +  where 404 = &lt;Response [404]&gt;.status_code</failure></testcase><testcase classname="backend.tests.test_iter52_macro_audit" name="test_admin_endpoint_reachable[/api/admin/email-templates]" time="0.045"><failure message="AssertionError: MISSING route: /api/admin/email-templates&#10;assert 404 != 404&#10; +  where 404 = &lt;Response [404]&gt;.status_code">E   AssertionError: MISSING route: /api/admin/email-templates
    assert 404 != 404
     +  where 404 = &lt;Response [404]&gt;.status_code</failure></testcase><testcase classname="backend.tests.test_iter52_macro_audit" name="test_admin_endpoint_reachable[/api/admin/sms-templates]" time="0.143"><failure message="AssertionError: MISSING route: /api/admin/sms-templates&#10;assert 404 != 404&#10; +  where 404 = &lt;Response [404]&gt;.status_code">E   AssertionError: MISSING route: /api/admin/sms-templates
    assert 404 != 404
     +  where 404 = &lt;Response [404]&gt;.status_code</failure></testcase><testcase classname="backend.tests.test_iter52_macro_audit" name="test_admin_endpoint_reachable[/api/admin/cancel-reasons]" time="0.046"><failure message="AssertionError: MISSING route: /api/admin/cancel-reasons&#10;assert 404 != 404&#10; +  where 404 = &lt;Response [404]&gt;.status_code">E   AssertionError: MISSING route: /api/admin/cancel-reasons
    assert 404 != 404
     +  where 404 = &lt;Response [404]&gt;.status_code</failure></testcase><testcase classname="backend.tests.test_iter52_macro_audit" name="test_admin_endpoint_reachable[/api/admin/master-services]" time="0.049"><failure message="AssertionError: MISSING route: /api/admin/master-services&#10;assert 404 != 404&#10; +  where 404 = &lt;Response [404]&gt;.status_code">E   AssertionError: MISSING route: /api/admin/master-services
    assert 404 != 404
     +  where 404 = &lt;Response [404]&gt;.status_code</failure></testcase><testcase classname="backend.tests.test_iter52_macro_audit" name="test_admin_endpoint_reachable[/api/admin/vehicle-makes]" time="0.046"><failure message="AssertionError: MISSING route: /api/admin/vehicle-makes&#10;assert 404 != 404&#10; +  where 404 = &lt;Response [404]&gt;.status_code">E   AssertionError: MISSING route: /api/admin/vehicle-makes
    assert 404 != 404
     +  where 404 = &lt;Response [404]&gt;.status_code</failure></testcase><testcase classname="backend.tests.test_iter52_macro_audit" name="test_admin_endpoint_reachable[/api/admin/vehicle-models]" time="0.043"><failure message="AssertionError: MISSING route: /api/admin/vehicle-models&#10;assert 404 != 404&#10; +  where 404 = &lt;Response [404]&gt;.status_code">E   AssertionError: MISSING route: /api/admin/vehicle-models
    assert 404 != 404
     +  where 404 = &lt;Response [404]&gt;.status_code</failure></testcase><testcase classname="backend.tests.test_iter52_macro_audit" name="test_admin_endpoint_reachable[/api/admin/geo-fence]" time="0.042"><failure message="AssertionError: MISSING route: /api/admin/geo-fence&#10;assert 404 != 404&#10; +  where 404 = &lt;Response [404]&gt;.status_code">E   AssertionError: MISSING route: /api/admin/geo-fence
    assert 404 != 404
     +  where 404 = &lt;Response [404]&gt;.status_code</failure></testcase><testcase classname="backend.tests.test_iter52_macro_audit" name="test_admin_endpoint_reachable[/api/admin/rewards/config]" time="0.053" /><testcase classname="backend.tests.test_iter52_macro_audit" name="test_admin_endpoint_reachable[/api/admin/priority-drivers]" time="0.054" /><testcase classname="backend.tests.test_iter52_macro_audit" name="test_admin_endpoint_reachable[/api/admin/top-drivers-config]" time="0.048" /><testcase classname="backend.tests.test_iter52_macro_audit" name="test_admin_endpoint_reachable[/api/admin/db-backup]" time="0.133" /><testcase classname="backend.tests.test_iter52_macro_audit" name="test_admin_endpoint_reachable[/api/admin/reports/negotiation-gap]" time="0.046" /><testcase classname="backend.tests.test_iter52_macro_audit" name="test_admin_endpoint_reachable[/api/admin/service-config/genie]" time="0.046" /><testcase classname="backend.tests.test_iter52_macro_audit" name="test_admin_endpoint_reachable[/api/admin/service-config/runner]" time="0.043" /><testcase classname="backend.tests.test_iter52_macro_audit" name="test_admin_endpoint_reachable[/api/admin/service-config/ondemand]" time="0.044" /><testcase classname="backend.tests.test_iter52_macro_audit" name="test_admin_endpoint_reachable[/api/admin/service-config/video]" time="0.045" /><testcase classname="backend.tests.test_iter52_macro_audit" name="test_admin_endpoint_reachable[/api/admin/service-config/bids]" time="0.044" /><testcase classname="backend.tests.test_iter52_macro_audit" name="test_admin_endpoint_reachable[/api/admin/service-config/marketplace]" time="0.046" /><testcase classname="backend.tests.test_iter52_macro_audit" name="test_admin_endpoint_reachable[/api/admin/service-config/tracking]" time="0.043" /><testcase classname="backend.tests.test_iter52_macro_audit" name="test_admin_endpoint_reachable[/api/admin/crud/groups]" time="0.047" /><testcase classname="backend.tests.test_iter52_macro_audit" name="test_admin_endpoint_reachable[/api/admin/crud/hotels]" time="0.044" /><testcase classname="backend.tests.test_iter52_macro_audit" name="test_admin_endpoint_reachable[/api/admin/crud/companies]" time="0.043" /><testcase classname="backend.tests.test_iter52_macro_audit" name="test_admin_endpoint_reachable[/api/admin/crud/organizations]" time="0.049" /><testcase classname="backend.tests.test_iter52_macro_audit" name="test_admin_endpoint_reachable[/api/admin/crud/pending_requests]" time="0.043" /><testcase classname="backend.tests.test_iter52_macro_audit" name="test_admin_endpoint_reachable[/api/admin/crud/vehicle_makes]" time="0.059" /><testcase classname="backend.tests.test_iter52_macro_audit" name="test_admin_endpoint_reachable[/api/admin/crud/vehicle_models]" time="0.045" /><testcase classname="backend.tests.test_iter52_macro_audit" name="test_admin_endpoint_reachable[/api/admin/crud/master_services]" time="0.055" /><testcase classname="backend.tests.test_iter52_macro_audit" name="test_admin_endpoint_reachable[/api/admin/crud/cancel_reasons]" time="0.046" /><testcase classname="backend.tests.test_iter52_macro_audit" name="test_client_endpoint_reachable[/api/auth/me]" time="0.043" /><testcase classname="backend.tests.test_iter52_macro_audit" name="test_client_endpoint_reachable[/api/services/list]" time="0.046"><failure message="AssertionError: MISSING route: /api/services/list&#10;assert 404 != 404&#10; +  where 404 = &lt;Response [404]&gt;.status_code">E   AssertionError: MISSING route: /api/services/list
    assert 404 != 404
     +  where 404 = &lt;Response [404]&gt;.status_code</failure></testcase><testcase classname="backend.tests.test_iter52_macro_audit" name="test_client_endpoint_reachable[/api/users/me/favorite-drivers]" time="0.045"><failure message="AssertionError: MISSING route: /api/users/me/favorite-drivers&#10;assert 404 != 404&#10; +  where 404 = &lt;Response [404]&gt;.status_code">E   AssertionError: MISSING route: /api/users/me/favorite-drivers
    assert 404 != 404
     +  where 404 = &lt;Response [404]&gt;.status_code</failure></testcase><testcase classname="backend.tests.test_iter52_macro_audit" name="test_client_endpoint_reachable[/api/users/me/emergency-contacts]" time="0.042"><failure message="AssertionError: MISSING route: /api/users/me/emergency-contacts&#10;assert 404 != 404&#10; +  where 404 = &lt;Response [404]&gt;.status_code">E   AssertionError: MISSING route: /api/users/me/emergency-contacts
    assert 404 != 404
     +  where 404 = &lt;Response [404]&gt;.status_code</failure></testcase><testcase classname="backend.tests.test_iter52_macro_audit" name="test_client_endpoint_reachable[/api/rides/my-rides]" time="0.043"><failure message="AssertionError: MISSING route: /api/rides/my-rides&#10;assert 404 != 404&#10; +  where 404 = &lt;Response [404]&gt;.status_code">E   AssertionError: MISSING route: /api/rides/my-rides
    assert 404 != 404
     +  where 404 = &lt;Response [404]&gt;.status_code</failure></testcase><testcase classname="backend.tests.test_iter52_macro_audit" name="test_client_endpoint_reachable[/api/orders/my-orders]" time="0.050"><failure message="AssertionError: MISSING route: /api/orders/my-orders&#10;assert 404 != 404&#10; +  where 404 = &lt;Response [404]&gt;.status_code">E   AssertionError: MISSING route: /api/orders/my-orders
    assert 404 != 404
     +  where 404 = &lt;Response [404]&gt;.status_code</failure></testcase><testcase classname="backend.tests.test_iter52_macro_audit" name="test_client_endpoint_reachable[/api/wallet/balance]" time="0.042"><failure message="AssertionError: MISSING route: /api/wallet/balance&#10;assert 404 != 404&#10; +  where 404 = &lt;Response [404]&gt;.status_code">E   AssertionError: MISSING route: /api/wallet/balance
    assert 404 != 404
     +  where 404 = &lt;Response [404]&gt;.status_code</failure></testcase><testcase classname="backend.tests.test_iter52_macro_audit" name="test_client_endpoint_reachable[/api/coupons/available]" time="0.043"><failure message="AssertionError: MISSING route: /api/coupons/available&#10;assert 404 != 404&#10; +  where 404 = &lt;Response [404]&gt;.status_code">E   AssertionError: MISSING route: /api/coupons/available
    assert 404 != 404
     +  where 404 = &lt;Response [404]&gt;.status_code</failure></testcase><testcase classname="backend.tests.test_iter52_macro_audit" name="test_client_endpoint_reachable[/api/referral/my-code]" time="0.048" /><testcase classname="backend.tests.test_iter52_macro_audit" name="test_client_endpoint_reachable[/api/drivers/top]" time="0.048" /><testcase classname="backend.tests.test_iter52_macro_audit" name="test_driver_endpoint_reachable[/api/drivers/my-active-rewards]" time="0.442" /><testcase classname="backend.tests.test_iter52_macro_audit" name="test_driver_endpoint_reachable[/api/drivers/my-stats]" time="0.049"><failure message="AssertionError: MISSING driver route: /api/drivers/my-stats&#10;assert 404 != 404&#10; +  where 404 = &lt;Response [404]&gt;.status_code">E   AssertionError: MISSING driver route: /api/drivers/my-stats
    assert 404 != 404
     +  where 404 = &lt;Response [404]&gt;.status_code</failure></testcase><testcase classname="backend.tests.test_iter52_macro_audit" name="test_driver_endpoint_reachable[/api/drivers/my-earnings]" time="0.050"><failure message="AssertionError: MISSING driver route: /api/drivers/my-earnings&#10;assert 404 != 404&#10; +  where 404 = &lt;Response [404]&gt;.status_code">E   AssertionError: MISSING driver route: /api/drivers/my-earnings
    assert 404 != 404
     +  where 404 = &lt;Response [404]&gt;.status_code</failure></testcase><testcase classname="backend.tests.test_iter52_macro_audit" name="test_driver_endpoint_reachable[/api/drivers/my-documents]" time="0.044"><failure message="AssertionError: MISSING driver route: /api/drivers/my-documents&#10;assert 404 != 404&#10; +  where 404 = &lt;Response [404]&gt;.status_code">E   AssertionError: MISSING driver route: /api/drivers/my-documents
    assert 404 != 404
     +  where 404 = &lt;Response [404]&gt;.status_code</failure></testcase><testcase classname="backend.tests.test_iter52_macro_audit" name="test_driver_endpoint_reachable[/api/drivers/my-notifications]" time="0.052"><failure message="AssertionError: MISSING driver route: /api/drivers/my-notifications&#10;assert 404 != 404&#10; +  where 404 = &lt;Response [404]&gt;.status_code">E   AssertionError: MISSING driver route: /api/drivers/my-notifications
    assert 404 != 404
     +  where 404 = &lt;Response [404]&gt;.status_code</failure></testcase><testcase classname="backend.tests.test_iter52_macro_audit" name="test_driver_endpoint_reachable[/api/drivers/incoming-requests]" time="0.048"><failure message="AssertionError: MISSING driver route: /api/drivers/incoming-requests&#10;assert 404 != 404&#10; +  where 404 = &lt;Response [404]&gt;.status_code">E   AssertionError: MISSING driver route: /api/drivers/incoming-requests
    assert 404 != 404
     +  where 404 = &lt;Response [404]&gt;.status_code</failure></testcase><testcase classname="backend.tests.test_iter52_macro_audit" name="test_phase2_endpoint_reachable[/api/phase2/loyalty/me]" time="0.045"><failure message="AssertionError: MISSING phase2 route: /api/phase2/loyalty/me&#10;assert 404 != 404&#10; +  where 404 = &lt;Response [404]&gt;.status_code">E   AssertionError: MISSING phase2 route: /api/phase2/loyalty/me
    assert 404 != 404
     +  where 404 = &lt;Response [404]&gt;.status_code</failure></testcase><testcase classname="backend.tests.test_iter52_macro_audit" name="test_phase2_endpoint_reachable[/api/phase2/referral/me]" time="0.046"><failure message="AssertionError: MISSING phase2 route: /api/phase2/referral/me&#10;assert 404 != 404&#10; +  where 404 = &lt;Response [404]&gt;.status_code">E   AssertionError: MISSING phase2 route: /api/phase2/referral/me
    assert 404 != 404
     +  where 404 = &lt;Response [404]&gt;.status_code</failure></testcase><testcase classname="backend.tests.test_iter52_macro_audit" name="test_phase2_endpoint_reachable[/api/phase2/gift-cards/my]" time="0.043"><failure message="AssertionError: MISSING phase2 route: /api/phase2/gift-cards/my&#10;assert 404 != 404&#10; +  where 404 = &lt;Response [404]&gt;.status_code">E   AssertionError: MISSING phase2 route: /api/phase2/gift-cards/my
    assert 404 != 404
     +  where 404 = &lt;Response [404]&gt;.status_code</failure></testcase><testcase classname="backend.tests.test_iter52_macro_audit" name="test_phase2_endpoint_reachable[/api/phase2/subscriptions/plans]" time="0.046"><failure message="AssertionError: MISSING phase2 route: /api/phase2/subscriptions/plans&#10;assert 404 != 404&#10; +  where 404 = &lt;Response [404]&gt;.status_code">E   AssertionError: MISSING phase2 route: /api/phase2/subscriptions/plans
    assert 404 != 404
     +  where 404 = &lt;Response [404]&gt;.status_code</failure></testcase><testcase classname="backend.tests.test_iter52_macro_audit" name="test_phase2_endpoint_reachable[/api/phase2/safety/emergency-contacts]" time="0.042"><failure message="AssertionError: MISSING phase2 route: /api/phase2/safety/emergency-contacts&#10;assert 404 != 404&#10; +  where 404 = &lt;Response [404]&gt;.status_code">E   AssertionError: MISSING phase2 route: /api/phase2/safety/emergency-contacts
    assert 404 != 404
     +  where 404 = &lt;Response [404]&gt;.status_code</failure></testcase><testcase classname="backend.tests.test_iter52_macro_audit" name="test_phase2_endpoint_reachable[/api/phase2/favorites/drivers]" time="0.042"><failure message="AssertionError: MISSING phase2 route: /api/phase2/favorites/drivers&#10;assert 404 != 404&#10; +  where 404 = &lt;Response [404]&gt;.status_code">E   AssertionError: MISSING phase2 route: /api/phase2/favorites/drivers
    assert 404 != 404
     +  where 404 = &lt;Response [404]&gt;.status_code</failure></testcase></testsuite></testsuites>