<?xml version="1.0" encoding="utf-8"?><testsuites name="pytest tests"><testsuite name="pytest" errors="0" failures="0" skipped="0" tests="18" time="3.849" timestamp="2026-06-11T11:11:39.347362+00:00" hostname="agent-env-3df6b203-1517-4eaf-bbe9-d5e02d251c6c"><testcase classname="tests.test_iter256_rewards_events_e2e" name="test_rewards_catalog_seeded" time="0.797" /><testcase classname="tests.test_iter256_rewards_events_e2e" name="test_rewards_me_initial_zero" time="0.047" /><testcase classname="tests.test_iter256_rewards_events_e2e" name="test_rewards_redeem_insufficient_points_400" time="0.092" /><testcase classname="tests.test_iter256_rewards_events_e2e" name="test_rewards_admin_guard_non_admin" time="0.045" /><testcase classname="tests.test_iter256_rewards_events_e2e" name="test_rewards_admin_guard_no_auth" time="0.118" /><testcase classname="tests.test_iter256_rewards_events_e2e" name="test_rewards_admin_config_get_put" time="0.497" /><testcase classname="tests.test_iter256_rewards_events_e2e" name="test_rewards_admin_catalog_crud" time="0.201" /><testcase classname="tests.test_iter256_rewards_events_e2e" name="test_rewards_admin_award_credits_user" time="0.137" /><testcase classname="tests.test_iter256_rewards_events_e2e" name="test_rewards_redeem_after_award" time="0.207" /><testcase classname="tests.test_iter256_rewards_events_e2e" name="test_events_admin_create_and_list" time="0.106" /><testcase classname="tests.test_iter256_rewards_events_e2e" name="test_events_list_shows_seats_left" time="0.046" /><testcase classname="tests.test_iter256_rewards_events_e2e" name="test_events_reserve_and_my_reservations" time="0.137" /><testcase classname="tests.test_iter256_rewards_events_e2e" name="test_events_double_reservation_409" time="0.047" /><testcase classname="tests.test_iter256_rewards_events_e2e" name="test_events_capacity_exceeded_409" time="0.825" /><testcase classname="tests.test_iter256_rewards_events_e2e" name="test_events_cancel" time="0.092" /><testcase classname="tests.test_iter256_rewards_events_e2e" name="test_events_admin_update_and_delete" time="0.149" /><testcase classname="tests.test_iter256_rewards_events_e2e" name="test_events_admin_guard_non_admin" time="0.087" /><testcase classname="tests.test_iter256_rewards_events_e2e" name="test_events_reserve_invalid_event_404" time="0.112" /></testsuite></testsuites>