<?xml version="1.0" encoding="utf-8"?><testsuites name="pytest tests"><testsuite name="pytest" errors="0" failures="0" skipped="0" tests="9" time="2.619" timestamp="2026-06-09T03:12:53.724170+00:00" hostname="agent-env-3df6b203-1517-4eaf-bbe9-d5e02d251c6c"><testcase classname="tests.test_iter191_loyalty.TestLoyaltyConfig" name="test_public_config_shape" time="0.006" /><testcase classname="tests.test_iter191_loyalty.TestLoyaltyConfig" name="test_admin_config_requires_admin" time="0.281" /><testcase classname="tests.test_iter191_loyalty.TestLoyaltyConfig" name="test_admin_put_persists_and_resorts" time="0.372" /><testcase classname="tests.test_iter191_loyalty.TestLoyaltyMe" name="test_fresh_client_starts_silver" time="0.275" /><testcase classname="tests.test_iter191_loyalty.TestLoyaltyMe" name="test_award_loyalty_points_promotes_tier" time="0.299" /><testcase classname="tests.test_iter191_loyalty.TestPhoneRegisterReferralBugfix" name="test_phone_register_with_valid_referral_no_500_and_pending" time="0.518" /><testcase classname="tests.test_iter191_loyalty.TestPhoneRegisterReferralBugfix" name="test_phone_register_without_code_works" time="0.235" /><testcase classname="tests.test_iter191_loyalty.TestPhoneRegisterReferralBugfix" name="test_phone_register_with_invalid_code_still_succeeds_no_referral" time="0.236" /><testcase classname="tests.test_iter191_loyalty.TestEmailRegisterLazyCode" name="test_email_register_no_code_then_my_code_generates_name_based" time="0.276" /></testsuite></testsuites>