<?xml version="1.0" encoding="utf-8"?><testsuites name="pytest tests"><testsuite name="pytest" errors="0" failures="0" skipped="0" tests="12" time="19.873" timestamp="2026-05-12T04:35:43.993987+00:00" hostname="agent-env-71749278-54a7-4bc5-89dd-d46ccdb76e63"><testcase classname="backend.tests.test_iter67_auto_dispatch.TestAutoDispatchConfig" name="test_get_config_admin_ok" time="0.389" /><testcase classname="backend.tests.test_iter67_auto_dispatch.TestAutoDispatchConfig" name="test_get_config_unauth_blocked" time="0.122" /><testcase classname="backend.tests.test_iter67_auto_dispatch.TestAutoDispatchConfig" name="test_get_config_non_admin_blocked" time="0.372" /><testcase classname="backend.tests.test_iter67_auto_dispatch.TestAutoDispatchConfig" name="test_put_config_partial_merge" time="0.197" /><testcase classname="backend.tests.test_iter67_auto_dispatch.TestAutoDispatchConfig" name="test_put_config_palettes_array" time="0.142" /><testcase classname="backend.tests.test_iter67_auto_dispatch.TestAutoDispatchConfig" name="test_put_config_empty_400" time="0.047" /><testcase classname="backend.tests.test_iter67_auto_dispatch.TestAutoDispatchStats" name="test_get_stats_admin_ok" time="0.049" /><testcase classname="backend.tests.test_iter67_auto_dispatch.TestAutoDispatchStats" name="test_get_stats_non_admin_blocked" time="0.046" /><testcase classname="backend.tests.test_iter67_auto_dispatch.TestAutoDispatchLoop" name="test_pending_ride_escalates_to_tier_1" time="18.249" /><testcase classname="backend.tests.test_iter67_auto_dispatch.TestRegression" name="test_admin_stats_endpoint" time="0.053" /><testcase classname="backend.tests.test_iter67_auto_dispatch.TestRegression" name="test_admin_analytics_endpoint" time="0.053" /><testcase classname="backend.tests.test_iter67_auto_dispatch.TestRegression" name="test_auth_me_admin" time="0.048" /></testsuite></testsuites>