<?xml version="1.0" encoding="utf-8"?><testsuites name="pytest tests"><testsuite name="pytest" errors="0" failures="0" skipped="0" tests="12" time="2.586" timestamp="2026-06-15T21:22:06.882563+00:00" hostname="agent-env-3df6b203-1517-4eaf-bbe9-d5e02d251c6c"><testcase classname="tests.test_iter539_broadcast_http" name="test_list_shape_audiences_zones_presets" time="0.944" /><testcase classname="tests.test_iter539_broadcast_http" name="test_preview_driver_offline" time="0.055" /><testcase classname="tests.test_iter539_broadcast_http" name="test_preview_client_inactive_7_ge_30" time="0.120" /><testcase classname="tests.test_iter539_broadcast_http" name="test_preview_driver_zone_with_valid_zone" time="0.063" /><testcase classname="tests.test_iter539_broadcast_http" name="test_preview_client_inactive_zone" time="0.565" /><testcase classname="tests.test_iter539_broadcast_http" name="test_create_driver_zone_without_zone_id_400" time="0.050" /><testcase classname="tests.test_iter539_broadcast_http" name="test_create_client_inactive_zone_without_zone_id_400" time="0.049" /><testcase classname="tests.test_iter539_broadcast_http" name="test_create_driver_zone_with_valid_zone_persists" time="0.127" /><testcase classname="tests.test_iter539_broadcast_http" name="test_schedule_future_status_scheduled" time="0.110" /><testcase classname="tests.test_iter539_broadcast_http" name="test_schedule_past_status_draft" time="0.113" /><testcase classname="tests.test_iter539_broadcast_http" name="test_put_updates_schedule_and_targeting" time="0.177" /><testcase classname="tests.test_iter539_broadcast_http" name="test_create_client_inactive_persists_inactive_days" time="0.108" /></testsuite></testsuites>