<?xml version="1.0" encoding="utf-8"?><testsuites name="pytest tests"><testsuite name="pytest" errors="0" failures="0" skipped="0" tests="3" time="2.147" timestamp="2026-06-12T10:34:37.929883+00:00" hostname="agent-env-3df6b203-1517-4eaf-bbe9-d5e02d251c6c"><testcase classname="tests.test_iter314_admin_crm" name="test_driver_fleet_rule_and_lifecycle" time="0.785" /><testcase classname="tests.test_iter314_admin_crm" name="test_particulier_no_company_required" time="0.547" /><testcase classname="tests.test_iter314_admin_crm" name="test_merchant_create_and_delete" time="0.736" /></testsuite></testsuites>