<?xml version="1.0" encoding="utf-8"?><testsuites name="pytest tests"><testsuite name="pytest" errors="0" failures="0" skipped="0" tests="6" time="3.225" timestamp="2026-06-09T10:10:33.529164+00:00" hostname="agent-env-3df6b203-1517-4eaf-bbe9-d5e02d251c6c"><testcase classname="tests.test_iter203_ride_conversations_and_noncash" name="test_ride_conversations_list_and_filters" time="2.210" /><testcase classname="tests.test_iter203_ride_conversations_and_noncash" name="test_ride_conversation_thread_returns_messages" time="0.349" /><testcase classname="tests.test_iter203_ride_conversations_and_noncash" name="test_ride_conversations_role_gating" time="0.095" /><testcase classname="tests.test_iter203_ride_conversations_and_noncash" name="test_wallet_cancellation_increments_noncash_counter" time="0.283" /><testcase classname="tests.test_iter203_ride_conversations_and_noncash" name="test_dispatch_overview_exposes_no_driver_alerts" time="0.059" /><testcase classname="tests.test_iter203_ride_conversations_and_noncash" name="test_driver_behavior_table_lists_noncash_signal" time="0.058" /></testsuite></testsuites>