<?xml version="1.0" encoding="utf-8"?><testsuites name="pytest tests"><testsuite name="pytest" errors="0" failures="0" skipped="0" tests="12" time="5.193" timestamp="2026-06-01T18:28:03.992186+00:00" hostname="agent-env-71749278-54a7-4bc5-89dd-d46ccdb76e63"><testcase classname="backend.tests.test_iter76_admin_users" name="test_create_user_success_and_wallet" time="0.862" /><testcase classname="backend.tests.test_iter76_admin_users" name="test_create_user_missing_fields_400" time="0.056" /><testcase classname="backend.tests.test_iter76_admin_users" name="test_create_user_duplicate_email_400" time="0.372" /><testcase classname="backend.tests.test_iter76_admin_users" name="test_create_user_duplicate_phone_400" time="0.378" /><testcase classname="backend.tests.test_iter76_admin_users" name="test_get_user_404" time="0.052" /><testcase classname="backend.tests.test_iter76_admin_users" name="test_update_user_partial_and_persistence" time="0.430" /><testcase classname="backend.tests.test_iter76_admin_users" name="test_update_user_password_relogin" time="0.972" /><testcase classname="backend.tests.test_iter76_admin_users" name="test_update_user_email_collision_400" time="0.724" /><testcase classname="backend.tests.test_iter76_admin_users" name="test_update_user_phone_collision_400" time="0.701" /><testcase classname="backend.tests.test_iter76_admin_users" name="test_update_user_404" time="0.049" /><testcase classname="backend.tests.test_iter76_admin_users" name="test_delete_user_removes_wallet" time="0.379" /><testcase classname="backend.tests.test_iter76_admin_users" name="test_delete_admin_blocked_400" time="0.109" /></testsuite></testsuites>