<?xml version="1.0" encoding="utf-8"?><testsuites name="pytest tests"><testsuite name="pytest" errors="0" failures="0" skipped="0" tests="4" time="0.444" timestamp="2026-06-12T20:40:24.126255+00:00" hostname="agent-env-3df6b203-1517-4eaf-bbe9-d5e02d251c6c"><testcase classname="tests.test_iter338_carpool" name="test_escrow_book_and_complete" time="0.016" /><testcase classname="tests.test_iter338_carpool" name="test_insufficient_balance_rolls_back_seats" time="0.005" /><testcase classname="tests.test_iter338_carpool" name="test_passenger_cancel_refunds" time="0.013" /><testcase classname="tests.test_iter338_carpool" name="test_cannot_book_own_ride" time="0.002" /></testsuite></testsuites>