<?xml version="1.0" encoding="utf-8"?><testsuites name="pytest tests"><testsuite name="pytest" errors="0" failures="0" skipped="0" tests="23" time="3.706" timestamp="2026-06-05T09:07:04.950328+00:00" hostname="agent-env-4f3f549a-b73e-477b-ae8e-7aabbfcc6d16"><testcase classname="backend.tests.test_iter117_admin_crud_v3cube" name="test_crud_list_returns_200[weather_surcharge]" time="0.467" /><testcase classname="backend.tests.test_iter117_admin_crud_v3cube" name="test_crud_list_returns_200[personal_driver]" time="0.053" /><testcase classname="backend.tests.test_iter117_admin_crud_v3cube" name="test_crud_list_returns_200[auto_promotions]" time="0.047" /><testcase classname="backend.tests.test_iter117_admin_crud_v3cube" name="test_crud_list_returns_200[vouchers]" time="0.047" /><testcase classname="backend.tests.test_iter117_admin_crud_v3cube" name="test_crud_list_returns_200[faqs]" time="0.046" /><testcase classname="backend.tests.test_iter117_admin_crud_v3cube" name="test_crud_list_returns_200[help_articles]" time="0.048" /><testcase classname="backend.tests.test_iter117_admin_crud_v3cube" name="test_crud_list_returns_200[donations]" time="0.050" /><testcase classname="backend.tests.test_iter117_admin_crud_v3cube" name="test_crud_full_cycle[weather_surcharge]" time="0.295" /><testcase classname="backend.tests.test_iter117_admin_crud_v3cube" name="test_crud_full_cycle[personal_driver]" time="0.316" /><testcase classname="backend.tests.test_iter117_admin_crud_v3cube" name="test_crud_full_cycle[auto_promotions]" time="0.309" /><testcase classname="backend.tests.test_iter117_admin_crud_v3cube" name="test_crud_full_cycle[vouchers]" time="0.280" /><testcase classname="backend.tests.test_iter117_admin_crud_v3cube" name="test_crud_full_cycle[faqs]" time="0.291" /><testcase classname="backend.tests.test_iter117_admin_crud_v3cube" name="test_crud_full_cycle[help_articles]" time="0.296" /><testcase classname="backend.tests.test_iter117_admin_crud_v3cube" name="test_crud_full_cycle[donations]" time="0.296" /><testcase classname="backend.tests.test_iter117_admin_crud_v3cube" name="test_service_config_get[currency]" time="0.070" /><testcase classname="backend.tests.test_iter117_admin_crud_v3cube" name="test_service_config_get[language]" time="0.048" /><testcase classname="backend.tests.test_iter117_admin_crud_v3cube" name="test_service_config_get[seo]" time="0.048" /><testcase classname="backend.tests.test_iter117_admin_crud_v3cube" name="test_service_config_get[maps-api]" time="0.050" /><testcase classname="backend.tests.test_iter117_admin_crud_v3cube" name="test_service_config_put_persists[currency]" time="0.145" /><testcase classname="backend.tests.test_iter117_admin_crud_v3cube" name="test_service_config_put_persists[language]" time="0.096" /><testcase classname="backend.tests.test_iter117_admin_crud_v3cube" name="test_service_config_put_persists[seo]" time="0.159" /><testcase classname="backend.tests.test_iter117_admin_crud_v3cube" name="test_service_config_put_persists[maps-api]" time="0.096" /><testcase classname="backend.tests.test_iter117_admin_crud_v3cube" name="test_crud_unknown_collection_rejected" time="0.048" /></testsuite></testsuites>