<?xml version="1.0" encoding="utf-8"?><testsuites name="pytest tests"><testsuite name="pytest" errors="0" failures="0" skipped="0" tests="16" time="2.636" timestamp="2026-06-13T16:56:40.917846+00:00" hostname="agent-env-3df6b203-1517-4eaf-bbe9-d5e02d251c6c"><testcase classname="tests.test_iter366_delivery" name="test_store_categories_public_returns_12" time="0.128" /><testcase classname="tests.test_iter366_delivery" name="test_store_categories_paths_and_age" time="0.091" /><testcase classname="tests.test_iter366_delivery" name="test_merchants_by_store_type[restaurant]" time="0.082" /><testcase classname="tests.test_iter366_delivery" name="test_merchants_by_store_type[grocery]" time="0.088" /><testcase classname="tests.test_iter366_delivery" name="test_merchants_by_store_type[florist]" time="0.077" /><testcase classname="tests.test_iter366_delivery" name="test_merchants_by_store_type[stationery]" time="0.128" /><testcase classname="tests.test_iter366_delivery" name="test_merchants_by_store_type[wine]" time="0.129" /><testcase classname="tests.test_iter366_delivery" name="test_merchants_by_store_type[construction]" time="0.081" /><testcase classname="tests.test_iter366_delivery" name="test_merchants_pharmacy_endpoint" time="0.155" /><testcase classname="tests.test_iter366_delivery" name="test_parcel_estimate" time="0.419" /><testcase classname="tests.test_iter366_delivery" name="test_user_wallet_balance" time="0.103" /><testcase classname="tests.test_iter366_delivery" name="test_admin_list_store_categories" time="0.401" /><testcase classname="tests.test_iter366_delivery" name="test_admin_store_categories_requires_admin" time="0.084" /><testcase classname="tests.test_iter366_delivery" name="test_admin_store_categories_anon_blocked" time="0.089" /><testcase classname="tests.test_iter366_delivery" name="test_admin_toggle_store_category" time="0.172" /><testcase classname="tests.test_iter366_delivery" name="test_phase2_runner_service_types" time="0.294" /></testsuite></testsuites>