<?xml version="1.0" encoding="utf-8"?><testsuites name="pytest tests"><testsuite name="pytest" errors="0" failures="0" skipped="0" tests="8" time="4.718" timestamp="2026-05-12T03:59:21.220746+00:00" hostname="agent-env-71749278-54a7-4bc5-89dd-d46ccdb76e63"><testcase classname="backend.tests.test_iter62_live_rides_sbpaygo.TestAdminLiveRides" name="test_admin_can_get_live_rides" time="0.425" /><testcase classname="backend.tests.test_iter62_live_rides_sbpaygo.TestAdminLiveRides" name="test_live_rides_status_subset" time="0.105" /><testcase classname="backend.tests.test_iter62_live_rides_sbpaygo.TestAdminLiveRides" name="test_live_rides_shape_has_required_fields" time="0.087" /><testcase classname="backend.tests.test_iter62_live_rides_sbpaygo.TestAdminLiveRides" name="test_non_admin_forbidden" time="0.436" /><testcase classname="backend.tests.test_iter62_live_rides_sbpaygo.TestChangePassword" name="test_short_new_password_rejected" time="0.050" /><testcase classname="backend.tests.test_iter62_live_rides_sbpaygo.TestChangePassword" name="test_wrong_current_rejected" time="0.277" /><testcase classname="backend.tests.test_iter62_live_rides_sbpaygo.TestChangePassword" name="test_change_and_revert" time="2.269" /><testcase classname="backend.tests.test_iter62_live_rides_sbpaygo.TestSbPayGoAutoDebit" name="test_full_sbpaygo_flow" time="0.973" /></testsuite></testsuites>