<?xml version="1.0" encoding="utf-8"?><testsuites name="pytest tests"><testsuite name="pytest" errors="0" failures="0" skipped="0" tests="7" time="3.652" timestamp="2026-06-04T01:05:56.268903+00:00" hostname="agent-env-4f3f549a-b73e-477b-ae8e-7aabbfcc6d16"><testcase classname="backend.tests.test_iter97_pricing_taxi_delivery" name="test_surge_manual_multiplier_applied" time="1.215" /><testcase classname="backend.tests.test_iter97_pricing_taxi_delivery" name="test_weather_flat_surcharge_applied" time="0.409" /><testcase classname="backend.tests.test_iter97_pricing_taxi_delivery" name="test_disable_surge_and_weather" time="0.347" /><testcase classname="backend.tests.test_iter97_pricing_taxi_delivery" name="test_public_taxi_options_shape" time="0.091" /><testcase classname="backend.tests.test_iter97_pricing_taxi_delivery" name="test_taxi_configs_admin_crud" time="0.597" /><testcase classname="backend.tests.test_iter97_pricing_taxi_delivery" name="test_delivery_monthly_shape" time="0.096" /><testcase classname="backend.tests.test_iter97_pricing_taxi_delivery" name="test_zz_reset_all_defaults" time="0.784" /></testsuite></testsuites>