<?xml version="1.0" encoding="utf-8"?><testsuites name="pytest tests"><testsuite name="pytest" errors="0" failures="0" skipped="0" tests="3" time="4.646" timestamp="2026-06-09T02:29:19.781093+00:00" hostname="agent-env-3df6b203-1517-4eaf-bbe9-d5e02d251c6c"><testcase classname="tests.test_iter189_nextjob.TestRideSearchConfigNextJob" name="test_defaults_present" time="0.147" /><testcase classname="tests.test_iter189_nextjob.TestRegressionFreeDriverAccept" name="test_free_driver_can_accept_pending_ride" time="1.786" /><testcase classname="tests.test_iter189_nextjob.TestNextJobAssignmentViaAccept" name="test_busy_driver_can_be_assigned_second_pending_ride" time="2.600" /></testsuite></testsuites>