<?xml version="1.0" encoding="utf-8"?><testsuites name="pytest tests"><testsuite name="pytest" errors="0" failures="0" skipped="0" tests="12" time="2.584" timestamp="2026-06-03T11:34:42.904990+00:00" hostname="agent-env-71749278-54a7-4bc5-89dd-d46ccdb76e63"><testcase classname="tests.test_iter83_pack_a_taxi.TestScheduledList" name="test_scheduled_list_requires_auth" time="0.225" /><testcase classname="tests.test_iter83_pack_a_taxi.TestScheduledList" name="test_scheduled_list_authed" time="0.461" /><testcase classname="tests.test_iter83_pack_a_taxi.TestRentalPackages" name="test_default_packages" time="0.110" /><testcase classname="tests.test_iter83_pack_a_taxi.TestAirportMultipliers" name="test_default_config" time="0.130" /><testcase classname="tests.test_iter83_pack_a_taxi.TestRideCreatePackA" name="test_scheduled_ride_persists" time="0.217" /><testcase classname="tests.test_iter83_pack_a_taxi.TestRideCreatePackA" name="test_airport_ride_persists" time="0.219" /><testcase classname="tests.test_iter83_pack_a_taxi.TestRideCreatePackA" name="test_rental_ride_persists" time="0.179" /><testcase classname="tests.test_iter83_pack_a_taxi.TestRideCreatePackA" name="test_buddy_ride_persists" time="0.174" /><testcase classname="tests.test_iter83_pack_a_taxi.TestRideCreatePackA" name="test_corporate_ride_persists" time="0.171" /><testcase classname="tests.test_iter83_pack_a_taxi.TestReschedule" name="test_reschedule_pending_ride" time="0.252" /><testcase classname="tests.test_iter83_pack_a_taxi.TestReschedule" name="test_reschedule_missing_field_400" time="0.177" /><testcase classname="tests.test_iter83_pack_a_taxi.TestReschedule" name="test_scheduled_list_includes_new_ride" time="0.168" /></testsuite></testsuites>