<?xml version="1.0" encoding="utf-8"?><testsuites name="pytest tests"><testsuite name="pytest" errors="0" failures="1" skipped="0" tests="8" time="4.234" timestamp="2026-06-11T16:09:45.538286+00:00" hostname="agent-env-3df6b203-1517-4eaf-bbe9-d5e02d251c6c"><testcase classname="tests.test_iter269_icon_coherence" name="test_uploads_image_returns_relative_url" time="0.795" /><testcase classname="tests.test_iter269_icon_coherence" name="test_service_categories_expose_icon_field" time="0.186" /><testcase classname="tests.test_iter269_icon_coherence" name="test_admin_set_service_category_icon_propagates_to_client" time="0.783" /><testcase classname="tests.test_iter269_icon_coherence" name="test_store_categories_expose_icon_for_client" time="0.158" /><testcase classname="tests.test_iter269_icon_coherence" name="test_ondemand_categories_endpoint_alive" time="0.096"><failure message="AssertionError: ondemand-categories status 404: {&quot;detail&quot;:&quot;Not Found&quot;}&#10;assert 404 == 200&#10; +  where 404 = &lt;Response [404]&gt;.status_code">backend/tests/test_iter269_icon_coherence.py:93: in test_ondemand_categories_endpoint_alive
    assert r.status_code == 200, f"ondemand-categories status {r.status_code}: {r.text[:200]}"
E   AssertionError: ondemand-categories status 404: {"detail":"Not Found"}
E   assert 404 == 200
E    +  where 404 = &lt;Response [404]&gt;.status_code</failure></testcase><testcase classname="tests.test_iter269_icon_coherence" name="test_client_login_works" time="0.382" /><testcase classname="tests.test_iter267_image_persistence" name="test_home_category_image_upload_persists_and_propagates" time="1.009" /><testcase classname="tests.test_iter268_store_category_icon" name="test_store_category_icon_upload_persists_and_exposed" time="0.695" /></testsuite></testsuites>