<?xml version="1.0" encoding="utf-8"?><testsuites name="pytest tests"><testsuite name="pytest" errors="0" failures="0" skipped="0" tests="7" time="5.882" timestamp="2026-06-11T10:36:03.572508+00:00" hostname="agent-env-3df6b203-1517-4eaf-bbe9-d5e02d251c6c"><testcase classname="tests.test_iter254_zones_e2e.TestAdminZonesCRUD" name="test_create_list_update_delete" time="0.668" /><testcase classname="tests.test_iter254_zones_e2e.TestAdminZonesCRUD" name="test_invalid_type_400" time="0.368" /><testcase classname="tests.test_iter254_zones_e2e.TestAdminZonesCRUD" name="test_non_admin_guard" time="0.825" /><testcase classname="tests.test_iter254_zones_e2e.TestNearbyZones" name="test_nearby_sorted_by_distance" time="0.937" /><testcase classname="tests.test_iter254_zones_e2e.TestCampusDiscountQuote" name="test_quote_campus_25" time="0.857" /><testcase classname="tests.test_iter254_zones_e2e.TestCampusShare" name="test_share_full_flow" time="1.698" /><testcase classname="tests.test_iter254_zones_e2e.TestCampusShare" name="test_share_requires_verified" time="0.432" /></testsuite></testsuites>