<?xml version="1.0" encoding="utf-8"?><testsuites name="pytest tests"><testsuite name="pytest" errors="0" failures="1" skipped="0" tests="9" time="4.209" timestamp="2026-06-09T08:50:40.184393+00:00" hostname="agent-env-3df6b203-1517-4eaf-bbe9-d5e02d251c6c"><testcase classname="tests.test_iter199_uploads" name="test_upload_requires_auth" time="0.228" /><testcase classname="tests.test_iter199_uploads" name="test_upload_rejects_non_image" time="0.392" /><testcase classname="tests.test_iter199_uploads" name="test_upload_rejects_too_large" time="0.539" /><testcase classname="tests.test_iter199_uploads" name="test_upload_and_public_serve" time="0.579" /><testcase classname="tests.test_iter199_uploads" name="test_merchant_persist_image_and_gallery" time="0.958" /><testcase classname="tests.test_iter199_uploads" name="test_merchant_gallery_capped_at_12" time="0.047" /><testcase classname="tests.test_iter199_uploads" name="test_admin_update_merchant_image" time="0.673" /><testcase classname="tests.test_iter199_uploads" name="test_admin_update_provider_photo_and_gallery" time="0.556" /><testcase classname="tests.test_iter199_uploads" name="test_livechat_still_works" time="0.102"><failure message="AssertionError: {&quot;detail&quot;:&quot;Not Found&quot;}&#10;assert 404 == 200&#10; +  where 404 = &lt;Response [404]&gt;.status_code">backend/tests/test_iter199_uploads.py:196: in test_livechat_still_works
    assert r.status_code == 200, r.text
E   AssertionError: {"detail":"Not Found"}
E   assert 404 == 200
E    +  where 404 = &lt;Response [404]&gt;.status_code</failure></testcase></testsuite></testsuites>