<?xml version="1.0" encoding="utf-8"?><testsuites name="pytest tests"><testsuite name="pytest" errors="0" failures="1" skipped="0" tests="9" time="3.193" timestamp="2026-05-12T05:00:09.200488+00:00" hostname="agent-env-71749278-54a7-4bc5-89dd-d46ccdb76e63"><testcase classname="backend.tests.test_iter69_score_history.TestScoreHistory" name="test_score_history_endpoint_returns_full_shape" time="0.514" /><testcase classname="backend.tests.test_iter69_score_history.TestScoreHistory" name="test_score_history_history_entries_have_delta_and_at" time="0.415" /><testcase classname="backend.tests.test_iter69_score_history.TestScoreHistory" name="test_score_history_requires_auth" time="0.124" /><testcase classname="backend.tests.test_iter69_score_history.TestRegressionDriverEndpoints" name="test_my_activity_works" time="0.362" /><testcase classname="backend.tests.test_iter69_score_history.TestRegressionDriverEndpoints" name="test_my_stats_works" time="0.426" /><testcase classname="backend.tests.test_iter69_score_history.TestRegressionDriverEndpoints" name="test_top_drivers_public" time="0.120" /><testcase classname="backend.tests.test_iter69_score_history.TestRegressionDriverEndpoints" name="test_profile_works" time="0.365"><failure message="assert 500 == 200&#10; +  where 500 = &lt;Response [500]&gt;.status_code">backend/tests/test_iter69_score_history.py:119: in test_profile_works
    assert r.status_code == 200
E   assert 500 == 200
E    +  where 500 = &lt;Response [500]&gt;.status_code</failure></testcase><testcase classname="backend.tests.test_iter69_score_history.TestRegressionUserAuth" name="test_user_login_works" time="0.359" /><testcase classname="backend.tests.test_iter69_score_history.TestRegressionUserAuth" name="test_user_rides_list" time="0.378" /></testsuite></testsuites>