<?xml version="1.0" encoding="utf-8"?><testsuites name="pytest tests"><testsuite name="pytest" errors="0" failures="0" skipped="0" tests="16" time="4.160" timestamp="2026-06-04T01:42:06.014514+00:00" hostname="agent-env-4f3f549a-b73e-477b-ae8e-7aabbfcc6d16"><testcase classname="backend.tests.test_iter98_surge_weather" name="test_01_create_surge_location" time="0.785" /><testcase classname="backend.tests.test_iter98_surge_weather" name="test_02_list_surge_locations_contains_test_zone" time="0.112" /><testcase classname="backend.tests.test_iter98_surge_weather" name="test_03_create_surge_rule_active" time="0.093" /><testcase classname="backend.tests.test_iter98_surge_weather" name="test_04_list_surge_summary_fields" time="0.091" /><testcase classname="backend.tests.test_iter98_surge_weather" name="test_05_estimate_no_demand_returns_1" time="0.161" /><testcase classname="backend.tests.test_iter98_surge_weather" name="test_06_create_3_pending_rides_then_estimate_x1_5" time="0.998" /><testcase classname="backend.tests.test_iter98_surge_weather" name="test_07_admin_heatmap_has_points_and_zones" time="0.110" /><testcase classname="backend.tests.test_iter98_surge_weather" name="test_08_public_heatmap_matches" time="0.119" /><testcase classname="backend.tests.test_iter98_surge_weather" name="test_09_update_surge_rule" time="0.096" /><testcase classname="backend.tests.test_iter98_surge_weather" name="test_10_toggle_surge_rule_inactive_then_estimate_1" time="0.191" /><testcase classname="backend.tests.test_iter98_surge_weather" name="test_11_weather_conditions_list" time="0.120" /><testcase classname="backend.tests.test_iter98_surge_weather" name="test_12_weather_create" time="0.091" /><testcase classname="backend.tests.test_iter98_surge_weather" name="test_13_weather_list_update_toggle" time="0.312" /><testcase classname="backend.tests.test_iter98_surge_weather" name="test_14_weather_current_endpoint_does_not_crash" time="0.239" /><testcase classname="backend.tests.test_iter98_surge_weather" name="test_15_weather_delete" time="0.091" /><testcase classname="backend.tests.test_iter98_surge_weather" name="test_16_surge_delete" time="0.429" /></testsuite></testsuites>