<?xml version="1.0" encoding="utf-8"?><testsuites name="pytest tests"><testsuite name="pytest" errors="0" failures="0" skipped="0" tests="49" time="13.491" timestamp="2026-06-14T15:53:39.098097+00:00" hostname="agent-env-3df6b203-1517-4eaf-bbe9-d5e02d251c6c"><testcase classname="tests.test_medical_marketplace" name="test_medical_config" time="0.527" /><testcase classname="tests.test_medical_marketplace" name="test_medical_providers_seed" time="0.085" /><testcase classname="tests.test_medical_marketplace" name="test_medical_next_slots" time="0.178" /><testcase classname="tests.test_medical_marketplace" name="test_consultation_booking_generates_video_room" time="0.611" /><testcase classname="tests.test_medical_marketplace" name="test_infirmier_booking_no_video_room" time="0.281" /><testcase classname="tests.test_medical_marketplace" name="test_sbpay_debit_and_refund_on_cancel" time="0.398" /><testcase classname="tests.test_medical_marketplace" name="test_my_bookings_endpoint" time="0.050" /><testcase classname="tests.test_medical_marketplace" name="test_beauty_config_still_works" time="0.088" /><testcase classname="tests.test_medical_marketplace" name="test_trades_config_still_works" time="0.087" /><testcase classname="tests.test_iter_phase3d_ambulance" name="test_emergency_types_public" time="0.080" /><testcase classname="tests.test_iter_phase3d_ambulance" name="test_create_requires_position" time="0.361" /><testcase classname="tests.test_iter_phase3d_ambulance" name="test_create_invalid_type" time="0.360" /><testcase classname="tests.test_iter_phase3d_ambulance" name="test_create_searching_then_fallback" time="0.410" /><testcase classname="tests.test_iter_phase3d_ambulance" name="test_operator_kyc_and_real_marketplace_flow" time="1.630" /><testcase classname="tests.test_iter_phase3d_ambulance" name="test_ownership_isolation" time="0.807" /><testcase classname="tests.test_iter_rx_from_booking" name="test_prescription_from_consultation_booking" time="1.004" /><testcase classname="tests.test_iter_rx_from_booking" name="test_non_practitioner_cannot_issue" time="0.378" /><testcase classname="tests.test_iter_rx_from_booking" name="test_prescription_with_lab_analyses_bridge" time="0.997" /><testcase classname="tests.test_iter_phase3c_lab" name="test_catalog_public" time="0.081" /><testcase classname="tests.test_iter_phase3c_lab" name="test_lab_provider_status" time="0.353" /><testcase classname="tests.test_iter_phase3c_lab" name="test_patient_not_lab" time="0.355" /><testcase classname="tests.test_iter_phase3c_lab" name="test_lab_feed_only_for_lab" time="0.046" /><testcase classname="tests.test_iter_phase3c_lab" name="test_order_requires_analyses" time="0.050" /><testcase classname="tests.test_iter_phase3c_lab" name="test_order_requires_date" time="0.056" /><testcase classname="tests.test_iter_phase3c_lab" name="test_e2e_01_patient_creates_order" time="0.074" /><testcase classname="tests.test_iter_phase3c_lab" name="test_e2e_02_order_in_lab_feed" time="0.046" /><testcase classname="tests.test_iter_phase3c_lab" name="test_e2e_03_lab_accepts" time="0.048" /><testcase classname="tests.test_iter_phase3c_lab" name="test_e2e_04_lab_uploads_results" time="0.061" /><testcase classname="tests.test_iter_phase3c_lab" name="test_e2e_05_patient_downloads_pdf" time="0.051" /><testcase classname="tests.test_iter_phase3c_lab" name="test_e2e_06_orders_list_history" time="0.049" /><testcase classname="tests.test_iter_phase3c_lab" name="test_cancel_refund" time="0.151" /><testcase classname="tests.test_iter_phase3c_lab" name="test_admin_lab_providers" time="0.361" /><testcase classname="tests.test_iter_phase3c_lab" name="test_nonreg_medical_config" time="0.106" /><testcase classname="tests.test_iter_phase3c_lab" name="test_nonreg_beauty_config" time="0.114" /><testcase classname="tests.test_iter_phase3c_lab" name="test_nonreg_trades_config" time="0.080" /><testcase classname="tests.test_iter404_lab_share" name="test_share_unknown_email_returns_404" time="0.394" /><testcase classname="tests.test_iter404_lab_share" name="test_share_valid_practitioner_succeeds" time="0.411" /><testcase classname="tests.test_iter404_lab_share" name="test_share_missing_email_returns_400" time="0.435" /><testcase classname="tests.test_iter_phase3b_medical_rx" name="test_patient_status_not_registered" time="0.356" /><testcase classname="tests.test_iter_phase3b_medical_rx" name="test_prac_status_approved" time="0.360" /><testcase classname="tests.test_iter_phase3b_medical_rx" name="test_medical_categories_count" time="0.052" /><testcase classname="tests.test_iter_phase3b_medical_rx" name="test_unapproved_user_cannot_issue" time="0.046" /><testcase classname="tests.test_iter_phase3b_medical_rx" name="test_practitioner_issued_list_contains" time="0.099" /><testcase classname="tests.test_iter_phase3b_medical_rx" name="test_patient_inbox_contains" time="0.048" /><testcase classname="tests.test_iter_phase3b_medical_rx" name="test_pdf_download" time="0.056" /><testcase classname="tests.test_iter_phase3b_medical_rx" name="test_admin_medical_list" time="0.364" /><testcase classname="tests.test_iter_phase3b_medical_rx" name="test_beauty_vertical_reachable" time="0.079" /><testcase classname="tests.test_iter_phase3b_medical_rx" name="test_metiers_vertical_reachable" time="0.081" /><testcase classname="tests.test_iter_phase3b_medical_rx" name="test_medical_vertical_config" time="0.077" /></testsuite></testsuites>