<?xml version="1.0" encoding="utf-8"?><testsuites name="pytest tests"><testsuite name="pytest" errors="0" failures="1" skipped="0" tests="6" time="1.379" timestamp="2026-05-12T02:24:42.585607+00:00" hostname="agent-env-71749278-54a7-4bc5-89dd-d46ccdb76e63"><testcase classname="backend.tests.test_iter61_phase2" name="test_heatmap_as_driver_200" time="0.549" /><testcase classname="backend.tests.test_iter61_phase2" name="test_heatmap_as_user_403" time="0.395" /><testcase classname="backend.tests.test_iter61_phase2" name="test_airport_flat_quote_endpoint_used_by_frontend" time="0.047"><failure message="AssertionError: airport-flat-quote 404 {&quot;detail&quot;:&quot;Not Found&quot;}&#10;assert 404 == 200&#10; +  where 404 = &lt;Response [404]&gt;.status_code">backend/tests/test_iter61_phase2.py:55: in test_airport_flat_quote_endpoint_used_by_frontend
    assert r.status_code == 200, f"airport-flat-quote {r.status_code} {r.text[:200]}"
E   AssertionError: airport-flat-quote 404 {"detail":"Not Found"}
E   assert 404 == 200
E    +  where 404 = &lt;Response [404]&gt;.status_code</failure></testcase><testcase classname="backend.tests.test_iter61_phase2" name="test_pricing_quote_alias" time="0.056" /><testcase classname="backend.tests.test_iter61_phase2" name="test_tip_invalid_amount" time="0.127" /><testcase classname="backend.tests.test_iter61_phase2" name="test_waybill_shape" time="0.104" /></testsuite></testsuites>