<?xml version="1.0" encoding="utf-8"?><testsuites name="pytest tests"><testsuite name="pytest" errors="0" failures="0" skipped="1" tests="6" time="2.282" timestamp="2026-06-14T09:28:58.534987+00:00" hostname="agent-env-3df6b203-1517-4eaf-bbe9-d5e02d251c6c"><testcase classname="tests.test_iter395_pet_care" name="test_services_catalog" time="0.599" /><testcase classname="tests.test_iter395_pet_care" name="test_providers_filtered" time="0.103" /><testcase classname="tests.test_iter395_pet_care" name="test_pets_crud" time="0.668" /><testcase classname="tests.test_iter395_pet_care" name="test_estimate_onsite_and_home" time="0.125" /><testcase classname="tests.test_iter395_pet_care" name="test_booking_validations_and_wallet_flow" time="0.552" /><testcase classname="tests.test_iter395_pet_care" name="test_insufficient_balance" time="0.134"><skipped type="pytest.skip" message="Cannot determine balance or already low">/app/backend/tests/test_iter395_pet_care.py:179: Cannot determine balance or already low</skipped></testcase></testsuite></testsuites>