<?xml version="1.0" encoding="utf-8"?><testsuites name="pytest tests"><testsuite name="pytest" errors="0" failures="0" skipped="0" tests="7" time="1.912" timestamp="2026-06-09T12:55:28.184526+00:00" hostname="agent-env-3df6b203-1517-4eaf-bbe9-d5e02d251c6c"><testcase classname="tests.test_iter207_admin_driver_service_types.TestAdminSetDriverServiceTypes" name="test_set_courier_only" time="1.217" /><testcase classname="tests.test_iter207_admin_driver_service_types.TestAdminSetDriverServiceTypes" name="test_enable_taxi_sets_taxi_mode_car" time="0.064" /><testcase classname="tests.test_iter207_admin_driver_service_types.TestAdminSetDriverServiceTypes" name="test_empty_service_types_400" time="0.058" /><testcase classname="tests.test_iter207_admin_driver_service_types.TestAdminSetDriverServiceTypes" name="test_unknown_driver_404" time="0.056" /><testcase classname="tests.test_iter207_admin_driver_service_types.TestAdminSetDriverServiceTypes" name="test_invalid_values_filtered_then_400" time="0.057" /><testcase classname="tests.test_iter207_admin_driver_service_types.TestHomeFeedScheduledPending" name="test_home_feed_has_scheduled_pending_when_taxi" time="0.142" /><testcase classname="tests.test_iter207_admin_driver_service_types.TestHomeFeedScheduledPending" name="test_home_feed_no_scheduled_pending_when_courier_only" time="0.184" /></testsuite></testsuites>