<?xml version="1.0" encoding="utf-8"?><testsuites name="pytest tests"><testsuite name="pytest" errors="0" failures="0" skipped="0" tests="7" time="3.254" timestamp="2026-06-12T08:32:22.246754+00:00" hostname="agent-env-3df6b203-1517-4eaf-bbe9-d5e02d251c6c"><testcase classname="tests.test_iter309_driver_payout_antifraud" name="test_insufficient_wallet_does_not_credit_driver_fare" time="0.503" /><testcase classname="tests.test_iter309_driver_payout_antifraud" name="test_fully_paid_wallet_ride_credits_driver_net_fare" time="0.371" /><testcase classname="tests.test_iter309_driver_payout_antifraud" name="test_cash_ride_does_not_credit_driver_wallet" time="0.472" /><testcase classname="tests.test_iter309_driver_payout_antifraud" name="test_withdrawable_excludes_cashback_and_p2p_transfer" time="0.537" /><testcase classname="tests.test_iter309_driver_payout_antifraud" name="test_withdraw_inactivity_block_for_dormant_driver" time="0.421" /><testcase classname="tests.test_iter309_driver_payout_antifraud" name="test_recent_active_driver_not_blocked_by_inactivity_rule" time="0.422" /><testcase classname="tests.test_iter309_driver_payout_antifraud" name="test_driver_report_returns_required_keys" time="0.396" /></testsuite></testsuites>