<?xml version="1.0" encoding="utf-8"?><testsuites name="pytest tests"><testsuite name="pytest" errors="0" failures="0" skipped="0" tests="7" time="2.047" timestamp="2026-06-08T03:55:00.420361+00:00" hostname="agent-env-3df6b203-1517-4eaf-bbe9-d5e02d251c6c"><testcase classname="tests.test_iter164_home_sections" name="test_public_home_categories_has_section_order" time="0.201" /><testcase classname="tests.test_iter164_home_sections" name="test_admin_list_sections_19" time="0.467" /><testcase classname="tests.test_iter164_home_sections" name="test_admin_list_unauthenticated_blocked" time="0.094" /><testcase classname="tests.test_iter164_home_sections" name="test_toggle_nearby_hides_then_shows" time="0.377" /><testcase classname="tests.test_iter164_home_sections" name="test_reorder_sections_persists_and_restore" time="0.594" /><testcase classname="tests.test_iter164_home_sections" name="test_toggle_unknown_key_404" time="0.118" /><testcase classname="tests.test_iter164_home_sections" name="test_final_state_default" time="0.108" /></testsuite></testsuites>