<?xml version="1.0" encoding="utf-8"?><testsuites name="pytest tests"><testsuite name="pytest" errors="0" failures="0" skipped="0" tests="13" time="2.734" timestamp="2026-06-14T01:48:21.711437+00:00" hostname="agent-env-3df6b203-1517-4eaf-bbe9-d5e02d251c6c"><testcase classname="tests.test_family_tracking" name="test_context" time="0.518" /><testcase classname="tests.test_family_tracking" name="test_seed_demo" time="0.053" /><testcase classname="tests.test_family_tracking" name="test_members_after_seed" time="0.050" /><testcase classname="tests.test_family_tracking" name="test_add_member_and_delete" time="0.193" /><testcase classname="tests.test_family_tracking" name="test_add_member_validation" time="0.046" /><testcase classname="tests.test_family_tracking" name="test_places_crud" time="0.201" /><testcase classname="tests.test_family_tracking" name="test_place_validation" time="0.046" /><testcase classname="tests.test_family_tracking" name="test_sos_creates_alert" time="0.143" /><testcase classname="tests.test_family_tracking" name="test_alerts_read_all" time="0.143" /><testcase classname="tests.test_family_tracking" name="test_join_invalid_code" time="0.053" /><testcase classname="tests.test_family_tracking" name="test_join_empty_code" time="0.049" /><testcase classname="tests.test_family_tracking" name="test_join_valid_code" time="1.031" /><testcase classname="tests.test_family_tracking" name="test_cleanup" time="0.104" /></testsuite></testsuites>