<?xml version="1.0" encoding="utf-8"?><testsuites name="pytest tests"><testsuite name="pytest" errors="0" failures="0" skipped="0" tests="9" time="4.009" timestamp="2026-06-01T19:09:33.015570+00:00" hostname="agent-env-71749278-54a7-4bc5-89dd-d46ccdb76e63"><testcase classname="tests.test_iter77_wallet_credit" name="test_credit_positive_amount_increases_balance" time="0.984" /><testcase classname="tests.test_iter77_wallet_credit" name="test_credit_multiple_credits_accumulate" time="0.489" /><testcase classname="tests.test_iter77_wallet_credit" name="test_debit_negative_amount_decreases_balance" time="0.517" /><testcase classname="tests.test_iter77_wallet_credit" name="test_credit_zero_amount_returns_400" time="0.424" /><testcase classname="tests.test_iter77_wallet_credit" name="test_credit_missing_amount_returns_400" time="0.413" /><testcase classname="tests.test_iter77_wallet_credit" name="test_credit_invalid_amount_returns_400" time="0.430" /><testcase classname="tests.test_iter77_wallet_credit" name="test_credit_user_not_found_404" time="0.056" /><testcase classname="tests.test_iter77_wallet_credit" name="test_credit_requires_admin_auth" time="0.091" /><testcase classname="tests.test_iter77_wallet_credit" name="test_smoke_e2e_credit_then_debit_flow" time="0.513" /></testsuite></testsuites>