<?xml version="1.0" encoding="utf-8"?><testsuites name="pytest tests"><testsuite name="pytest" errors="0" failures="0" skipped="0" tests="6" time="6.833" timestamp="2026-06-11T11:29:59.849432+00:00" hostname="agent-env-3df6b203-1517-4eaf-bbe9-d5e02d251c6c"><testcase classname="tests.test_iter257_student_marketplace_e2e" name="test_categories" time="0.390" /><testcase classname="tests.test_iter257_student_marketplace_e2e" name="test_create_listing_non_student_forbidden" time="0.365" /><testcase classname="tests.test_iter257_student_marketplace_e2e" name="test_create_listing_verified_ok" time="0.047" /><testcase classname="tests.test_iter257_student_marketplace_e2e" name="test_buy_flow_full" time="1.025" /><testcase classname="tests.test_iter257_student_marketplace_e2e" name="test_ai_suggest" time="3.001" /><testcase classname="tests.test_iter257_student_marketplace_e2e" name="test_ai_search_grounded" time="1.925" /></testsuite></testsuites>