<?xml version="1.0" encoding="utf-8"?><testsuites name="pytest tests"><testsuite name="pytest" errors="0" failures="0" skipped="0" tests="5" time="1.664" timestamp="2026-06-12T21:10:47.761871+00:00" hostname="agent-env-3df6b203-1517-4eaf-bbe9-d5e02d251c6c"><testcase classname="tests.test_iter340_carpool_admin_reviews" name="test_admin_get_config" time="0.492" /><testcase classname="tests.test_iter340_carpool_admin_reviews" name="test_admin_put_config_persists" time="0.265" /><testcase classname="tests.test_iter340_carpool_admin_reviews" name="test_admin_config_forbidden_for_non_admin" time="0.551" /><testcase classname="tests.test_iter340_carpool_admin_reviews" name="test_driver_reviews_super" time="0.172" /><testcase classname="tests.test_iter340_carpool_admin_reviews" name="test_driver_reviews_unknown_returns_empty" time="0.087" /></testsuite></testsuites>