<?xml version="1.0" encoding="utf-8"?><testsuites name="pytest tests"><testsuite name="pytest" errors="0" failures="0" skipped="0" tests="7" time="1.304" timestamp="2026-06-13T10:35:48.435462+00:00" hostname="agent-env-3df6b203-1517-4eaf-bbe9-d5e02d251c6c"><testcase classname="tests.test_iter350_gating_http" name="test_firebase_status_disabled" time="0.143" /><testcase classname="tests.test_iter350_gating_http" name="test_firebase_verify_phone_requires_auth" time="0.109" /><testcase classname="tests.test_iter350_gating_http" name="test_firebase_verify_phone_authed_but_disabled" time="0.416" /><testcase classname="tests.test_iter350_gating_http" name="test_firebase_login_disabled_returns_503" time="0.078" /><testcase classname="tests.test_iter350_gating_http" name="test_calls_status_requires_auth" time="0.082" /><testcase classname="tests.test_iter350_gating_http" name="test_admin_email_login" time="0.074" /><testcase classname="tests.test_iter350_gating_http" name="test_driver_phone_login" time="0.306" /></testsuite></testsuites>