<?xml version="1.0" encoding="utf-8"?><testsuites name="pytest tests"><testsuite name="pytest" errors="0" failures="1" skipped="0" tests="20" time="1.495" timestamp="2026-06-01T17:08:34.736586+00:00" hostname="agent-env-71749278-54a7-4bc5-89dd-d46ccdb76e63"><testcase classname="tests.test_iter72_phase2_ui" name="test_destination_mode_get_initial" time="0.283" /><testcase classname="tests.test_iter72_phase2_ui" name="test_destination_mode_enable_then_disable" time="0.178" /><testcase classname="tests.test_iter72_phase2_ui" name="test_destination_mode_forbids_non_driver" time="0.278" /><testcase classname="tests.test_iter72_phase2_ui" name="test_heatmap_driver_ok" time="0.004" /><testcase classname="tests.test_iter72_phase2_ui" name="test_heatmap_forbids_user" time="0.042" /><testcase classname="tests.test_iter72_phase2_ui" name="test_catalog_list[beauty_salons]" time="0.004" /><testcase classname="tests.test_iter72_phase2_ui" name="test_catalog_list[pet_providers]" time="0.003" /><testcase classname="tests.test_iter72_phase2_ui" name="test_catalog_list[car_services]" time="0.003" /><testcase classname="tests.test_iter72_phase2_ui" name="test_catalog_list[towing_partners]" time="0.003" /><testcase classname="tests.test_iter72_phase2_ui" name="test_catalog_list[nearby_businesses]" time="0.003" /><testcase classname="tests.test_iter72_phase2_ui" name="test_catalog_list[ondemand_services]" time="0.003" /><testcase classname="tests.test_iter72_phase2_ui" name="test_catalog_list[marketplace_listings]" time="0.003" /><testcase classname="tests.test_iter72_phase2_ui" name="test_catalog_list[carpool_trips]" time="0.003" /><testcase classname="tests.test_iter72_phase2_ui" name="test_catalog_list[bidding_posts]" time="0.002"><failure message="AssertionError: bidding_posts: 404 {&quot;detail&quot;:&quot;Catalog not found&quot;}&#10;assert 404 == 200&#10; +  where 404 = &lt;Response [404]&gt;.status_code">tests/test_iter72_phase2_ui.py:120: in test_catalog_list
    assert r.status_code == 200, f"{collection}: {r.status_code} {r.text[:200]}"
E   AssertionError: bidding_posts: 404 {"detail":"Catalog not found"}
E   assert 404 == 200
E    +  where 404 = &lt;Response [404]&gt;.status_code</failure></testcase><testcase classname="tests.test_iter72_phase2_ui" name="test_tip_requires_auth" time="0.002" /><testcase classname="tests.test_iter72_phase2_ui" name="test_tip_404_on_missing_ride" time="0.003" /><testcase classname="tests.test_iter72_phase2_ui" name="test_pool_enable_requires_auth" time="0.001" /><testcase classname="tests.test_iter72_phase2_ui" name="test_pool_enable_404_on_missing_ride" time="0.043" /><testcase classname="tests.test_iter72_phase2_ui" name="test_negotiation_gap_13_keys" time="0.277" /><testcase classname="tests.test_iter72_phase2_ui" name="test_phone_register_and_duplicate" time="0.241" /></testsuite></testsuites>