<?xml version="1.0" encoding="utf-8"?><testsuites name="pytest tests"><testsuite name="pytest" errors="0" failures="0" skipped="0" tests="65" time="9.290" timestamp="2026-06-01T18:05:50.522725+00:00" hostname="agent-env-71749278-54a7-4bc5-89dd-d46ccdb76e63"><testcase classname="tests.test_iter70_kiosk.TestAdminKiosk" name="test_create_requires_admin" time="0.243" /><testcase classname="tests.test_iter70_kiosk.TestAdminKiosk" name="test_create_kiosk" time="0.389" /><testcase classname="tests.test_iter70_kiosk.TestAdminKiosk" name="test_list_kiosks" time="0.053" /><testcase classname="tests.test_iter70_kiosk.TestAdminKiosk" name="test_update_kiosk" time="0.050" /><testcase classname="tests.test_iter70_kiosk.TestAdminKiosk" name="test_regenerate_token" time="0.052" /><testcase classname="tests.test_iter70_kiosk.TestAdminKiosk" name="test_create_invalid_pin" time="0.049" /><testcase classname="tests.test_iter70_kiosk.TestKioskPublic" name="test_unlock_correct_pin" time="0.089" /><testcase classname="tests.test_iter70_kiosk.TestKioskPublic" name="test_unlock_wrong_pin" time="0.087" /><testcase classname="tests.test_iter70_kiosk.TestKioskPublic" name="test_kiosk_info" time="0.091" /><testcase classname="tests.test_iter70_kiosk.TestKioskPublic" name="test_kiosk_info_invalid_token" time="0.102" /><testcase classname="tests.test_iter70_kiosk.TestKioskPublic" name="test_nearest_driver" time="0.100" /><testcase classname="tests.test_iter70_kiosk.TestKioskPublic" name="test_estimate" time="0.089" /><testcase classname="tests.test_iter70_kiosk.TestKioskPublic" name="test_estimate_van_pricing_diff" time="0.275" /><testcase classname="tests.test_iter70_kiosk.TestKioskPublic" name="test_book_creates_ride" time="0.086" /><testcase classname="tests.test_iter70_kiosk.TestKioskPublic" name="test_ride_status" time="0.090" /><testcase classname="tests.test_iter70_kiosk.TestKioskPublic" name="test_ride_status_unknown" time="0.151" /><testcase classname="tests.test_iter71_p0_refactor" name="test_admin_login" time="0.231" /><testcase classname="tests.test_iter71_p0_refactor" name="test_negotiation_gap_report_keys" time="0.277" /><testcase classname="tests.test_iter71_p0_refactor" name="test_phone_register_missing_password" time="0.002" /><testcase classname="tests.test_iter71_p0_refactor" name="test_phone_register_success_and_duplicate_and_normalize" time="0.237" /><testcase classname="tests.test_iter71_p0_refactor" name="test_phone_register_referral_credits_both_wallets" time="0.471" /><testcase classname="tests.test_iter71_p0_refactor" name="test_auto_dispatch_config" time="0.003" /><testcase classname="tests.test_iter71_p0_refactor" name="test_auto_dispatch_stats" time="0.044" /><testcase classname="tests.test_iter71_p0_refactor" name="test_otp_4_digit" time="0.234" /><testcase classname="tests.test_iter72_phase2_ui" name="test_destination_mode_get_initial" time="0.274" /><testcase classname="tests.test_iter72_phase2_ui" name="test_destination_mode_enable_then_disable" time="0.176" /><testcase classname="tests.test_iter72_phase2_ui" name="test_destination_mode_forbids_non_driver" time="0.273" /><testcase classname="tests.test_iter72_phase2_ui" name="test_heatmap_driver_ok" time="0.004" /><testcase classname="tests.test_iter72_phase2_ui" name="test_heatmap_forbids_user" time="0.045" /><testcase classname="tests.test_iter72_phase2_ui" name="test_catalog_list[beauty_salons]" time="0.004" /><testcase classname="tests.test_iter72_phase2_ui" name="test_catalog_list[pet_providers]" time="0.003" /><testcase classname="tests.test_iter72_phase2_ui" name="test_catalog_list[car_services]" time="0.003" /><testcase classname="tests.test_iter72_phase2_ui" name="test_catalog_list[towing_partners]" time="0.003" /><testcase classname="tests.test_iter72_phase2_ui" name="test_catalog_list[nearby_businesses]" time="0.003" /><testcase classname="tests.test_iter72_phase2_ui" name="test_catalog_list[ondemand_services]" time="0.003" /><testcase classname="tests.test_iter72_phase2_ui" name="test_catalog_list[marketplace_listings]" time="0.003" /><testcase classname="tests.test_iter72_phase2_ui" name="test_catalog_list[carpool_trips]" time="0.003" /><testcase classname="tests.test_iter72_phase2_ui" name="test_catalog_list[bidding_posts]" time="0.003" /><testcase classname="tests.test_iter72_phase2_ui" name="test_tip_requires_auth" time="0.002" /><testcase classname="tests.test_iter72_phase2_ui" name="test_tip_404_on_missing_ride" time="0.043" /><testcase classname="tests.test_iter72_phase2_ui" name="test_pool_enable_requires_auth" time="0.002" /><testcase classname="tests.test_iter72_phase2_ui" name="test_pool_enable_404_on_missing_ride" time="0.044" /><testcase classname="tests.test_iter72_phase2_ui" name="test_negotiation_gap_13_keys" time="0.276" /><testcase classname="tests.test_iter72_phase2_ui" name="test_phone_register_and_duplicate" time="0.233" /><testcase classname="tests.test_iter73_fixes" name="test_admin_email_login_works" time="0.230" /><testcase classname="tests.test_iter73_fixes" name="test_user_email_login_works" time="0.230" /><testcase classname="tests.test_iter73_fixes" name="test_invalid_email_login" time="0.004" /><testcase classname="tests.test_iter73_fixes" name="test_bidding_posts_catalog_200" time="0.003" /><testcase classname="tests.test_iter73_fixes" name="test_pool_enable_preserves_original_fare" time="0.452" /><testcase classname="tests.test_iter74_acl_admins.TestAclRolesSeed" name="test_seven_default_system_roles_present" time="0.425" /><testcase classname="tests.test_iter74_acl_admins.TestAclRolesSeed" name="test_system_roles_have_is_system_flag" time="0.000" /><testcase classname="tests.test_iter74_acl_admins.TestAclRolesSeed" name="test_permissions_registry_returns_items" time="0.093" /><testcase classname="tests.test_iter74_acl_admins.TestAclAdminsCrud" name="test_list_admins_returns_super_admin" time="0.090" /><testcase classname="tests.test_iter74_acl_admins.TestAclAdminsCrud" name="test_create_admin_success_and_login" time="0.820" /><testcase classname="tests.test_iter74_acl_admins.TestAclAdminsCrud" name="test_create_admin_duplicate_email_returns_400" time="0.092" /><testcase classname="tests.test_iter74_acl_admins.TestAclAdminsCrud" name="test_create_admin_invalid_role_returns_400" time="0.089" /><testcase classname="tests.test_iter74_acl_admins.TestAclAdminsCrud" name="test_update_admin_partial_fields" time="0.293" /><testcase classname="tests.test_iter74_acl_admins.TestAclAdminsCrud" name="test_update_admin_email_collision_returns_400" time="0.093" /><testcase classname="tests.test_iter74_acl_admins.TestAclAdminsCrud" name="test_update_admin_not_found_returns_404" time="0.097" /><testcase classname="tests.test_iter74_acl_admins.TestAclAdminsCrud" name="test_toggle_status_flips_is_active" time="0.195" /><testcase classname="tests.test_iter74_acl_admins.TestAclAdminsCrud" name="test_toggle_status_unknown_returns_404" time="0.084" /><testcase classname="tests.test_iter74_acl_admins.TestAclAdminsCrud" name="test_cannot_delete_self" time="0.178" /><testcase classname="tests.test_iter74_acl_admins.TestAclAdminsCrud" name="test_delete_admin_cleanup_and_verify" time="0.275" /><testcase classname="tests.test_iter74_acl_admins.TestAclAdminsAuthGuard" name="test_create_without_auth_returns_401_or_403" time="0.106" /><testcase classname="tests.test_iter74_acl_admins.TestAclAdminsAuthGuard" name="test_non_admin_user_cannot_create" time="0.421" /></testsuite></testsuites>