<?xml version="1.0" encoding="utf-8"?><testsuites name="pytest tests"><testsuite name="pytest" errors="0" failures="0" skipped="0" tests="11" time="2.149" timestamp="2026-06-14T12:51:27.937258+00:00" hostname="agent-env-3df6b203-1517-4eaf-bbe9-d5e02d251c6c"><testcase classname="tests.test_iter_phase3b_medical_rx" name="test_patient_status_not_registered" time="0.777" /><testcase classname="tests.test_iter_phase3b_medical_rx" name="test_prac_status_approved" time="0.387" /><testcase classname="tests.test_iter_phase3b_medical_rx" name="test_medical_categories_count" time="0.050" /><testcase classname="tests.test_iter_phase3b_medical_rx" name="test_unapproved_user_cannot_issue" time="0.048" /><testcase classname="tests.test_iter_phase3b_medical_rx" name="test_practitioner_issued_list_contains" time="0.099" /><testcase classname="tests.test_iter_phase3b_medical_rx" name="test_patient_inbox_contains" time="0.044" /><testcase classname="tests.test_iter_phase3b_medical_rx" name="test_pdf_download" time="0.049" /><testcase classname="tests.test_iter_phase3b_medical_rx" name="test_admin_medical_list" time="0.356" /><testcase classname="tests.test_iter_phase3b_medical_rx" name="test_beauty_vertical_reachable" time="0.078" /><testcase classname="tests.test_iter_phase3b_medical_rx" name="test_metiers_vertical_reachable" time="0.081" /><testcase classname="tests.test_iter_phase3b_medical_rx" name="test_medical_vertical_config" time="0.079" /></testsuite></testsuites>