<?xml version="1.0" encoding="utf-8"?><testsuites name="pytest tests"><testsuite name="pytest" errors="0" failures="0" skipped="0" tests="6" time="3.121" timestamp="2026-06-14T13:36:05.634653+00:00" hostname="agent-env-3df6b203-1517-4eaf-bbe9-d5e02d251c6c"><testcase classname="tests.test_iter_phase3d_ambulance" name="test_emergency_types_public" time="0.626" /><testcase classname="tests.test_iter_phase3d_ambulance" name="test_create_requires_position" time="0.354" /><testcase classname="tests.test_iter_phase3d_ambulance" name="test_create_invalid_type" time="0.349" /><testcase classname="tests.test_iter_phase3d_ambulance" name="test_full_lifecycle" time="0.537" /><testcase classname="tests.test_iter_phase3d_ambulance" name="test_cancel" time="0.446" /><testcase classname="tests.test_iter_phase3d_ambulance" name="test_ownership_isolation" time="0.704" /></testsuite></testsuites>