<?xml version="1.0" encoding="utf-8"?><testsuites name="pytest tests"><testsuite name="pytest" errors="0" failures="0" skipped="0" tests="22" time="12.073" timestamp="2026-06-14T02:50:34.341752+00:00" hostname="agent-env-3df6b203-1517-4eaf-bbe9-d5e02d251c6c"><testcase classname="tests.test_fleet_commands" name="test_critical_command_requires_confirm" time="0.553" /><testcase classname="tests.test_fleet_commands" name="test_engine_cut_and_restore_lifecycle" time="0.545" /><testcase classname="tests.test_fleet_commands" name="test_lock_unlock_state" time="0.492" /><testcase classname="tests.test_fleet_commands" name="test_command_history" time="0.506" /><testcase classname="tests.test_fleet_commands" name="test_unknown_command_rejected" time="0.700" /><testcase classname="tests.test_employees_tracking" name="test_context_autocreate" time="0.354" /><testcase classname="tests.test_employees_tracking" name="test_seed_and_list" time="0.402" /><testcase classname="tests.test_employees_tracking" name="test_add_and_delete_employee" time="0.447" /><testcase classname="tests.test_employees_tracking" name="test_add_employee_requires_name" time="0.353" /><testcase classname="tests.test_employees_tracking" name="test_join_invalid_code" time="0.356" /><testcase classname="tests.test_employees_tracking" name="test_clock_in_requires_linked_slot" time="0.359" /><testcase classname="tests.test_employees_tracking" name="test_clock_in_out_flow" time="1.006" /><testcase classname="tests.test_employees_tracking" name="test_routes_crud_and_toggle" time="0.446" /><testcase classname="tests.test_employees_tracking" name="test_route_requires_name" time="0.375" /><testcase classname="tests.test_employees_tracking" name="test_reports_structure" time="0.348" /><testcase classname="tests.test_employees_tracking" name="test_clock_out_notifies_owner" time="0.968" /><testcase classname="tests.test_employees_tracking" name="test_invite_employee_sends_and_creates_slot" time="0.403" /><testcase classname="tests.test_employees_tracking" name="test_invite_requires_valid_email" time="0.451" /><testcase classname="tests.test_employees_tracking" name="test_employees_report_pdf" time="0.414" /><testcase classname="tests.test_employees_tracking" name="test_fleet_report_pdf" time="0.406" /><testcase classname="tests.test_employees_tracking" name="test_member_space_and_supervisor_access" time="1.661" /><testcase classname="tests.test_employees_tracking" name="test_cleanup" time="0.405" /></testsuite></testsuites>