<?xml version="1.0" encoding="utf-8"?><testsuites name="pytest tests"><testsuite name="pytest" errors="0" failures="0" skipped="0" tests="10" time="1.293" timestamp="2026-06-13T13:00:10.146353+00:00" hostname="agent-env-3df6b203-1517-4eaf-bbe9-d5e02d251c6c"><testcase classname="tests.test_iter360_assist_types" name="test_public_list_returns_seed_six" time="0.149" /><testcase classname="tests.test_iter360_assist_types" name="test_admin_endpoints_require_auth" time="0.099" /><testcase classname="tests.test_iter360_assist_types" name="test_admin_list" time="0.357" /><testcase classname="tests.test_iter360_assist_types" name="test_admin_create_label_only_autokey" time="0.127" /><testcase classname="tests.test_iter360_assist_types" name="test_admin_update" time="0.128" /><testcase classname="tests.test_iter360_assist_types" name="test_admin_toggle_hides_from_public" time="0.123" /><testcase classname="tests.test_iter360_assist_types" name="test_admin_delete" time="0.085" /><testcase classname="tests.test_iter360_assist_types" name="test_admin_create_missing_label_400" time="0.043" /><testcase classname="tests.test_iter360_assist_types" name="test_admin_update_404" time="0.043" /><testcase classname="tests.test_iter360_assist_types" name="test_cleanup_any_test_data" time="0.041" /></testsuite></testsuites>