<?xml version="1.0" encoding="utf-8"?><testsuites name="pytest tests"><testsuite name="pytest" errors="0" failures="0" skipped="0" tests="8" time="3.317" timestamp="2026-06-09T02:47:09.195475+00:00" hostname="agent-env-3df6b203-1517-4eaf-bbe9-d5e02d251c6c"><testcase classname="tests.test_iter190_nextjob_admin.TestAdminAuthz" name="test_non_admin_get_403" time="0.530" /><testcase classname="tests.test_iter190_nextjob_admin.TestAdminAuthz" name="test_non_admin_put_403" time="0.418" /><testcase classname="tests.test_iter190_nextjob_admin.TestAdminAuthz" name="test_anonymous_get_401_or_403" time="0.104" /><testcase classname="tests.test_iter190_nextjob_admin.TestAdminGetShape" name="test_shape" time="0.426" /><testcase classname="tests.test_iter190_nextjob_admin.TestAdminPutPersist" name="test_persist_and_clamp" time="0.875" /><testcase classname="tests.test_iter190_nextjob_admin.TestNextJobEffective" name="test_no_active_zone_returns_global" time="0.196" /><testcase classname="tests.test_iter190_nextjob_admin.TestNextJobEffective" name="test_anonymous_can_call_effective" time="0.092" /><testcase classname="tests.test_iter190_nextjob_admin.TestNextJobEffective" name="test_active_zone_override_wins" time="0.508" /></testsuite></testsuites>