<?xml version="1.0" encoding="utf-8"?><testsuites name="pytest tests"><testsuite name="pytest" errors="0" failures="2" skipped="0" tests="16" time="3.282" timestamp="2026-06-11T14:47:16.589809+00:00" hostname="agent-env-3df6b203-1517-4eaf-bbe9-d5e02d251c6c"><testcase classname="tests.test_iter266_audit" name="test_upload_image_endpoint" time="0.744" /><testcase classname="tests.test_iter266_audit" name="test_service_categories_list_and_field_mismatch" time="0.124" /><testcase classname="tests.test_iter266_audit" name="test_service_category_update_persists_images" time="0.247" /><testcase classname="tests.test_iter266_audit" name="test_service_categories_public_vs_admin_image_field" time="0.168" /><testcase classname="tests.test_iter266_audit" name="test_home_categories_admin_update_image_url" time="0.172" /><testcase classname="tests.test_iter266_audit" name="test_food_list_restaurants" time="0.075" /><testcase classname="tests.test_iter266_audit" name="test_food_restaurant_detail" time="0.219" /><testcase classname="tests.test_iter266_audit" name="test_food_checkout_create_order" time="0.358" /><testcase classname="tests.test_iter266_audit" name="test_home_categories_public" time="0.340" /><testcase classname="tests.test_iter266_audit" name="test_driver_login_and_me" time="0.350" /><testcase classname="tests.test_iter266_audit" name="test_admin_pages_smoke[/api/admin/service-categories]" time="0.093" /><testcase classname="tests.test_iter266_audit" name="test_admin_pages_smoke[/api/admin/merchants]" time="0.052" /><testcase classname="tests.test_iter266_audit" name="test_admin_pages_smoke[/api/zones]" time="0.057"><failure message="AssertionError: /api/zones failed: 404 {&quot;detail&quot;:&quot;Not Found&quot;}&#10;assert 404 in (200, 204)&#10; +  where 404 = &lt;Response [404]&gt;.status_code">backend/tests/test_iter266_audit.py:222: in test_admin_pages_smoke
    assert r.status_code in (200, 204), f"{path} failed: {r.status_code} {r.text[:200]}"
E   AssertionError: /api/zones failed: 404 {"detail":"Not Found"}
E   assert 404 in (200, 204)
E    +  where 404 = &lt;Response [404]&gt;.status_code</failure></testcase><testcase classname="tests.test_iter266_audit" name="test_admin_pages_smoke[/api/admin/services]" time="0.057"><failure message="AssertionError: /api/admin/services failed: 404 {&quot;detail&quot;:&quot;Not Found&quot;}&#10;assert 404 in (200, 204)&#10; +  where 404 = &lt;Response [404]&gt;.status_code">backend/tests/test_iter266_audit.py:222: in test_admin_pages_smoke
    assert r.status_code in (200, 204), f"{path} failed: {r.status_code} {r.text[:200]}"
E   AssertionError: /api/admin/services failed: 404 {"detail":"Not Found"}
E   assert 404 in (200, 204)
E    +  where 404 = &lt;Response [404]&gt;.status_code</failure></testcase><testcase classname="tests.test_iter266_audit" name="test_admin_pages_smoke[/api/home-categories]" time="0.048" /><testcase classname="tests.test_iter266_audit" name="test_admin_pages_smoke[/api/marketplace/listings]" time="0.048" /></testsuite></testsuites>