<?xml version="1.0" encoding="utf-8"?><testsuites name="pytest tests"><testsuite name="pytest" errors="0" failures="0" skipped="0" tests="14" time="2.451" timestamp="2026-06-09T11:01:42.436713+00:00" hostname="agent-env-3df6b203-1517-4eaf-bbe9-d5e02d251c6c"><testcase classname="tests.test_iter205_carpool_svccat.TestCarpool" name="test_publish_trip" time="0.462" /><testcase classname="tests.test_iter205_carpool_svccat.TestCarpool" name="test_list_includes_new_trip" time="0.416" /><testcase classname="tests.test_iter205_carpool_svccat.TestCarpool" name="test_owner_cannot_book_own" time="0.063" /><testcase classname="tests.test_iter205_carpool_svccat.TestCarpool" name="test_book_seat_decrements" time="0.096" /><testcase classname="tests.test_iter205_carpool_svccat.TestCarpool" name="test_double_book_rejected" time="0.046" /><testcase classname="tests.test_iter205_carpool_svccat.TestCarpool" name="test_search_filter_by_pickup" time="0.047" /><testcase classname="tests.test_iter205_carpool_svccat.TestServiceCategoryCRUD" name="test_create_with_view_type_and_images" time="0.396" /><testcase classname="tests.test_iter205_carpool_svccat.TestServiceCategoryCRUD" name="test_duplicate_key_rejected" time="0.048" /><testcase classname="tests.test_iter205_carpool_svccat.TestServiceCategoryCRUD" name="test_update_view_type_and_desc" time="0.050" /><testcase classname="tests.test_iter205_carpool_svccat.TestServiceCategoryCRUD" name="test_public_list_includes_custom" time="0.148" /><testcase classname="tests.test_iter205_carpool_svccat.TestServiceCategoryCRUD" name="test_toggle_active_still_works" time="0.100" /><testcase classname="tests.test_iter205_carpool_svccat.TestServiceCategoryCRUD" name="test_toggle_home_regression" time="0.050" /><testcase classname="tests.test_iter205_carpool_svccat.TestServiceCategoryCRUD" name="test_reorder_regression" time="0.201" /><testcase classname="tests.test_iter205_carpool_svccat.TestServiceCategoryCRUD" name="test_delete_removes_from_public" time="0.212" /></testsuite></testsuites>