<?xml version="1.0" encoding="utf-8"?><testsuites name="pytest tests"><testsuite name="pytest" errors="0" failures="0" skipped="0" tests="2" time="4.293" timestamp="2026-06-04T14:48:14.175010+00:00" hostname="agent-env-4f3f549a-b73e-477b-ae8e-7aabbfcc6d16"><testcase classname="backend.tests.test_parcel_live_tracking" name="test_parcel_tracking_driver_location_flow" time="2.543" /><testcase classname="backend.tests.test_parcel_live_tracking" name="test_medical_transport_driver_location_flow" time="1.658" /></testsuite></testsuites>