<?xml version="1.0" encoding="utf-8"?><testsuites name="pytest tests"><testsuite name="pytest" errors="0" failures="0" skipped="0" tests="5" time="0.764" timestamp="2026-04-22T09:58:22.924638+00:00" hostname="agent-env-73a50c57-9101-47d1-a5d0-6badface9964"><testcase classname="backend.tests.test_iter57_ride_flow.TestLiveStats" name="test_live_stats_returns_all_keys" time="0.390" /><testcase classname="backend.tests.test_iter57_ride_flow.TestLiveStats" name="test_live_stats_no_coords" time="0.048" /><testcase classname="backend.tests.test_iter57_ride_flow.TestEstimateAndRide" name="test_estimate_returns_fare" time="0.125" /><testcase classname="backend.tests.test_iter57_ride_flow.TestEstimateAndRide" name="test_create_ride_with_proposed_fare" time="0.052" /><testcase classname="backend.tests.test_iter57_ride_flow.TestEstimateAndRide" name="test_create_ride_fallback_fare_small" time="0.051" /></testsuite></testsuites>