<?xml version="1.0" encoding="utf-8"?><testsuites name="pytest tests"><testsuite name="pytest" errors="0" failures="0" skipped="0" tests="7" time="2.849" timestamp="2026-06-09T12:22:55.109918+00:00" hostname="agent-env-3df6b203-1517-4eaf-bbe9-d5e02d251c6c"><testcase classname="tests.test_iter206_pool_config" name="test_public_pool_config_shape" time="0.211" /><testcase classname="tests.test_iter206_pool_config" name="test_admin_save_pool_then_public_reflects" time="0.505" /><testcase classname="tests.test_iter206_pool_config" name="test_create_ride_pool_rejects_ineligible_vehicle" time="1.037" /><testcase classname="tests.test_iter206_pool_config" name="test_create_ride_pool_rejects_disallowed_payment" time="0.119" /><testcase classname="tests.test_iter206_pool_config" name="test_create_ride_pool_rejects_too_many_stops" time="0.194" /><testcase classname="tests.test_iter206_pool_config" name="test_restore_permissive_pool" time="0.135" /><testcase classname="tests.test_iter206_pool_config" name="test_taxi_advanced_estimate_with_real_slugs" time="0.547" /></testsuite></testsuites>