<?xml version="1.0" encoding="utf-8"?><testsuites name="pytest tests"><testsuite name="pytest" errors="0" failures="0" skipped="0" tests="16" time="1.945" timestamp="2026-06-01T09:47:00.792413+00:00" hostname="agent-env-71749278-54a7-4bc5-89dd-d46ccdb76e63"><testcase classname="backend.tests.test_iter70_kiosk.TestAdminKiosk" name="test_create_requires_admin" time="0.234" /><testcase classname="backend.tests.test_iter70_kiosk.TestAdminKiosk" name="test_create_kiosk" time="0.364" /><testcase classname="backend.tests.test_iter70_kiosk.TestAdminKiosk" name="test_list_kiosks" time="0.055" /><testcase classname="backend.tests.test_iter70_kiosk.TestAdminKiosk" name="test_update_kiosk" time="0.051" /><testcase classname="backend.tests.test_iter70_kiosk.TestAdminKiosk" name="test_regenerate_token" time="0.049" /><testcase classname="backend.tests.test_iter70_kiosk.TestAdminKiosk" name="test_create_invalid_pin" time="0.048" /><testcase classname="backend.tests.test_iter70_kiosk.TestKioskPublic" name="test_unlock_correct_pin" time="0.084" /><testcase classname="backend.tests.test_iter70_kiosk.TestKioskPublic" name="test_unlock_wrong_pin" time="0.087" /><testcase classname="backend.tests.test_iter70_kiosk.TestKioskPublic" name="test_kiosk_info" time="0.089" /><testcase classname="backend.tests.test_iter70_kiosk.TestKioskPublic" name="test_kiosk_info_invalid_token" time="0.098" /><testcase classname="backend.tests.test_iter70_kiosk.TestKioskPublic" name="test_nearest_driver" time="0.096" /><testcase classname="backend.tests.test_iter70_kiosk.TestKioskPublic" name="test_estimate" time="0.081" /><testcase classname="backend.tests.test_iter70_kiosk.TestKioskPublic" name="test_estimate_van_pricing_diff" time="0.184" /><testcase classname="backend.tests.test_iter70_kiosk.TestKioskPublic" name="test_book_creates_ride" time="0.092" /><testcase classname="backend.tests.test_iter70_kiosk.TestKioskPublic" name="test_ride_status" time="0.084" /><testcase classname="backend.tests.test_iter70_kiosk.TestKioskPublic" name="test_ride_status_unknown" time="0.139" /></testsuite></testsuites>