<?xml version="1.0" encoding="utf-8"?><testsuites name="pytest tests"><testsuite name="pytest" errors="0" failures="1" skipped="0" tests="20" time="5.483" timestamp="2026-06-10T17:56:28.152606+00:00" hostname="agent-env-3df6b203-1517-4eaf-bbe9-d5e02d251c6c"><testcase classname="tests.test_merchant_availability" name="test_pause_blocks_orders_then_resume" time="0.021" /><testcase classname="tests.test_merchant_availability" name="test_is_paused_helper" time="0.000" /><testcase classname="tests.test_merchant_availability" name="test_pause_reflected_in_is_open" time="0.011" /><testcase classname="tests.test_merchant_stock" name="test_set_stock_absolute" time="0.009" /><testcase classname="tests.test_merchant_stock" name="test_delta_into_low_then_out" time="0.016" /><testcase classname="tests.test_merchant_stock" name="test_stock_requires_param" time="0.009" /><testcase classname="tests.test_merchant_stock" name="test_other_merchant_cannot_adjust" time="0.014" /><testcase classname="tests.test_merchant_stock" name="test_create_product_with_threshold" time="0.012" /><testcase classname="tests.test_merchant_stock" name="test_merchant_status_sets_managed_flag" time="0.010" /><testcase classname="tests.test_merchant_bi" name="test_analytics_revenue_and_trend" time="0.012" /><testcase classname="tests.test_merchant_bi" name="test_analytics_top_products" time="0.010" /><testcase classname="tests.test_merchant_bi" name="test_analytics_stock_alerts" time="0.011" /><testcase classname="tests.test_merchant_bi" name="test_rule_based_insights" time="0.008" /><testcase classname="tests.test_merchant_bi" name="test_year_period_has_12_months" time="0.006" /><testcase classname="tests.test_grouped_delivery" name="test_default_config" time="0.001" /><testcase classname="tests.test_grouped_delivery" name="test_compatible_orders_batched_and_credited" time="2.798"><failure message="AssertionError: assert ('solo' == 'pending'&#10;  &#10;  - pending&#10;  + solo)">tests/test_grouped_delivery.py:97: in test_compatible_orders_batched_and_credited
    assert r3["group_status"] == "pending" and r3["batch_id"] is None
E   AssertionError: assert ('solo' == 'pending'
E     
E     - pending
E     + solo)</failure></testcase><testcase classname="tests.test_grouped_delivery" name="test_idempotent_no_double_credit" time="1.001" /><testcase classname="tests.test_grouped_delivery" name="test_lonely_order_goes_solo" time="1.035" /><testcase classname="tests.test_grouped_delivery" name="test_config_update_clamped" time="0.002" /><testcase classname="tests.test_grouped_delivery" name="test_optimize_route_orders_stops" time="0.000" /></testsuite></testsuites>