<?xml version="1.0" encoding="utf-8"?><testsuites name="pytest tests"><testsuite name="pytest" errors="0" failures="0" skipped="0" tests="4" time="1.230" timestamp="2026-06-09T06:20:33.395207+00:00" hostname="agent-env-3df6b203-1517-4eaf-bbe9-d5e02d251c6c"><testcase classname="tests.test_iter194_food_refonte.TestMerchantList" name="test_restaurants_have_enrichment" time="0.190" /><testcase classname="tests.test_iter194_food_refonte.TestMerchantList" name="test_get_single_merchant_enriched" time="0.109" /><testcase classname="tests.test_iter194_food_refonte.TestOrderDiscount" name="test_burger_palace_order_applies_10pct_discount" time="0.608" /><testcase classname="tests.test_iter194_food_refonte.TestOrderDiscount" name="test_sushi_master_zero_discount" time="0.198" /></testsuite></testsuites>