<?xml version="1.0" encoding="utf-8"?><testsuites name="pytest tests"><testsuite name="pytest" errors="0" failures="0" skipped="0" tests="4" time="1.726" timestamp="2026-06-13T12:03:14.746857+00:00" hostname="agent-env-3df6b203-1517-4eaf-bbe9-d5e02d251c6c"><testcase classname="tests.test_iter355_parking_http" name="test_admin_parking_list_requires_auth" time="0.120" /><testcase classname="tests.test_iter355_parking_http" name="test_admin_parking_list_authenticated" time="0.730" /><testcase classname="tests.test_iter355_parking_http" name="test_admin_parking_crud_full_roundtrip" time="0.683" /><testcase classname="tests.test_iter355_parking_http" name="test_public_parking_spots_open" time="0.096" /></testsuite></testsuites>