<?xml version="1.0" encoding="utf-8"?><testsuites name="pytest tests"><testsuite name="pytest" errors="0" failures="1" skipped="0" tests="18" time="8.472" timestamp="2026-04-18T23:27:58.575145+00:00" hostname="agent-env-73a50c57-9101-47d1-a5d0-6badface9964"><testcase classname="backend.tests.test_iter50_phase1.TestRideBookFor" name="test_create_ride_with_book_for_persists" time="0.575"><failure message="AssertionError: assert None == 'Alice Test'&#10; +  where None = &lt;built-in method get of dict object at 0xfe5a7c210080&gt;('book_for_name')&#10; +    where &lt;built-in method get of dict object at 0xfe5a7c210080&gt; = {'auto_assign': True, 'base_fare': 1.0, 'booking_no': '65679458', 'commission_percent': 10.0, ...}.get">backend/tests/test_iter50_phase1.py:49: in test_create_ride_with_book_for_persists
    assert ride.get("book_for_name") == "Alice Test"
E   AssertionError: assert None == 'Alice Test'
E    +  where None = &lt;built-in method get of dict object at 0xfe5a7c210080&gt;('book_for_name')
E    +    where &lt;built-in method get of dict object at 0xfe5a7c210080&gt; = {'auto_assign': True, 'base_fare': 1.0, 'booking_no': '65679458', 'commission_percent': 10.0, ...}.get</failure></testcase><testcase classname="backend.tests.test_iter50_phase1.TestRideChat" name="test_passenger_send_message" time="0.192" /><testcase classname="backend.tests.test_iter50_phase1.TestRideChat" name="test_empty_message_400" time="0.211" /><testcase classname="backend.tests.test_iter50_phase1.TestRideChat" name="test_unauthorized_user_403" time="0.575" /><testcase classname="backend.tests.test_iter50_phase1.TestRideChat" name="test_get_messages_sorted" time="0.508" /><testcase classname="backend.tests.test_iter50_phase1.TestRideChat" name="test_driver_chat_after_accept" time="0.619" /><testcase classname="backend.tests.test_iter50_phase1.TestStartOTP" name="test_request_otp_as_passenger" time="0.200" /><testcase classname="backend.tests.test_iter50_phase1.TestStartOTP" name="test_request_otp_non_owner_403" time="0.177" /><testcase classname="backend.tests.test_iter50_phase1.TestStartOTP" name="test_verify_wrong_otp_400" time="0.428" /><testcase classname="backend.tests.test_iter50_phase1.TestStartOTP" name="test_verify_correct_otp_switches_status" time="0.475" /><testcase classname="backend.tests.test_iter50_phase1.TestStartOTP" name="test_verify_otp_on_pending_ride_400" time="0.279" /><testcase classname="backend.tests.test_iter50_phase1.TestFavoriteDrivers" name="test_add_list_remove_favorite" time="0.759" /><testcase classname="backend.tests.test_iter50_phase1.TestFavoriteDrivers" name="test_add_favorite_unknown_driver_404" time="0.129" /><testcase classname="backend.tests.test_iter50_phase1.TestEmergencyContacts" name="test_crud_and_max_5" time="1.717" /><testcase classname="backend.tests.test_iter50_phase1.TestSOS" name="test_sos_snapshots_contacts" time="0.726" /><testcase classname="backend.tests.test_iter50_phase1.TestStopovers" name="test_set_stopovers_ok" time="0.316" /><testcase classname="backend.tests.test_iter50_phase1.TestStopovers" name="test_stopovers_max_5" time="0.218" /><testcase classname="backend.tests.test_iter50_phase1.TestStopovers" name="test_stopovers_non_owner_403" time="0.233" /></testsuite></testsuites>