<?xml version="1.0" encoding="utf-8"?><testsuites name="pytest tests"><testsuite name="pytest" errors="0" failures="0" skipped="0" tests="16" time="2.976" timestamp="2026-06-05T06:58:03.232013+00:00" hostname="agent-env-4f3f549a-b73e-477b-ae8e-7aabbfcc6d16"><testcase classname="backend.tests.test_iter114_pharmacy.TestCatalog" name="test_pharmacies_seeded" time="0.465" /><testcase classname="backend.tests.test_iter114_pharmacy.TestCatalog" name="test_categories" time="0.049" /><testcase classname="backend.tests.test_iter114_pharmacy.TestCatalog" name="test_products_all" time="0.049" /><testcase classname="backend.tests.test_iter114_pharmacy.TestCatalog" name="test_products_filter_category" time="0.044" /><testcase classname="backend.tests.test_iter114_pharmacy.TestCatalog" name="test_products_search" time="0.047" /><testcase classname="backend.tests.test_iter114_pharmacy.TestOrderFlow" name="test_estimate" time="0.142" /><testcase classname="backend.tests.test_iter114_pharmacy.TestOrderFlow" name="test_create_catalog_order" time="0.187" /><testcase classname="backend.tests.test_iter114_pharmacy.TestOrderFlow" name="test_create_catalog_empty_cart_400" time="0.136" /><testcase classname="backend.tests.test_iter114_pharmacy.TestOrderFlow" name="test_create_prescription_no_photo_400" time="0.210" /><testcase classname="backend.tests.test_iter114_pharmacy.TestOrderFlow" name="test_create_no_coords_400" time="0.137" /><testcase classname="backend.tests.test_iter114_pharmacy.TestOrderFlow" name="test_create_prescription_order" time="0.188" /><testcase classname="backend.tests.test_iter114_pharmacy.TestOrderFlow" name="test_cancel_order" time="0.250" /><testcase classname="backend.tests.test_iter114_pharmacy.TestAdmin" name="test_admin_quote_prescription" time="0.584" /><testcase classname="backend.tests.test_iter114_pharmacy.TestAdmin" name="test_admin_pharmacy_crud" time="0.203" /><testcase classname="backend.tests.test_iter114_pharmacy.TestAdmin" name="test_admin_product_crud" time="0.147" /><testcase classname="backend.tests.test_iter114_pharmacy.TestAdmin" name="test_driver_available_endpoint" time="0.047" /></testsuite></testsuites>