<?xml version="1.0" encoding="utf-8"?><testsuites name="pytest tests"><testsuite name="pytest" errors="0" failures="0" skipped="0" tests="7" time="3.578" timestamp="2026-06-03T23:10:48.448387+00:00" hostname="agent-env-4f3f549a-b73e-477b-ae8e-7aabbfcc6d16"><testcase classname="backend.tests.test_iter94_otp_security" name="test_passenger_sees_start_otp" time="1.020" /><testcase classname="backend.tests.test_iter94_otp_security" name="test_driver_cannot_see_start_otp" time="0.050" /><testcase classname="backend.tests.test_iter94_otp_security" name="test_driver_can_set_arriving" time="0.052" /><testcase classname="backend.tests.test_iter94_otp_security" name="test_driver_cannot_directly_start_in_progress" time="0.049" /><testcase classname="backend.tests.test_iter94_otp_security" name="test_wrong_otp_rejected" time="0.051" /><testcase classname="backend.tests.test_iter94_otp_security" name="test_correct_otp_starts_ride" time="0.166" /><testcase classname="backend.tests.test_iter94_otp_security" name="test_completed_ride_has_fare_breakdown" time="2.096" /></testsuite></testsuites>