<?xml version="1.0" encoding="utf-8"?><testsuites name="pytest tests"><testsuite name="pytest" errors="0" failures="0" skipped="0" tests="17" time="2.659" timestamp="2026-06-13T14:02:03.120344+00:00" hostname="agent-env-3df6b203-1517-4eaf-bbe9-d5e02d251c6c"><testcase classname="tests.test_iter363_home_banners.TestHomeBannersPublic" name="test_public_list_default_seed" time="0.103" /><testcase classname="tests.test_iter363_home_banners.TestHomeBannersPublic" name="test_public_list_active_only" time="0.055" /><testcase classname="tests.test_iter363_home_banners.TestAdminGating" name="test_admin_list_unauthenticated" time="0.057" /><testcase classname="tests.test_iter363_home_banners.TestAdminGating" name="test_admin_create_unauthenticated" time="0.054" /><testcase classname="tests.test_iter363_home_banners.TestAdminCRUD" name="test_admin_list_with_close_rate" time="0.383" /><testcase classname="tests.test_iter363_home_banners.TestAdminCRUD" name="test_create_missing_title_400" time="0.046" /><testcase classname="tests.test_iter363_home_banners.TestAdminCRUD" name="test_create_update_toggle_delete" time="0.407" /><testcase classname="tests.test_iter363_home_banners.TestAdminCRUD" name="test_update_404" time="0.051" /><testcase classname="tests.test_iter363_home_banners.TestAdminCRUD" name="test_delete_404" time="0.047" /><testcase classname="tests.test_iter363_home_banners.TestZoneTargeting" name="test_zone_scoped_banner_visibility" time="0.252" /><testcase classname="tests.test_iter363_home_banners.TestScheduling" name="test_future_starts_at_excluded" time="0.149" /><testcase classname="tests.test_iter363_home_banners.TestScheduling" name="test_past_ends_at_excluded" time="0.154" /><testcase classname="tests.test_iter363_home_banners.TestTracking" name="test_dismiss_and_impression_increment" time="0.201" /><testcase classname="tests.test_iter363_home_banners.TestReorder" name="test_reorder" time="0.197" /><testcase classname="tests.test_iter363_home_banners.TestPromoBanners" name="test_promo_dismiss_endpoint" time="0.102" /><testcase classname="tests.test_iter363_home_banners.TestPromoBanners" name="test_promo_scheduling_excludes_future" time="0.157" /><testcase classname="tests.test_iter363_home_banners.TestPromoBanners" name="test_promo_scheduling_excludes_past" time="0.148" /></testsuite></testsuites>