<?xml version="1.0" encoding="utf-8"?><testsuites name="pytest tests"><testsuite name="pytest" errors="0" failures="0" skipped="0" tests="14" time="3.306" timestamp="2026-06-08T16:30:17.142342+00:00" hostname="agent-env-3df6b203-1517-4eaf-bbe9-d5e02d251c6c"><testcase classname="tests.test_iter172_zones_api" name="test_admin_list_requires_auth" time="0.329" /><testcase classname="tests.test_iter172_zones_api" name="test_admin_create_requires_auth" time="0.138" /><testcase classname="tests.test_iter172_zones_api" name="test_admin_update_requires_auth" time="0.126" /><testcase classname="tests.test_iter172_zones_api" name="test_admin_delete_requires_auth" time="0.107" /><testcase classname="tests.test_iter172_zones_api" name="test_admin_get_shortcuts_requires_auth" time="0.093" /><testcase classname="tests.test_iter172_zones_api" name="test_admin_put_shortcuts_requires_auth" time="0.122" /><testcase classname="tests.test_iter172_zones_api" name="test_admin_list_returns_seeded_zones" time="0.430" /><testcase classname="tests.test_iter172_zones_api" name="test_full_zone_crud_and_shortcuts" time="0.824" /><testcase classname="tests.test_iter172_zones_api" name="test_create_zone_requires_name" time="0.390" /><testcase classname="tests.test_iter172_zones_api" name="test_resolve_geo_matches_pap" time="0.102" /><testcase classname="tests.test_iter172_zones_api" name="test_resolve_label_match_dakar" time="0.169" /><testcase classname="tests.test_iter172_zones_api" name="test_resolve_no_match_returns_null_zone" time="0.090" /><testcase classname="tests.test_iter172_zones_api" name="test_resolve_schedule_active_friday_evening" time="0.174" /><testcase classname="tests.test_iter172_zones_api" name="test_resolve_schedule_inactive_monday" time="0.102" /></testsuite></testsuites>