<?xml version="1.0" encoding="utf-8"?><testsuites name="pytest tests"><testsuite name="pytest" errors="0" failures="0" skipped="0" tests="4" time="0.598" timestamp="2026-06-12T22:00:37.146721+00:00" hostname="agent-env-3df6b203-1517-4eaf-bbe9-d5e02d251c6c"><testcase classname="tests.test_iter343_carpool_routes" name="test_text_match_notifies_driver" time="0.080" /><testcase classname="tests.test_iter343_carpool_routes" name="test_no_match_does_not_notify" time="0.008" /><testcase classname="tests.test_iter343_carpool_routes" name="test_geo_match_within_radius" time="0.008" /><testcase classname="tests.test_iter343_carpool_routes" name="test_inactive_route_not_notified" time="0.078" /></testsuite></testsuites>