<?xml version="1.0" encoding="utf-8"?><testsuites name="pytest tests"><testsuite name="pytest" errors="0" failures="0" skipped="0" tests="7" time="2.609" timestamp="2026-06-04T00:29:10.477457+00:00" hostname="agent-env-4f3f549a-b73e-477b-ae8e-7aabbfcc6d16"><testcase classname="backend.tests.test_iter95_scheduling_route_edit" name="test_get_scheduling_config_defaults" time="0.238" /><testcase classname="backend.tests.test_iter95_scheduling_route_edit" name="test_create_ride_scheduled_too_soon_returns_400" time="0.395" /><testcase classname="backend.tests.test_iter95_scheduling_route_edit" name="test_create_ride_scheduled_ok_sb_returns_200" time="0.316" /><testcase classname="backend.tests.test_iter95_scheduling_route_edit" name="test_create_ride_pool_scheduled_returns_400" time="0.049" /><testcase classname="backend.tests.test_iter95_scheduling_route_edit" name="test_update_route_pending" time="0.317" /><testcase classname="backend.tests.test_iter95_scheduling_route_edit" name="test_update_route_accepted" time="0.608" /><testcase classname="backend.tests.test_iter95_scheduling_route_edit" name="test_update_route_in_progress_dropoff_ok_pickup_blocked" time="0.579" /></testsuite></testsuites>