<?xml version="1.0" encoding="utf-8"?><testsuites name="pytest tests"><testsuite name="pytest" errors="0" failures="0" skipped="0" tests="11" time="7.089" timestamp="2026-06-09T01:20:24.725800+00:00" hostname="agent-env-3df6b203-1517-4eaf-bbe9-d5e02d251c6c"><testcase classname="tests.test_iter185_phase1_safety" name="test_public_trip_share_invalid_token_404_with_fr_message" time="0.172" /><testcase classname="tests.test_iter185_phase1_safety" name="test_public_trip_share_no_auth_required" time="0.101" /><testcase classname="tests.test_iter185_phase1_safety" name="test_auto_share_get_default_shape" time="0.396" /><testcase classname="tests.test_iter185_phase1_safety" name="test_auto_share_put_persists" time="0.457" /><testcase classname="tests.test_iter185_phase1_safety" name="test_ride_auto_share_unknown_ride_404" time="1.400" /><testcase classname="tests.test_iter185_phase1_safety" name="test_emergency_contacts_crud_and_max_5" time="1.245" /><testcase classname="tests.test_iter185_phase1_safety" name="test_emergency_contact_missing_fields_400" time="0.380" /><testcase classname="tests.test_iter185_phase1_safety" name="test_favorite_drivers_max_2_and_crud" time="1.291" /><testcase classname="tests.test_iter185_phase1_safety" name="test_favorite_drivers_unknown_driver_404" time="0.409" /><testcase classname="tests.test_iter185_phase1_safety" name="test_trip_share_create_and_public_snapshot_end_to_end" time="1.010" /><testcase classname="tests.test_iter185_phase1_safety" name="test_trip_share_create_requires_auth" time="0.104" /></testsuite></testsuites>