<?xml version="1.0" encoding="utf-8"?><testsuites name="pytest tests"><testsuite name="pytest" errors="0" failures="0" skipped="0" tests="7" time="4.728" timestamp="2026-06-11T10:55:37.748128+00:00" hostname="agent-env-3df6b203-1517-4eaf-bbe9-d5e02d251c6c"><testcase classname="tests.test_iter255_safety_e2e" name="test_settings_defaults_and_persistence" time="0.556" /><testcase classname="tests.test_iter255_safety_e2e" name="test_emergency_contacts_crud_and_count" time="0.682" /><testcase classname="tests.test_iter255_safety_e2e" name="test_safe_ride_start_owner_and_active_list" time="0.710" /><testcase classname="tests.test_iter255_safety_e2e" name="test_safe_ride_start_foreign_403_and_missing_404" time="1.122" /><testcase classname="tests.test_iter255_safety_e2e" name="test_driver_trust_existing" time="0.838" /><testcase classname="tests.test_iter255_safety_e2e" name="test_driver_trust_404" time="0.356" /><testcase classname="tests.test_iter255_safety_e2e" name="test_recommended_drivers" time="0.369" /></testsuite></testsuites>