<?xml version="1.0" encoding="utf-8"?><testsuites name="pytest tests"><testsuite name="pytest" errors="0" failures="0" skipped="0" tests="5" time="0.981" timestamp="2026-06-09T13:47:00.883193+00:00" hostname="agent-env-3df6b203-1517-4eaf-bbe9-d5e02d251c6c"><testcase classname="tests.test_iter208_taxi_recruitment.TestTaxiRecruitmentList" name="test_unauth_blocked" time="0.153" /><testcase classname="tests.test_iter208_taxi_recruitment.TestTaxiRecruitmentList" name="test_admin_returns_hot_zone" time="0.430" /><testcase classname="tests.test_iter208_taxi_recruitment.TestTaxiRecruitmentInvite" name="test_unknown_driver_404" time="0.058" /><testcase classname="tests.test_iter208_taxi_recruitment.TestTaxiRecruitmentInvite" name="test_invite_creates_notification" time="0.145" /><testcase classname="tests.test_iter208_taxi_recruitment.TestHotZoneRule" name="test_only_hot_zones_returned" time="0.059" /></testsuite></testsuites>