<?xml version="1.0" encoding="utf-8"?><testsuites name="pytest tests"><testsuite name="pytest" errors="0" failures="0" skipped="0" tests="5" time="2.656" timestamp="2026-06-11T23:28:06.382870+00:00" hostname="agent-env-3df6b203-1517-4eaf-bbe9-d5e02d251c6c"><testcase classname="tests.test_iter288_moto_inspection_gates" name="test_deposit_checkout_blocked_without_pickup_photos" time="1.212" /><testcase classname="tests.test_iter288_moto_inspection_gates" name="test_pickup_photos_requires_at_least_two" time="0.165" /><testcase classname="tests.test_iter288_moto_inspection_gates" name="test_pickup_photos_ok_with_two_then_deposit_checkout_succeeds" time="0.773" /><testcase classname="tests.test_iter288_moto_inspection_gates" name="test_admin_return_blocked_without_return_photos" time="0.168" /><testcase classname="tests.test_iter288_moto_inspection_gates" name="test_admin_return_succeeds_with_two_photos" time="0.244" /></testsuite></testsuites>