<?xml version="1.0" encoding="utf-8"?><testsuites name="pytest tests"><testsuite name="pytest" errors="0" failures="0" skipped="0" tests="8" time="2.552" timestamp="2026-06-09T14:17:33.998059+00:00" hostname="agent-env-3df6b203-1517-4eaf-bbe9-d5e02d251c6c"><testcase classname="tests.test_iter209_auto_surge" name="test_get_auto_surge_returns_shape" time="0.436" /><testcase classname="tests.test_iter209_auto_surge" name="test_put_auto_surge_persists" time="0.111" /><testcase classname="tests.test_iter209_auto_surge" name="test_surge_tier_1_2_with_6_pending" time="0.419" /><testcase classname="tests.test_iter209_auto_surge" name="test_surge_disabled_returns_1" time="0.302" /><testcase classname="tests.test_iter209_auto_surge" name="test_surge_tier_x18_with_10_pending" time="0.479" /><testcase classname="tests.test_iter209_auto_surge" name="test_demand_heatmap_exposes_surge" time="0.170" /><testcase classname="tests.test_iter209_auto_surge" name="test_nearby_offline_drivers_endpoint" time="0.082" /><testcase classname="tests.test_iter209_auto_surge" name="test_nearby_offline_drivers_includes_seeded_taxi" time="0.439" /></testsuite></testsuites>