<?xml version="1.0" encoding="utf-8"?><testsuites name="pytest tests"><testsuite name="pytest" errors="0" failures="0" skipped="2" tests="9" time="3.695" timestamp="2026-06-08T18:12:19.793808+00:00" hostname="agent-env-3df6b203-1517-4eaf-bbe9-d5e02d251c6c"><testcase classname="tests.test_iter173_marketplace_buy" name="test_settings_defaults" time="0.199" /><testcase classname="tests.test_iter173_marketplace_buy" name="test_listing_is_purchasable" time="0.395" /><testcase classname="tests.test_iter173_marketplace_buy" name="test_purchasable_toggle_seller_only" time="0.560" /><testcase classname="tests.test_iter173_marketplace_buy" name="test_buy_own_listing_forbidden" time="0.055" /><testcase classname="tests.test_iter173_marketplace_buy" name="test_buy_non_purchasable_listing" time="0.056"><skipped type="pytest.skip" message="Seller KYC not approved in this env">/app/backend/tests/test_iter173_marketplace_buy.py:82: Seller KYC not approved in this env</skipped></testcase><testcase classname="tests.test_iter173_marketplace_buy" name="test_wallet_purchase_with_delivery_and_idempotent_seller_credit" time="0.762" /><testcase classname="tests.test_iter173_marketplace_buy" name="test_wallet_insufficient_balance" time="0.051"><skipped type="pytest.skip" message="Seller KYC not approved">/app/backend/tests/test_iter173_marketplace_buy.py:176: Seller KYC not approved</skipped></testcase><testcase classname="tests.test_iter173_marketplace_buy" name="test_stripe_checkout_creates_session_and_status_unpaid" time="0.954" /><testcase classname="tests.test_iter173_marketplace_buy" name="test_stripe_amount_computed_server_side" time="0.549" /></testsuite></testsuites>