<?xml version="1.0" encoding="utf-8"?><testsuites name="pytest tests"><testsuite name="pytest" errors="0" failures="0" skipped="1" tests="12" time="3.541" timestamp="2026-06-10T10:22:53.427589+00:00" hostname="agent-env-3df6b203-1517-4eaf-bbe9-d5e02d251c6c"><testcase classname="tests.test_iter224_sbpay_unified" name="test_wallet_and_finance_balance_match" time="0.591" /><testcase classname="tests.test_iter224_sbpay_unified" name="test_checkout_preset_50" time="0.485" /><testcase classname="tests.test_iter224_sbpay_unified" name="test_checkout_custom_33" time="0.463" /><testcase classname="tests.test_iter224_sbpay_unified" name="test_checkout_custom_invalid_high" time="0.115" /><testcase classname="tests.test_iter224_sbpay_unified" name="test_checkout_custom_zero" time="0.093" /><testcase classname="tests.test_iter224_sbpay_unified" name="test_sbpaygo_topup_disabled" time="0.081" /><testcase classname="tests.test_iter224_sbpay_unified" name="test_send_debits_wallet_and_credits_merchant" time="0.957"><skipped type="pytest.skip" message="merchant phone missing">/app/backend/tests/test_iter224_sbpay_unified.py:156: merchant phone missing</skipped></testcase><testcase classname="tests.test_iter224_sbpay_unified" name="test_send_insufficient" time="0.083" /><testcase classname="tests.test_iter224_sbpay_unified" name="test_pay_ride_debits_unified_wallet" time="0.298" /><testcase classname="tests.test_iter224_sbpay_unified" name="test_pay_ride_insufficient" time="0.085" /><testcase classname="tests.test_iter224_sbpay_unified" name="test_pharmacy_payment_methods_unified" time="0.085" /><testcase classname="tests.test_iter224_sbpay_unified" name="test_real_estate_boost_payment_methods_unified" time="0.088" /></testsuite></testsuites>