<?xml version="1.0" encoding="utf-8"?><testsuites name="pytest tests"><testsuite name="pytest" errors="0" failures="0" skipped="0" tests="5" time="2.053" timestamp="2026-06-14T08:27:46.571088+00:00" hostname="agent-env-3df6b203-1517-4eaf-bbe9-d5e02d251c6c"><testcase classname="tests.test_iter389_consult_report" name="test_end_returns_email_sent_true" time="1.059" /><testcase classname="tests.test_iter389_consult_report" name="test_download_report_pdf" time="0.183" /><testcase classname="tests.test_iter389_consult_report" name="test_download_report_404_for_other_user" time="0.495" /><testcase classname="tests.test_iter389_consult_report" name="test_download_report_404_for_unknown_id" time="0.043" /><testcase classname="tests.test_iter389_consult_report" name="test_list_sessions_includes_completed" time="0.181" /></testsuite></testsuites>