<?xml version="1.0" encoding="utf-8"?><testsuites name="pytest tests"><testsuite name="pytest" errors="0" failures="0" skipped="0" tests="9" time="4.413" timestamp="2026-06-01T19:32:15.090257+00:00" hostname="agent-env-71749278-54a7-4bc5-89dd-d46ccdb76e63"><testcase classname="tests.test_iter78_user_documents" name="test_get_documents_empty" time="0.874" /><testcase classname="tests.test_iter78_user_documents" name="test_get_documents_user_not_found" time="0.064" /><testcase classname="tests.test_iter78_user_documents" name="test_post_document_success" time="0.491" /><testcase classname="tests.test_iter78_user_documents" name="test_post_document_missing_file_url" time="0.481" /><testcase classname="tests.test_iter78_user_documents" name="test_post_document_user_not_found" time="0.075" /><testcase classname="tests.test_iter78_user_documents" name="test_delete_document_success" time="0.618" /><testcase classname="tests.test_iter78_user_documents" name="test_delete_document_not_found" time="0.445" /><testcase classname="tests.test_iter78_user_documents" name="test_get_documents_includes_synthetic_profile_when_avatar" time="0.485" /><testcase classname="tests.test_iter78_user_documents" name="test_full_crud_flow" time="0.769" /></testsuite></testsuites>