<?xml version="1.0" encoding="utf-8"?><testsuites name="pytest tests"><testsuite name="pytest" errors="0" failures="0" skipped="0" tests="2" time="0.527" timestamp="2026-06-13T06:16:52.107234+00:00" hostname="agent-env-3df6b203-1517-4eaf-bbe9-d5e02d251c6c"><testcase classname="tests.test_iter344_intercity_deposit" name="test_completion_reconciles_deposit" time="0.164" /><testcase classname="tests.test_iter344_intercity_deposit" name="test_completion_no_deposit_unaffected" time="0.022" /></testsuite></testsuites>