<?xml version="1.0" encoding="utf-8"?><testsuites name="pytest tests"><testsuite name="pytest" errors="0" failures="0" skipped="1" tests="11" time="15.647" timestamp="2026-06-12T18:59:05.903808+00:00" hostname="agent-env-3df6b203-1517-4eaf-bbe9-d5e02d251c6c"><testcase classname="tests.test_iter332_duffel_hold.TestSearchHoldMetadata" name="test_business_offers_expose_hold_fields" time="3.285" /><testcase classname="tests.test_iter332_duffel_hold.TestLiveHold" name="test_hold_success_no_debit" time="2.568" /><testcase classname="tests.test_iter332_duffel_hold.TestLiveHold" name="test_hold_on_non_eligible_offer_returns_409" time="2.228"><skipped type="pytest.skip" message="no instant-payment-only offer found">/app/backend/tests/test_iter332_duffel_hold.py:154: no instant-payment-only offer found</skipped></testcase><testcase classname="tests.test_iter332_duffel_hold.TestLivePay" name="test_pay_held_booking_confirms_and_debits" time="0.961" /><testcase classname="tests.test_iter332_duffel_hold.TestLivePay" name="test_pay_already_paid_returns_404" time="0.046" /><testcase classname="tests.test_iter332_duffel_hold.TestLivePay" name="test_pay_nonexistent_returns_404" time="0.051" /><testcase classname="tests.test_iter332_duffel_hold.TestLivePay" name="test_pay_insufficient_balance_returns_400" time="3.464" /><testcase classname="tests.test_iter332_duffel_hold.TestRegression" name="test_live_book_still_works" time="2.784" /><testcase classname="tests.test_iter332_duffel_hold.TestRegression" name="test_eticket_pdf" time="0.054" /><testcase classname="tests.test_iter332_duffel_hold.TestRegression" name="test_mock_airports" time="0.049" /><testcase classname="tests.test_iter332_duffel_hold.TestRegression" name="test_mock_search" time="0.058" /></testsuite></testsuites>