<?xml version="1.0" encoding="utf-8"?><testsuites name="pytest tests"><testsuite name="pytest" errors="0" failures="0" skipped="0" tests="100" time="23.571" timestamp="2026-06-02T08:16:07.610907+00:00" hostname="agent-env-71749278-54a7-4bc5-89dd-d46ccdb76e63"><testcase classname="tests.test_iter70_kiosk.TestAdminKiosk" name="test_create_requires_admin" time="0.149" /><testcase classname="tests.test_iter70_kiosk.TestAdminKiosk" name="test_create_kiosk" time="0.370" /><testcase classname="tests.test_iter70_kiosk.TestAdminKiosk" name="test_list_kiosks" time="0.051" /><testcase classname="tests.test_iter70_kiosk.TestAdminKiosk" name="test_update_kiosk" time="0.048" /><testcase classname="tests.test_iter70_kiosk.TestAdminKiosk" name="test_regenerate_token" time="0.050" /><testcase classname="tests.test_iter70_kiosk.TestAdminKiosk" name="test_create_invalid_pin" time="0.058" /><testcase classname="tests.test_iter70_kiosk.TestKioskPublic" name="test_unlock_correct_pin" time="0.088" /><testcase classname="tests.test_iter70_kiosk.TestKioskPublic" name="test_unlock_wrong_pin" time="0.083" /><testcase classname="tests.test_iter70_kiosk.TestKioskPublic" name="test_kiosk_info" time="0.086" /><testcase classname="tests.test_iter70_kiosk.TestKioskPublic" name="test_kiosk_info_invalid_token" time="0.108" /><testcase classname="tests.test_iter70_kiosk.TestKioskPublic" name="test_nearest_driver" time="0.083" /><testcase classname="tests.test_iter70_kiosk.TestKioskPublic" name="test_estimate" time="0.085" /><testcase classname="tests.test_iter70_kiosk.TestKioskPublic" name="test_estimate_van_pricing_diff" time="0.236" /><testcase classname="tests.test_iter70_kiosk.TestKioskPublic" name="test_book_creates_ride" time="0.089" /><testcase classname="tests.test_iter70_kiosk.TestKioskPublic" name="test_ride_status" time="0.081" /><testcase classname="tests.test_iter70_kiosk.TestKioskPublic" name="test_ride_status_unknown" time="0.132" /><testcase classname="tests.test_iter71_p0_refactor" name="test_admin_login" time="0.232" /><testcase classname="tests.test_iter71_p0_refactor" name="test_negotiation_gap_report_keys" time="0.283" /><testcase classname="tests.test_iter71_p0_refactor" name="test_phone_register_missing_password" time="0.002" /><testcase classname="tests.test_iter71_p0_refactor" name="test_phone_register_success_and_duplicate_and_normalize" time="0.239" /><testcase classname="tests.test_iter71_p0_refactor" name="test_phone_register_referral_credits_both_wallets" time="0.477" /><testcase classname="tests.test_iter71_p0_refactor" name="test_auto_dispatch_config" time="0.005" /><testcase classname="tests.test_iter71_p0_refactor" name="test_auto_dispatch_stats" time="0.046" /><testcase classname="tests.test_iter71_p0_refactor" name="test_otp_4_digit" time="0.240" /><testcase classname="tests.test_iter72_phase2_ui" name="test_destination_mode_get_initial" time="0.275" /><testcase classname="tests.test_iter72_phase2_ui" name="test_destination_mode_enable_then_disable" time="0.178" /><testcase classname="tests.test_iter72_phase2_ui" name="test_destination_mode_forbids_non_driver" time="0.275" /><testcase classname="tests.test_iter72_phase2_ui" name="test_heatmap_driver_ok" time="0.004" /><testcase classname="tests.test_iter72_phase2_ui" name="test_heatmap_forbids_user" time="0.043" /><testcase classname="tests.test_iter72_phase2_ui" name="test_catalog_list[beauty_salons]" time="0.005" /><testcase classname="tests.test_iter72_phase2_ui" name="test_catalog_list[pet_providers]" time="0.004" /><testcase classname="tests.test_iter72_phase2_ui" name="test_catalog_list[car_services]" time="0.004" /><testcase classname="tests.test_iter72_phase2_ui" name="test_catalog_list[towing_partners]" time="0.004" /><testcase classname="tests.test_iter72_phase2_ui" name="test_catalog_list[nearby_businesses]" time="0.004" /><testcase classname="tests.test_iter72_phase2_ui" name="test_catalog_list[ondemand_services]" time="0.004" /><testcase classname="tests.test_iter72_phase2_ui" name="test_catalog_list[marketplace_listings]" time="0.005" /><testcase classname="tests.test_iter72_phase2_ui" name="test_catalog_list[carpool_trips]" time="0.005" /><testcase classname="tests.test_iter72_phase2_ui" name="test_catalog_list[bidding_posts]" time="0.004" /><testcase classname="tests.test_iter72_phase2_ui" name="test_tip_requires_auth" time="0.002" /><testcase classname="tests.test_iter72_phase2_ui" name="test_tip_404_on_missing_ride" time="0.004" /><testcase classname="tests.test_iter72_phase2_ui" name="test_pool_enable_requires_auth" time="0.013" /><testcase classname="tests.test_iter72_phase2_ui" name="test_pool_enable_404_on_missing_ride" time="0.045" /><testcase classname="tests.test_iter72_phase2_ui" name="test_negotiation_gap_13_keys" time="0.280" /><testcase classname="tests.test_iter72_phase2_ui" name="test_phone_register_and_duplicate" time="0.235" /><testcase classname="tests.test_iter73_fixes" name="test_admin_email_login_works" time="0.231" /><testcase classname="tests.test_iter73_fixes" name="test_user_email_login_works" time="0.232" /><testcase classname="tests.test_iter73_fixes" name="test_invalid_email_login" time="0.004" /><testcase classname="tests.test_iter73_fixes" name="test_bidding_posts_catalog_200" time="0.004" /><testcase classname="tests.test_iter73_fixes" name="test_pool_enable_preserves_original_fare" time="0.455" /><testcase classname="tests.test_iter74_acl_admins.TestAclRolesSeed" name="test_seven_default_system_roles_present" time="0.451" /><testcase classname="tests.test_iter74_acl_admins.TestAclRolesSeed" name="test_system_roles_have_is_system_flag" time="0.000" /><testcase classname="tests.test_iter74_acl_admins.TestAclRolesSeed" name="test_permissions_registry_returns_items" time="0.080" /><testcase classname="tests.test_iter74_acl_admins.TestAclAdminsCrud" name="test_list_admins_returns_super_admin" time="0.086" /><testcase classname="tests.test_iter74_acl_admins.TestAclAdminsCrud" name="test_create_admin_success_and_login" time="0.778" /><testcase classname="tests.test_iter74_acl_admins.TestAclAdminsCrud" name="test_create_admin_duplicate_email_returns_400" time="0.087" /><testcase classname="tests.test_iter74_acl_admins.TestAclAdminsCrud" name="test_create_admin_invalid_role_returns_400" time="0.096" /><testcase classname="tests.test_iter74_acl_admins.TestAclAdminsCrud" name="test_update_admin_partial_fields" time="0.270" /><testcase classname="tests.test_iter74_acl_admins.TestAclAdminsCrud" name="test_update_admin_email_collision_returns_400" time="0.083" /><testcase classname="tests.test_iter74_acl_admins.TestAclAdminsCrud" name="test_update_admin_not_found_returns_404" time="0.082" /><testcase classname="tests.test_iter74_acl_admins.TestAclAdminsCrud" name="test_toggle_status_flips_is_active" time="0.175" /><testcase classname="tests.test_iter74_acl_admins.TestAclAdminsCrud" name="test_toggle_status_unknown_returns_404" time="0.092" /><testcase classname="tests.test_iter74_acl_admins.TestAclAdminsCrud" name="test_cannot_delete_self" time="0.160" /><testcase classname="tests.test_iter74_acl_admins.TestAclAdminsCrud" name="test_delete_admin_cleanup_and_verify" time="0.267" /><testcase classname="tests.test_iter74_acl_admins.TestAclAdminsAuthGuard" name="test_create_without_auth_returns_401_or_403" time="0.081" /><testcase classname="tests.test_iter74_acl_admins.TestAclAdminsAuthGuard" name="test_non_admin_user_cannot_create" time="0.417" /><testcase classname="tests.test_iter75_refactor_smoke" name="test_kiosk_book_still_works_after_refactor" time="0.685" /><testcase classname="tests.test_iter75_refactor_smoke" name="test_update_admin_all_4_helpers" time="1.026" /><testcase classname="tests.test_iter75_refactor_smoke" name="test_update_admin_email_collision_400" time="0.695" /><testcase classname="tests.test_iter75_refactor_smoke" name="test_simulation_start_creates_valid_driver" time="0.278" /><testcase classname="tests.test_iter75_refactor_smoke" name="test_auth_me_works_via_cookie_only" time="0.045" /><testcase classname="tests.test_iter76_admin_users" name="test_create_user_success_and_wallet" time="0.714" /><testcase classname="tests.test_iter76_admin_users" name="test_create_user_missing_fields_400" time="0.048" /><testcase classname="tests.test_iter76_admin_users" name="test_create_user_duplicate_email_400" time="0.379" /><testcase classname="tests.test_iter76_admin_users" name="test_create_user_duplicate_phone_400" time="0.369" /><testcase classname="tests.test_iter76_admin_users" name="test_get_user_404" time="0.047" /><testcase classname="tests.test_iter76_admin_users" name="test_update_user_partial_and_persistence" time="0.445" /><testcase classname="tests.test_iter76_admin_users" name="test_update_user_password_relogin" time="0.906" /><testcase classname="tests.test_iter76_admin_users" name="test_update_user_email_collision_400" time="0.714" /><testcase classname="tests.test_iter76_admin_users" name="test_update_user_phone_collision_400" time="0.708" /><testcase classname="tests.test_iter76_admin_users" name="test_update_user_404" time="0.052" /><testcase classname="tests.test_iter76_admin_users" name="test_delete_user_removes_wallet" time="0.371" /><testcase classname="tests.test_iter76_admin_users" name="test_delete_admin_blocked_400" time="0.096" /><testcase classname="tests.test_iter77_wallet_credit" name="test_credit_positive_amount_increases_balance" time="0.774" /><testcase classname="tests.test_iter77_wallet_credit" name="test_credit_multiple_credits_accumulate" time="0.464" /><testcase classname="tests.test_iter77_wallet_credit" name="test_debit_negative_amount_decreases_balance" time="0.425" /><testcase classname="tests.test_iter77_wallet_credit" name="test_credit_zero_amount_returns_400" time="0.384" /><testcase classname="tests.test_iter77_wallet_credit" name="test_credit_missing_amount_returns_400" time="0.381" /><testcase classname="tests.test_iter77_wallet_credit" name="test_credit_invalid_amount_returns_400" time="0.376" /><testcase classname="tests.test_iter77_wallet_credit" name="test_credit_user_not_found_404" time="0.050" /><testcase classname="tests.test_iter77_wallet_credit" name="test_credit_requires_admin_auth" time="0.124" /><testcase classname="tests.test_iter77_wallet_credit" name="test_smoke_e2e_credit_then_debit_flow" time="0.483" /><testcase classname="tests.test_iter78_user_documents" name="test_get_documents_empty" time="0.690" /><testcase classname="tests.test_iter78_user_documents" name="test_get_documents_user_not_found" time="0.051" /><testcase classname="tests.test_iter78_user_documents" name="test_post_document_success" time="0.432" /><testcase classname="tests.test_iter78_user_documents" name="test_post_document_missing_file_url" time="0.385" /><testcase classname="tests.test_iter78_user_documents" name="test_post_document_user_not_found" time="0.050" /><testcase classname="tests.test_iter78_user_documents" name="test_delete_document_success" time="0.479" /><testcase classname="tests.test_iter78_user_documents" name="test_delete_document_not_found" time="0.380" /><testcase classname="tests.test_iter78_user_documents" name="test_get_documents_includes_synthetic_profile_when_avatar" time="0.426" /><testcase classname="tests.test_iter78_user_documents" name="test_full_crud_flow" time="0.628" /></testsuite></testsuites>