<?xml version="1.0" encoding="utf-8"?><testsuites name="pytest tests"><testsuite name="pytest" errors="0" failures="0" skipped="0" tests="7" time="4.422" timestamp="2026-06-11T09:07:03.426888+00:00" hostname="agent-env-3df6b203-1517-4eaf-bbe9-d5e02d251c6c"><testcase classname="tests.test_iter249_cash_due_collection" name="test_wallet_shortfall_then_not_received_creates_debt" time="0.486" /><testcase classname="tests.test_iter249_cash_due_collection" name="test_cash_received_marks_paid" time="1.057" /><testcase classname="tests.test_iter249b_debt_auto_recovery" name="test_topup_auto_recovers_debt" time="0.357" /><testcase classname="tests.test_iter249b_debt_auto_recovery" name="test_partial_recovery_leaves_remaining_debt" time="0.376" /><testcase classname="tests.test_iter250_cash_due_full_chain" name="test_cash_ride_full_amount_due_then_received_marks_paid" time="0.420" /><testcase classname="tests.test_iter250_cash_due_full_chain" name="test_collect_cash_forbidden_for_non_owner_non_admin" time="0.882" /><testcase classname="tests.test_iter250_cash_due_full_chain" name="test_incoming_transfer_recovers_outstanding_debt" time="0.691" /></testsuite></testsuites>