<?xml version="1.0" encoding="utf-8"?><testsuites name="pytest tests"><testsuite name="pytest" errors="0" failures="0" skipped="0" tests="6" time="3.996" timestamp="2026-06-09T09:56:08.583954+00:00" hostname="agent-env-3df6b203-1517-4eaf-bbe9-d5e02d251c6c"><testcase classname="tests.test_iter202_dispatch_control_tower" name="test_overview_shape_and_totals" time="1.636" /><testcase classname="tests.test_iter202_dispatch_control_tower" name="test_payment_method_hidden_from_driver_pending_feed" time="0.307" /><testcase classname="tests.test_iter202_dispatch_control_tower" name="test_dispatch_config_persistence" time="0.249" /><testcase classname="tests.test_iter202_dispatch_control_tower" name="test_driver_behavior_and_suspend_flow" time="0.447" /><testcase classname="tests.test_iter202_dispatch_control_tower" name="test_driver_auto_offline_on_refusals" time="1.139" /><testcase classname="tests.test_iter202_dispatch_control_tower" name="test_role_gating_passenger_cannot_access" time="0.132" /></testsuite></testsuites>