<?xml version="1.0" encoding="utf-8"?><testsuites name="pytest tests"><testsuite name="pytest" errors="0" failures="0" skipped="0" tests="12" time="56.765" timestamp="2026-06-10T12:32:34.379631+00:00" hostname="agent-env-3df6b203-1517-4eaf-bbe9-d5e02d251c6c"><testcase classname="tests.test_iter228_payouts_c2.TestSLA" name="test_driver_sla" time="1.111" /><testcase classname="tests.test_iter228_payouts_c2.TestSLA" name="test_merchant_sla" time="0.410" /><testcase classname="tests.test_iter228_payouts_c2.TestSLA" name="test_admin_get_sla_config" time="0.119" /><testcase classname="tests.test_iter228_payouts_c2.TestSLA" name="test_admin_put_partial_merge" time="0.278" /><testcase classname="tests.test_iter228_payouts_c2.TestSLA" name="test_non_admin_cannot_get_admin_config" time="0.119" /><testcase classname="tests.test_iter228_payouts_c2.TestExpressWithdraw" name="test_standard_withdraw_europe" time="0.603" /><testcase classname="tests.test_iter228_payouts_c2.TestExpressWithdraw" name="test_express_withdraw_europe" time="20.602" /><testcase classname="tests.test_iter228_payouts_c2.TestExpressWithdraw" name="test_express_fee_guard" time="31.078" /><testcase classname="tests.test_iter228_payouts_c2.TestExpressWithdraw" name="test_express_freezes_full_amount" time="0.861" /><testcase classname="tests.test_iter228_payouts_c2.TestExpressWithdraw" name="test_africa_no_express" time="0.434" /><testcase classname="tests.test_iter228_payouts_c2.TestLinkedAccounts" name="test_link_full_flow" time="0.843" /><testcase classname="tests.test_iter228_payouts_c2.TestLinkedAccounts" name="test_unknown_identifier" time="0.189" /></testsuite></testsuites>