<?xml version="1.0" encoding="utf-8"?><testsuites name="pytest tests"><testsuite name="pytest" errors="0" failures="0" skipped="1" tests="13" time="4.561" timestamp="2026-04-18T21:34:42.926412+00:00" hostname="agent-env-73a50c57-9101-47d1-a5d0-6badface9964"><testcase classname="backend.tests.test_iter48_negotiation" name="test_create_ride_with_proposed_fare" time="0.554" /><testcase classname="backend.tests.test_iter48_negotiation" name="test_create_ride_without_proposed_fare_defaults" time="0.098" /><testcase classname="backend.tests.test_iter48_negotiation" name="test_driver_counter_offer_success" time="0.481" /><testcase classname="backend.tests.test_iter48_negotiation" name="test_counter_offer_rejects_non_driver" time="0.228" /><testcase classname="backend.tests.test_iter48_negotiation" name="test_counter_offer_invalid_amount" time="0.285" /><testcase classname="backend.tests.test_iter48_negotiation" name="test_counter_offer_same_driver_replaces_pending" time="0.370" /><testcase classname="backend.tests.test_iter48_negotiation" name="test_counter_offer_non_pending_ride" time="0.373" /><testcase classname="backend.tests.test_iter48_negotiation" name="test_get_ride_returns_counter_offers" time="0.273" /><testcase classname="backend.tests.test_iter48_negotiation" name="test_passenger_accept_offer" time="0.345" /><testcase classname="backend.tests.test_iter48_negotiation" name="test_accept_offer_rejects_non_owner" time="0.632" /><testcase classname="backend.tests.test_iter48_negotiation" name="test_accept_offer_non_pending_ride" time="0.380" /><testcase classname="backend.tests.test_iter48_negotiation" name="test_accept_offer_invalid_id" time="0.276" /><testcase classname="backend.tests.test_iter48_negotiation" name="test_driver_points_increment_on_offer_accept" time="0.165"><skipped type="pytest.skip" message="/api/drivers/me not available (404)">/app/backend/tests/test_iter48_negotiation.py:208: /api/drivers/me not available (404)</skipped></testcase></testsuite></testsuites>