<?xml version="1.0" encoding="utf-8"?><testsuites name="pytest tests"><testsuite name="pytest" errors="0" failures="0" skipped="0" tests="25" time="2.410" timestamp="2026-06-01T17:19:16.831319+00:00" hostname="agent-env-71749278-54a7-4bc5-89dd-d46ccdb76e63"><testcase classname="tests.test_iter73_fixes" name="test_admin_email_login_works" time="0.236" /><testcase classname="tests.test_iter73_fixes" name="test_user_email_login_works" time="0.230" /><testcase classname="tests.test_iter73_fixes" name="test_invalid_email_login" time="0.010" /><testcase classname="tests.test_iter73_fixes" name="test_bidding_posts_catalog_200" time="0.003" /><testcase classname="tests.test_iter73_fixes" name="test_pool_enable_preserves_original_fare" time="0.449" /><testcase classname="tests.test_iter72_phase2_ui" name="test_destination_mode_get_initial" time="0.272" /><testcase classname="tests.test_iter72_phase2_ui" name="test_destination_mode_enable_then_disable" time="0.173" /><testcase classname="tests.test_iter72_phase2_ui" name="test_destination_mode_forbids_non_driver" time="0.273" /><testcase classname="tests.test_iter72_phase2_ui" name="test_heatmap_driver_ok" time="0.003" /><testcase classname="tests.test_iter72_phase2_ui" name="test_heatmap_forbids_user" time="0.042" /><testcase classname="tests.test_iter72_phase2_ui" name="test_catalog_list[beauty_salons]" time="0.004" /><testcase classname="tests.test_iter72_phase2_ui" name="test_catalog_list[pet_providers]" time="0.003" /><testcase classname="tests.test_iter72_phase2_ui" name="test_catalog_list[car_services]" time="0.003" /><testcase classname="tests.test_iter72_phase2_ui" name="test_catalog_list[towing_partners]" time="0.003" /><testcase classname="tests.test_iter72_phase2_ui" name="test_catalog_list[nearby_businesses]" time="0.003" /><testcase classname="tests.test_iter72_phase2_ui" name="test_catalog_list[ondemand_services]" time="0.003" /><testcase classname="tests.test_iter72_phase2_ui" name="test_catalog_list[marketplace_listings]" time="0.003" /><testcase classname="tests.test_iter72_phase2_ui" name="test_catalog_list[carpool_trips]" time="0.003" /><testcase classname="tests.test_iter72_phase2_ui" name="test_catalog_list[bidding_posts]" time="0.002" /><testcase classname="tests.test_iter72_phase2_ui" name="test_tip_requires_auth" time="0.001" /><testcase classname="tests.test_iter72_phase2_ui" name="test_tip_404_on_missing_ride" time="0.043" /><testcase classname="tests.test_iter72_phase2_ui" name="test_pool_enable_requires_auth" time="0.002" /><testcase classname="tests.test_iter72_phase2_ui" name="test_pool_enable_404_on_missing_ride" time="0.043" /><testcase classname="tests.test_iter72_phase2_ui" name="test_negotiation_gap_13_keys" time="0.277" /><testcase classname="tests.test_iter72_phase2_ui" name="test_phone_register_and_duplicate" time="0.233" /></testsuite></testsuites>