<?xml version="1.0" encoding="utf-8"?><testsuites name="pytest tests"><testsuite name="pytest" errors="0" failures="0" skipped="0" tests="5" time="2.210" timestamp="2026-06-04T07:05:36.246097+00:00" hostname="agent-env-4f3f549a-b73e-477b-ae8e-7aabbfcc6d16"><testcase classname="backend.tests.test_iter100_ride_profiles.TestPublicConfig" name="test_ride_profiles_public" time="0.265" /><testcase classname="backend.tests.test_iter100_ride_profiles.TestPublicConfig" name="test_business_trip_reasons_public" time="0.138" /><testcase classname="backend.tests.test_iter100_ride_profiles.TestRideCreationWithProfile" name="test_create_ride_business_with_reason" time="0.867" /><testcase classname="backend.tests.test_iter100_ride_profiles.TestRideCreationWithProfile" name="test_create_ride_personal_no_reason" time="0.443" /><testcase classname="backend.tests.test_iter100_ride_profiles.TestRideCreationWithProfile" name="test_create_ride_without_profile_still_works" time="0.404" /></testsuite></testsuites>