<?xml version="1.0" encoding="utf-8"?><testsuites name="pytest tests"><testsuite name="pytest" errors="0" failures="0" skipped="0" tests="7" time="2.448" timestamp="2026-06-15T21:03:23.612742+00:00" hostname="agent-env-3df6b203-1517-4eaf-bbe9-d5e02d251c6c"><testcase classname="tests.test_iter538_broadcast_admin" name="test_non_admin_rejected" time="0.506" /><testcase classname="tests.test_iter538_broadcast_admin" name="test_list_returns_items_and_audiences" time="0.363" /><testcase classname="tests.test_iter538_broadcast_admin" name="test_create_update_send_delete_merchant" time="0.943" /><testcase classname="tests.test_iter538_broadcast_admin" name="test_create_validation" time="0.047" /><testcase classname="tests.test_iter538_broadcast_admin" name="test_create_invalid_audience_defaults_to_client" time="0.100" /><testcase classname="tests.test_iter538_cancel_notify" name="test_cancel_notifies_assigned_driver" time="0.099" /><testcase classname="tests.test_iter538_cancel_notify" name="test_accept_409_message_when_cancelled" time="0.003" /></testsuite></testsuites>