<?xml version="1.0" encoding="utf-8"?><testsuites name="pytest tests"><testsuite name="pytest" errors="0" failures="0" skipped="0" tests="13" time="2.422" timestamp="2026-06-08T12:00:08.364513+00:00" hostname="agent-env-3df6b203-1517-4eaf-bbe9-d5e02d251c6c"><testcase classname="tests.test_iter170_admin_audit.TestPromocodes" name="test_admin_list_coupons" time="0.501" /><testcase classname="tests.test_iter170_admin_audit.TestPromocodes" name="test_create_coupon_persists" time="0.184" /><testcase classname="tests.test_iter170_admin_audit.TestServiceConfig" name="test_get_pool_config" time="0.124" /><testcase classname="tests.test_iter170_admin_audit.TestServiceConfig" name="test_pool_config_save_and_persist" time="0.362" /><testcase classname="tests.test_iter170_admin_audit.TestServiceConfig" name="test_taxi_booking_config_get" time="0.093" /><testcase classname="tests.test_iter170_admin_audit.TestHomeCategoriesCMS" name="test_admin_list" time="0.086" /><testcase classname="tests.test_iter170_admin_audit.TestHomeCategoriesCMS" name="test_sections_list" time="0.119" /><testcase classname="tests.test_iter170_admin_audit.TestPromoBannersCMS" name="test_admin_list_banners" time="0.087" /><testcase classname="tests.test_iter170_admin_audit.TestNewsCMS" name="test_admin_list_news" time="0.105" /><testcase classname="tests.test_iter170_admin_audit.TestNewsletter" name="test_subscribe_seed" time="0.091" /><testcase classname="tests.test_iter170_admin_audit.TestNewsletter" name="test_list_subscribers" time="0.112" /><testcase classname="tests.test_iter170_admin_audit.TestNewsletter" name="test_list_campaigns" time="0.104" /><testcase classname="tests.test_iter170_admin_audit.TestNewsletter" name="test_send_newsletter_creates_campaign" time="0.338" /></testsuite></testsuites>