<?xml version="1.0" encoding="utf-8"?><testsuites name="pytest tests"><testsuite name="pytest" errors="0" failures="0" skipped="0" tests="17" time="14.859" timestamp="2026-06-10T12:12:03.224366+00:00" hostname="agent-env-3df6b203-1517-4eaf-bbe9-d5e02d251c6c"><testcase classname="tests.test_iter227_payouts_c1.TestPayoutMethodGet" name="test_driver_europe_default" time="0.481" /><testcase classname="tests.test_iter227_payouts_c1.TestPayoutMethodGet" name="test_driver_africa_after_region_change" time="0.016" /><testcase classname="tests.test_iter227_payouts_c1.TestPayoutMethodPost" name="test_client_role_forbidden" time="9.959" /><testcase classname="tests.test_iter227_payouts_c1.TestPayoutMethodPost" name="test_missing_selfie_400" time="0.006" /><testcase classname="tests.test_iter227_payouts_c1.TestPayoutMethodPost" name="test_missing_id_doc_400" time="0.005" /><testcase classname="tests.test_iter227_payouts_c1.TestPayoutMethodPost" name="test_europe_user_submitting_mobile_money_400" time="0.014" /><testcase classname="tests.test_iter227_payouts_c1.TestPayoutMethodPost" name="test_submit_rib_europe_ok_returns_ai_face_match" time="3.468" /><testcase classname="tests.test_iter227_payouts_c1.TestPayoutMethodPost" name="test_africa_user_submitting_rib_400" time="0.017" /><testcase classname="tests.test_iter227_payouts_c1.TestAdminMethodReview" name="test_admin_can_list_methods" time="0.023" /><testcase classname="tests.test_iter227_payouts_c1.TestAdminMethodReview" name="test_approve_method" time="0.016" /><testcase classname="tests.test_iter227_payouts_c1.TestWithdrawalFlow" name="test_credit_driver_and_withdraw_succeeds" time="0.635" /><testcase classname="tests.test_iter227_payouts_c1.TestWithdrawalFlow" name="test_admin_listing_includes_score_and_ai" time="0.014" /><testcase classname="tests.test_iter227_payouts_c1.TestWithdrawalFlow" name="test_approve_with_reduced_amount_refunds_diff" time="0.019" /><testcase classname="tests.test_iter227_payouts_c1.TestWithdrawalFlow" name="test_mark_paid_after_approved" time="0.006" /><testcase classname="tests.test_iter227_payouts_c1.TestWithdrawalFlow" name="test_reject_refunds_full" time="0.036" /><testcase classname="tests.test_iter227_payouts_c1.TestWithdrawGateWithoutApproved" name="test_reject_then_request_blocked" time="0.022" /><testcase classname="tests.test_iter227_payouts_c1.TestWithdrawGateWithoutApproved" name="test_client_role_403_on_withdraw" time="0.002" /></testsuite></testsuites>