<?xml version="1.0" encoding="utf-8"?><testsuites name="pytest tests"><testsuite name="pytest" errors="0" failures="0" skipped="0" tests="5" time="2.940" timestamp="2026-06-01T18:09:48.731521+00:00" hostname="agent-env-71749278-54a7-4bc5-89dd-d46ccdb76e63"><testcase classname="tests.test_iter75_refactor_smoke" name="test_kiosk_book_still_works_after_refactor" time="0.758" /><testcase classname="tests.test_iter75_refactor_smoke" name="test_update_admin_all_4_helpers" time="1.037" /><testcase classname="tests.test_iter75_refactor_smoke" name="test_update_admin_email_collision_400" time="0.726" /><testcase classname="tests.test_iter75_refactor_smoke" name="test_simulation_start_creates_valid_driver" time="0.278" /><testcase classname="tests.test_iter75_refactor_smoke" name="test_auth_me_works_via_cookie_only" time="0.047" /></testsuite></testsuites>