<?xml version="1.0" encoding="utf-8"?><testsuites name="pytest tests"><testsuite name="pytest" errors="0" failures="0" skipped="0" tests="4" time="1.440" timestamp="2026-06-14T02:35:39.069811+00:00" hostname="agent-env-3df6b203-1517-4eaf-bbe9-d5e02d251c6c"><testcase classname="tests.test_security" name="test_security_overview_structure" time="0.494" /><testcase classname="tests.test_security" name="test_security_driving_scores_bounded" time="0.418" /><testcase classname="tests.test_security" name="test_security_events_have_severity" time="0.357" /><testcase classname="tests.test_security" name="test_security_requires_auth" time="0.078" /></testsuite></testsuites>