<?xml version="1.0" encoding="utf-8"?><testsuites name="pytest tests"><testsuite name="pytest" errors="0" failures="0" skipped="0" tests="11" time="9.775" timestamp="2026-06-14T08:45:33.393660+00:00" hostname="agent-env-3df6b203-1517-4eaf-bbe9-d5e02d251c6c"><testcase classname="tests.test_iter392_towing" name="test_problem_types" time="0.516" /><testcase classname="tests.test_iter392_towing" name="test_estimate_towing_10km" time="0.075" /><testcase classname="tests.test_iter392_towing" name="test_estimate_battery_no_distance" time="0.122" /><testcase classname="tests.test_iter392_towing" name="test_estimate_invalid_type" time="0.080" /><testcase classname="tests.test_iter392_towing" name="test_create_request_missing_pickup" time="0.481" /><testcase classname="tests.test_iter392_towing" name="test_create_request_invalid_type" time="0.072" /><testcase classname="tests.test_iter392_towing" name="test_create_request_battery_assigns_operator" time="0.089" /><testcase classname="tests.test_iter392_towing" name="test_live_progression" time="7.264" /><testcase classname="tests.test_iter392_towing" name="test_complete_debits_wallet" time="0.570" /><testcase classname="tests.test_iter392_towing" name="test_complete_insufficient_balance" time="0.173" /><testcase classname="tests.test_iter392_towing" name="test_cancel_and_history" time="0.229" /></testsuite></testsuites>