<?xml version="1.0" encoding="utf-8"?><testsuites name="pytest tests"><testsuite name="pytest" errors="0" failures="0" skipped="0" tests="11" time="1.395" timestamp="2026-06-12T11:32:22.331133+00:00" hostname="agent-env-3df6b203-1517-4eaf-bbe9-d5e02d251c6c"><testcase classname="tests.test_iter315_bookings_hub" name="test_overview" time="0.509" /><testcase classname="tests.test_iter315_bookings_hub" name="test_live" time="0.090" /><testcase classname="tests.test_iter315_bookings_hub" name="test_scheduled" time="0.087" /><testcase classname="tests.test_iter315_bookings_hub" name="test_rides_history" time="0.063" /><testcase classname="tests.test_iter315_bookings_hub" name="test_orders_list" time="0.059" /><testcase classname="tests.test_iter315_bookings_hub" name="test_manual_ride_instant_and_cancel" time="0.114" /><testcase classname="tests.test_iter315_bookings_hub" name="test_manual_ride_scheduled_then_reschedule" time="0.111" /><testcase classname="tests.test_iter315_bookings_hub" name="test_manual_ride_missing_address" time="0.052" /><testcase classname="tests.test_iter315_bookings_hub" name="test_manual_order_courier" time="0.058" /><testcase classname="tests.test_iter315_bookings_hub" name="test_manual_order_missing_address" time="0.051" /><testcase classname="tests.test_iter315_bookings_hub" name="test_reassign_invalid_driver" time="0.114" /></testsuite></testsuites>