<?xml version="1.0" encoding="utf-8"?><testsuites name="pytest tests"><testsuite name="pytest" errors="0" failures="0" skipped="0" tests="12" time="4.079" timestamp="2026-06-14T09:18:08.505467+00:00" hostname="agent-env-3df6b203-1517-4eaf-bbe9-d5e02d251c6c"><testcase classname="tests.test_iter394_towing_kyc_commission" name="test_register_sets_pending" time="1.502" /><testcase classname="tests.test_iter394_towing_kyc_commission" name="test_online_403_when_not_approved" time="0.081" /><testcase classname="tests.test_iter394_towing_kyc_commission" name="test_documents_attach_and_keep_pending" time="0.199" /><testcase classname="tests.test_iter394_towing_kyc_commission" name="test_admin_list_operators" time="0.384" /><testcase classname="tests.test_iter394_towing_kyc_commission" name="test_admin_requires_admin" time="0.075" /><testcase classname="tests.test_iter394_towing_kyc_commission" name="test_admin_settings_get_put_validation" time="0.501" /><testcase classname="tests.test_iter394_towing_kyc_commission" name="test_admin_reject_then_online_403" time="0.161" /><testcase classname="tests.test_iter394_towing_kyc_commission" name="test_admin_approve_then_online_ok" time="0.152" /><testcase classname="tests.test_iter394_towing_kyc_commission" name="test_admin_verify_invalid_action" time="0.084" /><testcase classname="tests.test_iter394_towing_kyc_commission" name="test_admin_verify_unknown_user" time="0.074" /><testcase classname="tests.test_iter394_towing_kyc_commission" name="test_completion_commission_split_and_idempotent" time="0.622" /><testcase classname="tests.test_iter394_towing_kyc_commission" name="test_admin_revenue_aggregates" time="0.078" /></testsuite></testsuites>