<?xml version="1.0" encoding="utf-8"?><testsuites name="pytest tests"><testsuite name="pytest" errors="0" failures="0" skipped="0" tests="4" time="0.459" timestamp="2026-06-12T21:43:34.495667+00:00" hostname="agent-env-3df6b203-1517-4eaf-bbe9-d5e02d251c6c"><testcase classname="tests.test_iter342_carpool_requests" name="test_create_list_my_cancel_request" time="0.011" /><testcase classname="tests.test_iter342_carpool_requests" name="test_create_request_validation" time="0.000" /><testcase classname="tests.test_iter342_carpool_requests" name="test_fulfill_request_via_ride_creation_sends_notification" time="0.011" /><testcase classname="tests.test_iter342_carpool_requests" name="test_admin_revenue_requires_admin_role" time="0.001" /></testsuite></testsuites>