<?xml version="1.0" encoding="utf-8"?><testsuites name="pytest tests"><testsuite name="pytest" errors="0" failures="0" skipped="0" tests="7" time="1.895" timestamp="2026-06-14T10:37:14.880530+00:00" hostname="agent-env-3df6b203-1517-4eaf-bbe9-d5e02d251c6c"><testcase classname="tests.test_iter399_auto_garage" name="test_brands_endpoint" time="0.523" /><testcase classname="tests.test_iter399_auto_garage" name="test_products_unfiltered_count" time="0.090" /><testcase classname="tests.test_iter399_auto_garage" name="test_products_brand_filter_returns_brand_plus_universel" time="0.081" /><testcase classname="tests.test_iter399_auto_garage" name="test_products_brand_filter_yamaha" time="0.078" /><testcase classname="tests.test_iter399_auto_garage" name="test_garage_list_requires_auth" time="0.081" /><testcase classname="tests.test_iter399_auto_garage" name="test_garage_crud_flow" time="0.730" /><testcase classname="tests.test_iter399_auto_garage" name="test_order_flow_with_sbpay" time="0.211" /></testsuite></testsuites>