<?xml version="1.0" encoding="utf-8"?><testsuites name="pytest tests"><testsuite name="pytest" errors="0" failures="0" skipped="0" tests="13" time="1.895" timestamp="2026-05-12T01:09:57.074230+00:00" hostname="agent-env-71749278-54a7-4bc5-89dd-d46ccdb76e63"><testcase classname="backend.tests.test_iter60_smoke" name="test_phase2_catalogs[beauty_salons]" time="0.260" /><testcase classname="backend.tests.test_iter60_smoke" name="test_phase2_catalogs[car_services]" time="0.103" /><testcase classname="backend.tests.test_iter60_smoke" name="test_phase2_catalogs[towing_partners]" time="0.095" /><testcase classname="backend.tests.test_iter60_smoke" name="test_phase2_catalogs[pet_providers]" time="0.121" /><testcase classname="backend.tests.test_iter60_smoke" name="test_phase2_catalogs[nearby_businesses]" time="0.103" /><testcase classname="backend.tests.test_iter60_smoke" name="test_phase2_catalogs[ondemand_services]" time="0.103" /><testcase classname="backend.tests.test_iter60_smoke" name="test_phase2_catalogs[carpool_trips]" time="0.131" /><testcase classname="backend.tests.test_iter60_smoke" name="test_phase2_catalogs[marketplace_listings]" time="0.089" /><testcase classname="backend.tests.test_iter60_smoke" name="test_runner_booking_runner_mode" time="0.394" /><testcase classname="backend.tests.test_iter60_smoke" name="test_runner_booking_genie_mode" time="0.054" /><testcase classname="backend.tests.test_iter60_smoke" name="test_taxi_bidding_live_stats" time="0.091" /><testcase classname="backend.tests.test_iter60_smoke" name="test_ride_estimate" time="0.132" /><testcase classname="backend.tests.test_iter60_smoke" name="test_vehicle_types_config" time="0.088" /></testsuite></testsuites>