<?xml version="1.0" encoding="utf-8"?><testsuites name="pytest tests"><testsuite name="pytest" errors="0" failures="0" skipped="0" tests="16" time="3.883" timestamp="2026-06-01T17:43:02.170083+00:00" hostname="agent-env-71749278-54a7-4bc5-89dd-d46ccdb76e63"><testcase classname="tests.test_iter74_acl_admins.TestAclRolesSeed" name="test_seven_default_system_roles_present" time="0.649" /><testcase classname="tests.test_iter74_acl_admins.TestAclRolesSeed" name="test_system_roles_have_is_system_flag" time="0.000" /><testcase classname="tests.test_iter74_acl_admins.TestAclRolesSeed" name="test_permissions_registry_returns_items" time="0.164" /><testcase classname="tests.test_iter74_acl_admins.TestAclAdminsCrud" name="test_list_admins_returns_super_admin" time="0.138" /><testcase classname="tests.test_iter74_acl_admins.TestAclAdminsCrud" name="test_create_admin_success_and_login" time="0.888" /><testcase classname="tests.test_iter74_acl_admins.TestAclAdminsCrud" name="test_create_admin_duplicate_email_returns_400" time="0.098" /><testcase classname="tests.test_iter74_acl_admins.TestAclAdminsCrud" name="test_create_admin_invalid_role_returns_400" time="0.095" /><testcase classname="tests.test_iter74_acl_admins.TestAclAdminsCrud" name="test_update_admin_partial_fields" time="0.302" /><testcase classname="tests.test_iter74_acl_admins.TestAclAdminsCrud" name="test_update_admin_email_collision_returns_400" time="0.102" /><testcase classname="tests.test_iter74_acl_admins.TestAclAdminsCrud" name="test_update_admin_not_found_returns_404" time="0.087" /><testcase classname="tests.test_iter74_acl_admins.TestAclAdminsCrud" name="test_toggle_status_flips_is_active" time="0.184" /><testcase classname="tests.test_iter74_acl_admins.TestAclAdminsCrud" name="test_toggle_status_unknown_returns_404" time="0.102" /><testcase classname="tests.test_iter74_acl_admins.TestAclAdminsCrud" name="test_cannot_delete_self" time="0.203" /><testcase classname="tests.test_iter74_acl_admins.TestAclAdminsCrud" name="test_delete_admin_cleanup_and_verify" time="0.262" /><testcase classname="tests.test_iter74_acl_admins.TestAclAdminsAuthGuard" name="test_create_without_auth_returns_401_or_403" time="0.089" /><testcase classname="tests.test_iter74_acl_admins.TestAclAdminsAuthGuard" name="test_non_admin_user_cannot_create" time="0.407" /></testsuite></testsuites>