<?xml version="1.0" encoding="utf-8"?><testsuites name="pytest tests"><testsuite name="pytest" errors="0" failures="0" skipped="0" tests="9" time="5.009" timestamp="2026-06-09T09:12:46.639602+00:00" hostname="agent-env-3df6b203-1517-4eaf-bbe9-d5e02d251c6c"><testcase classname="tests.test_iter199_uploads" name="test_upload_requires_auth" time="0.171" /><testcase classname="tests.test_iter199_uploads" name="test_upload_rejects_non_image" time="0.373" /><testcase classname="tests.test_iter199_uploads" name="test_upload_rejects_too_large" time="0.303" /><testcase classname="tests.test_iter199_uploads" name="test_upload_and_public_serve" time="0.536" /><testcase classname="tests.test_iter199_uploads" name="test_merchant_persist_image_and_gallery" time="0.830" /><testcase classname="tests.test_iter199_uploads" name="test_merchant_gallery_capped_at_12" time="0.049" /><testcase classname="tests.test_iter199_uploads" name="test_admin_update_merchant_image" time="0.671" /><testcase classname="tests.test_iter199_uploads" name="test_admin_update_provider_photo_and_gallery" time="0.590" /><testcase classname="tests.test_iter199_uploads" name="test_livechat_still_works" time="1.296" /></testsuite></testsuites>