<?xml version="1.0" encoding="utf-8"?><testsuites name="pytest tests"><testsuite name="pytest" errors="0" failures="0" skipped="0" tests="14" time="2.584" timestamp="2026-06-05T07:52:25.280540+00:00" hostname="agent-env-4f3f549a-b73e-477b-ae8e-7aabbfcc6d16"><testcase classname="backend.tests.test_iter115_pharmacy_admin_config.TestAdminSettings" name="test_get_settings" time="0.526" /><testcase classname="backend.tests.test_iter115_pharmacy_admin_config.TestAdminSettings" name="test_put_settings" time="0.094" /><testcase classname="backend.tests.test_iter115_pharmacy_admin_config.TestAdminSettings" name="test_non_admin_forbidden" time="0.362" /><testcase classname="backend.tests.test_iter115_pharmacy_admin_config.TestSettingsConnectivity" name="test_min_fee_when_below_threshold" time="0.191" /><testcase classname="backend.tests.test_iter115_pharmacy_admin_config.TestSettingsConnectivity" name="test_free_delivery_above_threshold" time="0.249" /><testcase classname="backend.tests.test_iter115_pharmacy_admin_config.TestActiveToggle" name="test_inactive_blocks_order" time="0.242" /><testcase classname="backend.tests.test_iter115_pharmacy_admin_config.TestActiveToggle" name="test_active_restores_order" time="0.243" /><testcase classname="backend.tests.test_iter115_pharmacy_admin_config.TestCategoriesCRUD" name="test_list" time="0.048" /><testcase classname="backend.tests.test_iter115_pharmacy_admin_config.TestCategoriesCRUD" name="test_create" time="0.051" /><testcase classname="backend.tests.test_iter115_pharmacy_admin_config.TestCategoriesCRUD" name="test_duplicate_400" time="0.049" /><testcase classname="backend.tests.test_iter115_pharmacy_admin_config.TestCategoriesCRUD" name="test_public_reflects" time="0.045" /><testcase classname="backend.tests.test_iter115_pharmacy_admin_config.TestCategoriesCRUD" name="test_update_rename" time="0.048" /><testcase classname="backend.tests.test_iter115_pharmacy_admin_config.TestCategoriesCRUD" name="test_delete_blocked_when_used" time="0.140" /><testcase classname="backend.tests.test_iter115_pharmacy_admin_config.TestCategoriesCRUD" name="test_delete" time="0.182" /></testsuite></testsuites>