<?xml version="1.0" encoding="utf-8"?><testsuites name="pytest tests"><testsuite name="pytest" errors="0" failures="0" skipped="0" tests="10" time="4.747" timestamp="2026-06-11T18:31:19.843950+00:00" hostname="agent-env-3df6b203-1517-4eaf-bbe9-d5e02d251c6c"><testcase classname="tests.test_iter276_favorites_api" name="test_list_favorite_drivers_returns_array" time="0.447" /><testcase classname="tests.test_iter276_favorites_api" name="test_recent_drivers_returns_array_with_seeded_data" time="0.429" /><testcase classname="tests.test_iter276_favorites_api" name="test_add_remove_and_max_two_enforced" time="0.976" /><testcase classname="tests.test_iter276_favorites_api" name="test_replace_flow_remove_then_add" time="0.998" /><testcase classname="tests.test_iter276_favorites_api" name="test_add_nonexistent_driver_404" time="0.368" /><testcase classname="tests.test_iter276_favorites_api" name="test_admin_auto_dispatch_config_has_favorite_head_start" time="0.353" /><testcase classname="tests.test_iter276_favorites_api" name="test_admin_update_favorite_head_start_persists_and_clamps" time="0.592" /><testcase classname="tests.test_iter276_favorites_api" name="test_zzz_final_cleanup_paul_max_2" time="0.399" /><testcase classname="tests.test_iter276_favorite_dispatch" name="test_head_start_clamping" time="0.000" /><testcase classname="tests.test_iter276_favorite_dispatch" name="test_online_favorite_drivers_only_returns_online_approved" time="0.010" /></testsuite></testsuites>