<?xml version="1.0" encoding="utf-8"?><testsuites name="pytest tests"><testsuite name="pytest" errors="0" failures="2" skipped="0" tests="11" time="8.586" timestamp="2026-06-02T08:09:33.217998+00:00" hostname="agent-env-71749278-54a7-4bc5-89dd-d46ccdb76e63"><testcase classname="tests.test_iter79_voice.TestVoiceAuth" name="test_no_auth_rejected" time="0.305" /><testcase classname="tests.test_iter79_voice.TestVoiceValidation" name="test_empty_transcript_rejected" time="0.394" /><testcase classname="tests.test_iter79_voice.TestVoiceValidation" name="test_whitespace_transcript_rejected" time="0.046" /><testcase classname="tests.test_iter79_voice.TestVoiceValidation" name="test_oversize_transcript_rejected" time="0.046" /><testcase classname="tests.test_iter79_voice.TestVoiceLLM" name="test_book_taxi_premium_french" time="3.645" /><testcase classname="tests.test_iter79_voice.TestVoiceLLM" name="test_unknown_intent_phrase" time="2.023"><failure message="assert 0.6 &lt; 0.5&#10; +  where 0.6 = float(0.6)">tests/test_iter79_voice.py:87: in test_unknown_intent_phrase
    assert float(p["confidence"]) &lt; 0.5
E   assert 0.6 &lt; 0.5
E    +  where 0.6 = float(0.6)</failure></testcase><testcase classname="tests.test_iter79_voice.TestVoiceFallbackHeuristic" name="test_fallback_detects_taxi_intent" time="0.253" /><testcase classname="tests.test_iter79_voice.TestVoiceFallbackHeuristic" name="test_fallback_detects_moto" time="0.000" /><testcase classname="tests.test_iter79_voice.TestVoiceFallbackHeuristic" name="test_fallback_unknown" time="0.000"><failure message="assert 0.6 == 0.0">tests/test_iter79_voice.py:112: in test_fallback_unknown
    assert out["confidence"] == 0.0
E   assert 0.6 == 0.0</failure></testcase><testcase classname="tests.test_iter79_voice.TestVoiceFallbackHeuristic" name="test_fallback_delivery" time="0.000" /><testcase classname="tests.test_iter79_voice.TestVoiceAnalytics" name="test_voice_booking_inserted" time="1.742" /></testsuite></testsuites>