<?xml version="1.0" encoding="utf-8"?><testsuites name="pytest tests"><testsuite name="pytest" errors="0" failures="0" skipped="0" tests="8" time="1.988" timestamp="2026-06-14T18:56:26.616558+00:00" hostname="agent-env-3df6b203-1517-4eaf-bbe9-d5e02d251c6c"><testcase classname="tests.test_itineraries" name="test_existing_seed_public_token" time="0.739" /><testcase classname="tests.test_itineraries" name="test_public_invalid_token_returns_404" time="0.120" /><testcase classname="tests.test_itineraries" name="test_list_itineraries_requires_auth" time="0.077" /><testcase classname="tests.test_itineraries" name="test_list_itineraries_authenticated" time="0.413" /><testcase classname="tests.test_itineraries" name="test_create_itinerary_missing_title" time="0.050" /><testcase classname="tests.test_itineraries" name="test_create_itinerary_no_places" time="0.048" /><testcase classname="tests.test_itineraries" name="test_create_list_delete_full_flow" time="0.379" /><testcase classname="tests.test_itineraries" name="test_max_places_validation" time="0.050" /></testsuite></testsuites>