<?xml version="1.0" encoding="utf-8"?><testsuites name="pytest tests"><testsuite name="pytest" errors="0" failures="0" skipped="0" tests="5" time="4.967" timestamp="2026-06-10T17:01:28.916636+00:00" hostname="agent-env-3df6b203-1517-4eaf-bbe9-d5e02d251c6c"><testcase classname="tests.test_p22_p23_http" name="test_delivery_options_includes_grouped" time="0.482" /><testcase classname="tests.test_p22_p23_http" name="test_admin_grouping_config_roundtrip" time="0.397" /><testcase classname="tests.test_p22_p23_http" name="test_merchant_analytics_real_data" time="0.438" /><testcase classname="tests.test_p22_p23_http" name="test_merchant_analytics_year_has_12_months" time="0.088" /><testcase classname="tests.test_p22_p23_http" name="test_merchant_ai_insights" time="3.478" /></testsuite></testsuites>