<?xml version="1.0" encoding="utf-8"?><testsuites name="pytest tests"><testsuite name="pytest" errors="0" failures="0" skipped="0" tests="12" time="5.056" timestamp="2026-04-18T11:19:01.147032+00:00" hostname="agent-env-73a50c57-9101-47d1-a5d0-6badface9964"><testcase classname="backend.tests.test_cart_iter31.TestHealthAndAuth" name="test_health_endpoint" time="0.219" /><testcase classname="backend.tests.test_cart_iter31.TestHealthAndAuth" name="test_login_test_user" time="0.330" /><testcase classname="backend.tests.test_cart_iter31.TestHealthAndAuth" name="test_login_admin_user" time="0.315" /><testcase classname="backend.tests.test_cart_iter31.TestCartAPI" name="test_get_cart_empty_for_new_user" time="0.430" /><testcase classname="backend.tests.test_cart_iter31.TestCartAPI" name="test_put_cart_saves_items" time="0.362" /><testcase classname="backend.tests.test_cart_iter31.TestCartAPI" name="test_get_cart_returns_saved_cart" time="0.415" /><testcase classname="backend.tests.test_cart_iter31.TestCartAPI" name="test_put_cart_empty_items_clears_cart" time="0.398" /><testcase classname="backend.tests.test_cart_iter31.TestCartAPI" name="test_delete_cart_clears_cart" time="0.394" /><testcase classname="backend.tests.test_cart_iter31.TestCartAPI" name="test_get_cart_empty_after_delete" time="0.442" /><testcase classname="backend.tests.test_cart_iter31.TestCartAPI" name="test_cart_user_scoped_different_users" time="0.913" /><testcase classname="backend.tests.test_cart_iter31.TestCartAPI" name="test_cart_requires_authentication" time="0.245" /><testcase classname="backend.tests.test_cart_iter31.TestCartAPI" name="test_cart_replaces_on_merchant_change" time="0.487" /></testsuite></testsuites>