<?xml version="1.0" encoding="utf-8"?><testsuites name="pytest tests"><testsuite name="pytest" errors="0" failures="0" skipped="0" tests="12" time="4.581" timestamp="2026-04-18T15:46:07.512688+00:00" hostname="agent-env-73a50c57-9101-47d1-a5d0-6badface9964"><testcase classname="backend.tests.test_iter40_v3cube_dashboard.TestAdminAnalytics" name="test_analytics_endpoint_returns_200" time="0.476" /><testcase classname="backend.tests.test_iter40_v3cube_dashboard.TestAdminAnalytics" name="test_analytics_has_ride_status" time="0.379" /><testcase classname="backend.tests.test_iter40_v3cube_dashboard.TestAdminAnalytics" name="test_analytics_has_earnings" time="0.378" /><testcase classname="backend.tests.test_iter40_v3cube_dashboard.TestAdminAnalytics" name="test_analytics_has_drivers" time="0.367" /><testcase classname="backend.tests.test_iter40_v3cube_dashboard.TestAdminAnalytics" name="test_analytics_has_recent_rides" time="0.373" /><testcase classname="backend.tests.test_iter40_v3cube_dashboard.TestAdminAnalytics" name="test_analytics_has_scheduled_bookings" time="0.404" /><testcase classname="backend.tests.test_iter40_v3cube_dashboard.TestAdminAnalytics" name="test_analytics_has_completed_rides_count" time="0.385" /><testcase classname="backend.tests.test_iter40_v3cube_dashboard.TestAdminAnalytics" name="test_analytics_without_auth_returns_401" time="0.439" /><testcase classname="backend.tests.test_iter40_v3cube_dashboard.TestAdminStats" name="test_stats_endpoint_returns_200" time="0.405" /><testcase classname="backend.tests.test_iter40_v3cube_dashboard.TestAdminStats" name="test_stats_has_all_counts" time="0.375" /><testcase classname="backend.tests.test_iter40_v3cube_dashboard.TestAdminStats" name="test_stats_without_auth_returns_401" time="0.409" /><testcase classname="backend.tests.test_iter40_v3cube_dashboard.TestHealthEndpoint" name="test_health_returns_ok" time="0.090" /></testsuite></testsuites>