<?xml version="1.0" encoding="utf-8"?><testsuites name="pytest tests"><testsuite name="pytest" errors="0" failures="0" skipped="0" tests="17" time="3.902" timestamp="2026-04-18T11:09:19.774678+00:00" hostname="agent-env-73a50c57-9101-47d1-a5d0-6badface9964"><testcase classname="tests.test_code_quality_iter30.TestHealthAndConfig" name="test_health_endpoint" time="0.105" /><testcase classname="tests.test_code_quality_iter30.TestHealthAndConfig" name="test_vehicle_types_returns_10_types" time="0.085" /><testcase classname="tests.test_code_quality_iter30.TestHealthAndConfig" name="test_vehicle_types_have_required_fields" time="0.085" /><testcase classname="tests.test_code_quality_iter30.TestAuthEndpoints" name="test_login_with_admin_credentials" time="0.396" /><testcase classname="tests.test_code_quality_iter30.TestAuthEndpoints" name="test_auth_me_with_session_cookie" time="0.438" /><testcase classname="tests.test_code_quality_iter30.TestAuthEndpoints" name="test_auth_me_without_cookie_returns_401" time="0.095" /><testcase classname="tests.test_code_quality_iter30.TestRideEstimate" name="test_ride_estimate_returns_fare" time="0.387" /><testcase classname="tests.test_code_quality_iter30.TestRideEstimate" name="test_ride_estimate_with_luxe_vehicle" time="0.353" /><testcase classname="tests.test_code_quality_iter30.TestReferralEndpoint" name="test_referral_my_code_returns_code" time="0.363" /><testcase classname="tests.test_code_quality_iter30.TestReferralEndpoint" name="test_referral_stats_endpoint" time="0.370" /><testcase classname="tests.test_code_quality_iter30.TestGojekServices" name="test_video_consult_providers" time="0.081" /><testcase classname="tests.test_code_quality_iter30.TestGojekServices" name="test_bidding_categories" time="0.082" /><testcase classname="tests.test_code_quality_iter30.TestGojekServices" name="test_intercity_routes" time="0.084" /><testcase classname="tests.test_code_quality_iter30.TestGojekServices" name="test_parking_spots" time="0.079" /><testcase classname="tests.test_code_quality_iter30.TestGojekServices" name="test_giftcards_templates" time="0.084" /><testcase classname="tests.test_code_quality_iter30.TestSimulationEndpoint" name="test_simulation_status" time="0.360" /><testcase classname="tests.test_code_quality_iter30.TestWalletEndpoint" name="test_wallet_endpoint" time="0.348" /></testsuite></testsuites>