<?xml version="1.0" encoding="utf-8"?><testsuites name="pytest tests"><testsuite name="pytest" errors="0" failures="0" skipped="0" tests="18" time="4.876" timestamp="2026-04-18T17:24:47.175030+00:00" hostname="agent-env-73a50c57-9101-47d1-a5d0-6badface9964"><testcase classname="backend.tests.test_iter43_phaseA.TestTopDriversPublic" name="test_top_no_auth_required" time="0.229" /><testcase classname="backend.tests.test_iter43_phaseA.TestTopDriversPublic" name="test_top_composite_mode_sorted" time="0.156" /><testcase classname="backend.tests.test_iter43_phaseA.TestTopDriversConfig" name="test_get_config" time="0.402" /><testcase classname="backend.tests.test_iter43_phaseA.TestTopDriversConfig" name="test_put_config_composite" time="0.093" /><testcase classname="backend.tests.test_iter43_phaseA.TestTopDriversConfig" name="test_put_config_manual_affects_public" time="0.313" /><testcase classname="backend.tests.test_iter43_phaseA.TestDbBackup" name="test_db_backup" time="0.061" /><testcase classname="backend.tests.test_iter43_phaseA.TestNewCRUDCollections" name="test_crud_lifecycle[vehicle_makes]" time="0.292" /><testcase classname="backend.tests.test_iter43_phaseA.TestNewCRUDCollections" name="test_crud_lifecycle[vehicle_models]" time="0.292" /><testcase classname="backend.tests.test_iter43_phaseA.TestNewCRUDCollections" name="test_crud_lifecycle[master_services]" time="0.288" /><testcase classname="backend.tests.test_iter43_phaseA.TestNewCRUDCollections" name="test_crud_lifecycle[cancel_reasons]" time="0.297" /><testcase classname="backend.tests.test_iter43_phaseA.TestNewCRUDCollections" name="test_crud_lifecycle[email_templates]" time="0.291" /><testcase classname="backend.tests.test_iter43_phaseA.TestNewCRUDCollections" name="test_crud_lifecycle[sms_templates]" time="0.289" /><testcase classname="backend.tests.test_iter43_phaseA.TestNewCRUDCollections" name="test_crud_lifecycle[sos_requests]" time="0.327" /><testcase classname="backend.tests.test_iter43_phaseA.TestNewCRUDCollections" name="test_crud_lifecycle[contact_requests]" time="0.301" /><testcase classname="backend.tests.test_iter43_phaseA.TestNewCRUDCollections" name="test_crud_lifecycle[withdraw_requests]" time="0.292" /><testcase classname="backend.tests.test_iter43_phaseA.TestNewCRUDCollections" name="test_crud_lifecycle[order_help_requests]" time="0.286" /><testcase classname="backend.tests.test_iter43_phaseA.TestNewCRUDCollections" name="test_crud_lifecycle[trip_help_requests]" time="0.288" /><testcase classname="backend.tests.test_iter43_phaseA.TestNewCRUDCollections" name="test_crud_lifecycle[push_notifications]" time="0.277" /></testsuite></testsuites>