<?xml version="1.0" encoding="utf-8"?><testsuites name="pytest tests"><testsuite name="pytest" errors="0" failures="0" skipped="0" tests="8" time="1.805" timestamp="2026-04-18T14:09:17.633970+00:00" hostname="agent-env-73a50c57-9101-47d1-a5d0-6badface9964"><testcase classname="backend.tests.test_iter37_ride_booking_google_maps.TestHealthEndpoint" name="test_health_returns_ok" time="0.262" /><testcase classname="backend.tests.test_iter37_ride_booking_google_maps.TestRideEstimateGoogleMaps" name="test_estimate_returns_google_maps_source" time="0.221" /><testcase classname="backend.tests.test_iter37_ride_booking_google_maps.TestRideEstimateGoogleMaps" name="test_estimate_fort_de_france_to_airport_real_distance" time="0.142" /><testcase classname="backend.tests.test_iter37_ride_booking_google_maps.TestRideEstimateGoogleMaps" name="test_estimate_returns_fare_details" time="0.139" /><testcase classname="backend.tests.test_iter37_ride_booking_google_maps.TestRideEstimateGoogleMaps" name="test_estimate_different_vehicle_types" time="0.386" /><testcase classname="backend.tests.test_iter37_ride_booking_google_maps.TestAuthEndpoints" name="test_login_success" time="0.332" /><testcase classname="backend.tests.test_iter37_ride_booking_google_maps.TestAuthEndpoints" name="test_login_invalid_credentials" time="0.135" /><testcase classname="backend.tests.test_iter37_ride_booking_google_maps.TestVehicleTypesEndpoint" name="test_get_vehicle_types" time="0.095" /></testsuite></testsuites>