<?xml version="1.0" encoding="utf-8"?><testsuites name="pytest tests"><testsuite name="pytest" errors="0" failures="0" skipped="0" tests="23" time="6.563" timestamp="2026-04-06T01:53:02.730782+00:00" hostname="agent-env-9642534d-cc97-4c77-85dd-6fe740d1a2df"><testcase classname="backend.tests.test_sb_drive_api.TestHealthCheck" name="test_health_endpoint" time="0.424" /><testcase classname="backend.tests.test_sb_drive_api.TestAuthentication" name="test_login_user_success" time="0.361" /><testcase classname="backend.tests.test_sb_drive_api.TestAuthentication" name="test_login_admin_success" time="0.354" /><testcase classname="backend.tests.test_sb_drive_api.TestAuthentication" name="test_login_merchant_success" time="0.363" /><testcase classname="backend.tests.test_sb_drive_api.TestAuthentication" name="test_login_invalid_credentials" time="0.125" /><testcase classname="backend.tests.test_sb_drive_api.TestAuthentication" name="test_get_me_authenticated" time="0.514" /><testcase classname="backend.tests.test_sb_drive_api.TestAuthentication" name="test_get_me_unauthenticated" time="0.115" /><testcase classname="backend.tests.test_sb_drive_api.TestMerchants" name="test_list_merchants" time="0.110" /><testcase classname="backend.tests.test_sb_drive_api.TestMerchants" name="test_list_restaurants" time="0.133" /><testcase classname="backend.tests.test_sb_drive_api.TestMerchants" name="test_get_merchant_by_id" time="0.100" /><testcase classname="backend.tests.test_sb_drive_api.TestMerchants" name="test_get_merchant_products" time="0.101" /><testcase classname="backend.tests.test_sb_drive_api.TestMerchants" name="test_get_nonexistent_merchant" time="0.138" /><testcase classname="backend.tests.test_sb_drive_api.TestRides" name="test_ride_estimate" time="0.109" /><testcase classname="backend.tests.test_sb_drive_api.TestRides" name="test_create_ride_authenticated" time="0.505" /><testcase classname="backend.tests.test_sb_drive_api.TestRides" name="test_create_ride_unauthenticated" time="0.104" /><testcase classname="backend.tests.test_sb_drive_api.TestOrders" name="test_create_order_authenticated" time="0.425" /><testcase classname="backend.tests.test_sb_drive_api.TestOrders" name="test_create_order_unauthenticated" time="0.097" /><testcase classname="backend.tests.test_sb_drive_api.TestWallet" name="test_get_wallet_authenticated" time="0.441" /><testcase classname="backend.tests.test_sb_drive_api.TestWallet" name="test_get_wallet_unauthenticated" time="0.111" /><testcase classname="backend.tests.test_sb_drive_api.TestSupport" name="test_create_support_ticket" time="0.444" /><testcase classname="backend.tests.test_sb_drive_api.TestAdminDashboard" name="test_admin_dashboard_authenticated" time="0.495" /><testcase classname="backend.tests.test_sb_drive_api.TestAdminDashboard" name="test_admin_dashboard_non_admin" time="0.460" /><testcase classname="backend.tests.test_sb_drive_api.TestAdminDashboard" name="test_admin_list_users" time="0.445" /></testsuite></testsuites>