<?xml version="1.0" encoding="utf-8"?><testsuites name="pytest tests"><testsuite name="pytest" errors="0" failures="0" skipped="0" tests="12" time="7.615" timestamp="2026-04-07T00:39:29.789265+00:00" hostname="agent-env-9642534d-cc97-4c77-85dd-6fe740d1a2df"><testcase classname="backend.tests.test_stripe_payments_iter19.TestStripePaymentEndpoints" name="test_checkout_valid_package_10" time="0.915" /><testcase classname="backend.tests.test_stripe_payments_iter19.TestStripePaymentEndpoints" name="test_checkout_valid_package_20" time="0.852" /><testcase classname="backend.tests.test_stripe_payments_iter19.TestStripePaymentEndpoints" name="test_checkout_valid_package_50" time="0.878" /><testcase classname="backend.tests.test_stripe_payments_iter19.TestStripePaymentEndpoints" name="test_checkout_valid_package_100" time="0.811" /><testcase classname="backend.tests.test_stripe_payments_iter19.TestStripePaymentEndpoints" name="test_checkout_invalid_package_returns_400" time="0.459" /><testcase classname="backend.tests.test_stripe_payments_iter19.TestStripePaymentEndpoints" name="test_checkout_missing_origin_url_returns_400" time="0.654" /><testcase classname="backend.tests.test_stripe_payments_iter19.TestStripePaymentEndpoints" name="test_checkout_unauthenticated_returns_401" time="0.102" /><testcase classname="backend.tests.test_stripe_payments_iter19.TestStripePaymentEndpoints" name="test_payment_status_valid_session" time="1.114" /><testcase classname="backend.tests.test_stripe_payments_iter19.TestStripePaymentEndpoints" name="test_payment_status_invalid_session_returns_404" time="0.442" /><testcase classname="backend.tests.test_stripe_payments_iter19.TestStripePaymentEndpoints" name="test_payment_status_unauthenticated_returns_401" time="0.103" /><testcase classname="backend.tests.test_stripe_payments_iter19.TestStripeWebhook" name="test_webhook_endpoint_exists" time="0.111" /><testcase classname="backend.tests.test_stripe_payments_iter19.TestPaymentTransactionCreation" name="test_checkout_creates_pending_transaction" time="1.092" /></testsuite></testsuites>