<?xml version="1.0" encoding="utf-8"?><testsuites name="pytest tests"><testsuite name="pytest" errors="0" failures="0" skipped="0" tests="13" time="4.836" timestamp="2026-04-18T13:58:20.446133+00:00" hostname="agent-env-73a50c57-9101-47d1-a5d0-6badface9964"><testcase classname="backend.tests.test_iter36_google_maps_crud.TestHealthCheck" name="test_health_returns_ok" time="0.235" /><testcase classname="backend.tests.test_iter36_google_maps_crud.TestRideEstimateGoogleMaps" name="test_estimate_returns_google_maps_source" time="0.192" /><testcase classname="backend.tests.test_iter36_google_maps_crud.TestRideEstimateGoogleMaps" name="test_paris_to_cdg_distance_greater_than_25km" time="0.139" /><testcase classname="backend.tests.test_iter36_google_maps_crud.TestRideEstimateGoogleMaps" name="test_estimate_returns_route_polyline_with_google_maps" time="0.230" /><testcase classname="backend.tests.test_iter36_google_maps_crud.TestRideEstimateGoogleMaps" name="test_estimate_with_different_vehicle_types" time="0.430" /><testcase classname="backend.tests.test_iter36_google_maps_crud.TestAdminCrudGroups" name="test_create_group_in_mongodb" time="0.474" /><testcase classname="backend.tests.test_iter36_google_maps_crud.TestAdminCrudGroups" name="test_list_groups_from_mongodb" time="0.466" /><testcase classname="backend.tests.test_iter36_google_maps_crud.TestAdminCrudGroups" name="test_update_group_item" time="0.546" /><testcase classname="backend.tests.test_iter36_google_maps_crud.TestAdminCrudGroups" name="test_delete_group_item" time="0.463" /><testcase classname="backend.tests.test_iter36_google_maps_crud.TestAdminCrudVehicles" name="test_create_vehicle" time="0.425" /><testcase classname="backend.tests.test_iter36_google_maps_crud.TestAdminCrudCompanies" name="test_list_companies" time="0.361" /><testcase classname="backend.tests.test_iter36_google_maps_crud.TestInvalidCollection" name="test_invalid_collection_returns_400" time="0.376" /><testcase classname="backend.tests.test_iter36_google_maps_crud.TestInvalidCollection" name="test_invalid_collection_post_returns_400" time="0.390" /></testsuite></testsuites>