<?xml version="1.0" encoding="utf-8"?><testsuites name="pytest tests"><testsuite name="pytest" errors="0" failures="0" skipped="0" tests="19" time="8.013" timestamp="2026-04-06T22:16:21.904051+00:00" hostname="agent-env-9642534d-cc97-4c77-85dd-6fe740d1a2df"><testcase classname="backend.tests.test_iteration14_wallet_coupons.TestAuthAndSetup" name="test_admin_login" time="0.393" /><testcase classname="backend.tests.test_iteration14_wallet_coupons.TestAuthAndSetup" name="test_test_user_login" time="0.339" /><testcase classname="backend.tests.test_iteration14_wallet_coupons.TestWalletAPI" name="test_get_wallet" time="0.390" /><testcase classname="backend.tests.test_iteration14_wallet_coupons.TestWalletAPI" name="test_topup_wallet_valid" time="0.462" /><testcase classname="backend.tests.test_iteration14_wallet_coupons.TestWalletAPI" name="test_topup_wallet_zero_amount" time="0.397" /><testcase classname="backend.tests.test_iteration14_wallet_coupons.TestWalletAPI" name="test_topup_wallet_exceeds_max" time="0.391" /><testcase classname="backend.tests.test_iteration14_wallet_coupons.TestWalletAPI" name="test_pay_from_wallet" time="0.531" /><testcase classname="backend.tests.test_iteration14_wallet_coupons.TestWalletAPI" name="test_pay_insufficient_balance" time="0.466" /><testcase classname="backend.tests.test_iteration14_wallet_coupons.TestCouponAPI" name="test_list_active_coupons" time="0.379" /><testcase classname="backend.tests.test_iteration14_wallet_coupons.TestCouponAPI" name="test_validate_coupon_bienvenue" time="0.418" /><testcase classname="backend.tests.test_iteration14_wallet_coupons.TestCouponAPI" name="test_validate_coupon_sbdrive10" time="0.779" /><testcase classname="backend.tests.test_iteration14_wallet_coupons.TestCouponAPI" name="test_validate_invalid_coupon" time="0.428" /><testcase classname="backend.tests.test_iteration14_wallet_coupons.TestCouponAPI" name="test_apply_coupon" time="0.749" /><testcase classname="backend.tests.test_iteration14_wallet_coupons.TestConfigAPI" name="test_get_cancel_reasons" time="0.401" /><testcase classname="backend.tests.test_iteration14_wallet_coupons.TestConfigAPI" name="test_get_app_config" time="0.383" /><testcase classname="backend.tests.test_iteration14_wallet_coupons.TestConfigAPI" name="test_get_vehicle_categories" time="0.391" /><testcase classname="backend.tests.test_iteration14_wallet_coupons.TestRidesAPI" name="test_list_rides" time="0.406" /><testcase classname="backend.tests.test_iteration14_wallet_coupons.TestHealthCheck" name="test_health_endpoint" time="0.111" /><testcase classname="backend.tests.test_iteration14_wallet_coupons.TestHealthCheck" name="test_root_endpoint" time="0.098" /></testsuite></testsuites>