<?xml version="1.0" encoding="utf-8"?><testsuites name="pytest tests"><testsuite name="pytest" errors="0" failures="0" skipped="0" tests="13" time="4.245" timestamp="2026-04-07T08:29:06.176964+00:00" hostname="agent-env-9642534d-cc97-4c77-85dd-6fe740d1a2df"><testcase classname="backend.tests.test_donation_livechat_iter20.TestDonationEndpoints" name="test_get_donations_without_auth_returns_401" time="0.119" /><testcase classname="backend.tests.test_donation_livechat_iter20.TestDonationEndpoints" name="test_get_donations_with_auth_returns_list" time="0.378" /><testcase classname="backend.tests.test_donation_livechat_iter20.TestDonationEndpoints" name="test_create_donation_as_user_returns_403" time="0.385" /><testcase classname="backend.tests.test_donation_livechat_iter20.TestDonationEndpoints" name="test_create_donation_as_admin_succeeds" time="0.361" /><testcase classname="backend.tests.test_donation_livechat_iter20.TestLiveChatEndpoints" name="test_get_messages_without_auth_returns_401" time="0.109" /><testcase classname="backend.tests.test_donation_livechat_iter20.TestLiveChatEndpoints" name="test_get_messages_with_auth_returns_list" time="0.368" /><testcase classname="backend.tests.test_donation_livechat_iter20.TestLiveChatEndpoints" name="test_send_message_without_auth_returns_401" time="0.101" /><testcase classname="backend.tests.test_donation_livechat_iter20.TestLiveChatEndpoints" name="test_send_empty_message_returns_400" time="0.405" /><testcase classname="backend.tests.test_donation_livechat_iter20.TestLiveChatEndpoints" name="test_send_message_returns_user_message_and_reply" time="0.370" /><testcase classname="backend.tests.test_donation_livechat_iter20.TestLiveChatEndpoints" name="test_send_bonjour_gets_greeting_reply" time="0.372" /><testcase classname="backend.tests.test_donation_livechat_iter20.TestLiveChatEndpoints" name="test_send_aide_gets_help_reply" time="0.369" /><testcase classname="backend.tests.test_donation_livechat_iter20.TestLiveChatEndpoints" name="test_send_paiement_gets_payment_reply" time="0.373" /><testcase classname="backend.tests.test_donation_livechat_iter20.TestLiveChatEndpoints" name="test_messages_persist_after_send" time="0.440" /></testsuite></testsuites>