<?xml version="1.0" encoding="utf-8"?><testsuites name="pytest tests"><testsuite name="pytest" errors="0" failures="0" skipped="0" tests="12" time="2.287" timestamp="2026-04-07T09:16:03.178521+00:00" hostname="agent-env-9642534d-cc97-4c77-85dd-6fe740d1a2df"><testcase classname="backend.tests.test_v3cube_login_iter21.TestCheckPhoneAPI" name="test_check_phone_existing_user" time="0.137" /><testcase classname="backend.tests.test_v3cube_login_iter21.TestCheckPhoneAPI" name="test_check_phone_new_user" time="0.101" /><testcase classname="backend.tests.test_v3cube_login_iter21.TestCheckPhoneAPI" name="test_check_phone_empty" time="0.123" /><testcase classname="backend.tests.test_v3cube_login_iter21.TestPhoneLoginAPI" name="test_phone_login_success" time="0.332" /><testcase classname="backend.tests.test_v3cube_login_iter21.TestPhoneLoginAPI" name="test_phone_login_wrong_password" time="0.326" /><testcase classname="backend.tests.test_v3cube_login_iter21.TestPhoneLoginAPI" name="test_phone_login_nonexistent_user" time="0.106" /><testcase classname="backend.tests.test_v3cube_login_iter21.TestPhoneLoginAPI" name="test_phone_login_empty_fields" time="0.100" /><testcase classname="backend.tests.test_v3cube_login_iter21.TestPhoneRegisterAPI" name="test_phone_register_success" time="0.322" /><testcase classname="backend.tests.test_v3cube_login_iter21.TestPhoneRegisterAPI" name="test_phone_register_duplicate_phone" time="0.095" /><testcase classname="backend.tests.test_v3cube_login_iter21.TestPhoneRegisterAPI" name="test_phone_register_empty_fields" time="0.098" /><testcase classname="backend.tests.test_v3cube_login_iter21.TestAdminLogin" name="test_admin_login_success" time="0.368" /><testcase classname="backend.tests.test_v3cube_login_iter21.TestHealthEndpoint" name="test_health" time="0.098" /></testsuite></testsuites>