<?xml version="1.0" encoding="utf-8"?><testsuites name="pytest tests"><testsuite name="pytest" errors="0" failures="0" skipped="0" tests="6" time="1.583" timestamp="2026-04-18T15:36:03.979406+00:00" hostname="agent-env-73a50c57-9101-47d1-a5d0-6badface9964"><testcase classname="backend.tests.test_iter39_dashboard_recharts.TestHealthEndpoint" name="test_health_returns_ok" time="0.136" /><testcase classname="backend.tests.test_iter39_dashboard_recharts.TestAdminAuth" name="test_admin_login_success" time="0.346" /><testcase classname="backend.tests.test_iter39_dashboard_recharts.TestAdminAuth" name="test_admin_login_invalid_credentials" time="0.112" /><testcase classname="backend.tests.test_iter39_dashboard_recharts.TestAdminStats" name="test_admin_stats_unauthenticated" time="0.083" /><testcase classname="backend.tests.test_iter39_dashboard_recharts.TestAdminStats" name="test_admin_stats_authenticated" time="0.376" /><testcase classname="backend.tests.test_iter39_dashboard_recharts.TestAdminPages" name="test_rewards_config_endpoint" time="0.439" /></testsuite></testsuites>