<?xml version="1.0" encoding="utf-8"?><testsuites name="pytest tests"><testsuite name="pytest" errors="0" failures="0" skipped="0" tests="12" time="3.368" timestamp="2026-04-07T00:06:35.794743+00:00" hostname="agent-env-9642534d-cc97-4c77-85dd-6fe740d1a2df"><testcase classname="backend.tests.test_phone_auth.TestCheckPhone" name="test_check_phone_existing_user" time="0.189" /><testcase classname="backend.tests.test_phone_auth.TestCheckPhone" name="test_check_phone_new_user" time="0.120" /><testcase classname="backend.tests.test_phone_auth.TestCheckPhone" name="test_check_phone_empty" time="0.135" /><testcase classname="backend.tests.test_phone_auth.TestPhoneRegister" name="test_register_new_user_with_phone" time="0.387" /><testcase classname="backend.tests.test_phone_auth.TestPhoneRegister" name="test_register_minimal_info" time="0.335" /><testcase classname="backend.tests.test_phone_auth.TestPhoneRegister" name="test_register_duplicate_phone" time="0.441" /><testcase classname="backend.tests.test_phone_auth.TestPhoneRegister" name="test_register_missing_password" time="0.173" /><testcase classname="backend.tests.test_phone_auth.TestPhoneLogin" name="test_login_correct_credentials" time="0.461" /><testcase classname="backend.tests.test_phone_auth.TestPhoneLogin" name="test_login_wrong_password" time="0.432" /><testcase classname="backend.tests.test_phone_auth.TestPhoneLogin" name="test_login_nonexistent_phone" time="0.227" /><testcase classname="backend.tests.test_phone_auth.TestPhoneLogin" name="test_login_missing_fields" time="0.268" /><testcase classname="backend.tests.test_phone_auth.TestHealthCheck" name="test_api_health" time="0.126" /></testsuite></testsuites>