<?xml version="1.0" encoding="utf-8"?><testsuites name="pytest tests"><testsuite name="pytest" errors="0" failures="0" skipped="0" tests="11" time="3.578" timestamp="2026-04-18T11:38:19.041410+00:00" hostname="agent-env-73a50c57-9101-47d1-a5d0-6badface9964"><testcase classname="backend.tests.test_iter32_landing_admin.TestHealthAndAuth" name="test_health_endpoint" time="0.129" /><testcase classname="backend.tests.test_iter32_landing_admin.TestHealthAndAuth" name="test_admin_login" time="0.329" /><testcase classname="backend.tests.test_iter32_landing_admin.TestAdminStats" name="test_admin_stats" time="0.346" /><testcase classname="backend.tests.test_iter32_landing_admin.TestVehicleTypesCRUD" name="test_get_vehicle_types" time="0.093" /><testcase classname="backend.tests.test_iter32_landing_admin.TestVehicleTypesCRUD" name="test_create_vehicle_type" time="0.402" /><testcase classname="backend.tests.test_iter32_landing_admin.TestVehicleTypesCRUD" name="test_update_vehicle_type" time="0.479" /><testcase classname="backend.tests.test_iter32_landing_admin.TestVehicleTypesCRUD" name="test_delete_vehicle_type" time="0.411" /><testcase classname="backend.tests.test_iter32_landing_admin.TestVehicleTypesCRUD" name="test_create_duplicate_vehicle_type_fails" time="0.455" /><testcase classname="backend.tests.test_iter32_landing_admin.TestMerchantsEndpoint" name="test_get_merchants" time="0.082" /><testcase classname="backend.tests.test_iter32_landing_admin.TestOrdersEndpoint" name="test_get_orders" time="0.366" /><testcase classname="backend.tests.test_iter32_landing_admin.TestRidesEndpoint" name="test_get_rides" time="0.388" /></testsuite></testsuites>