<?xml version="1.0" encoding="utf-8"?><testsuites name="pytest tests"><testsuite name="pytest" errors="0" failures="0" skipped="0" tests="7" time="2.085" timestamp="2026-04-18T16:05:08.697969+00:00" hostname="agent-env-73a50c57-9101-47d1-a5d0-6badface9964"><testcase classname="backend.tests.test_iter41_rewards_dashboard.TestHealthEndpoint" name="test_health_returns_ok" time="0.136" /><testcase classname="backend.tests.test_iter41_rewards_dashboard.TestRewardsServiceConfig" name="test_get_rewards_config_without_auth" time="0.088" /><testcase classname="backend.tests.test_iter41_rewards_dashboard.TestRewardsServiceConfig" name="test_get_rewards_config_with_auth" time="0.408" /><testcase classname="backend.tests.test_iter41_rewards_dashboard.TestRewardsServiceConfig" name="test_put_rewards_config_saves_tiers" time="0.473" /><testcase classname="backend.tests.test_iter41_rewards_dashboard.TestAnalyticsEndpoint" name="test_analytics_without_auth" time="0.080" /><testcase classname="backend.tests.test_iter41_rewards_dashboard.TestAnalyticsEndpoint" name="test_analytics_returns_real_data" time="0.417" /><testcase classname="backend.tests.test_iter41_rewards_dashboard.TestAdminStats" name="test_stats_returns_counts" time="0.398" /></testsuite></testsuites>