<?xml version="1.0" encoding="utf-8"?><testsuites name="pytest tests"><testsuite name="pytest" errors="0" failures="0" skipped="0" tests="18" time="6.317" timestamp="2026-04-05T22:17:32.560522+00:00" hostname="agent-env-9642534d-cc97-4c77-85dd-6fe740d1a2df"><testcase classname="backend.tests.test_superapp_api.TestHealthCheck" name="test_api_health" time="0.195" /><testcase classname="backend.tests.test_superapp_api.TestUserAuth" name="test_user_login_success" time="0.339" /><testcase classname="backend.tests.test_superapp_api.TestUserAuth" name="test_user_login_invalid_password" time="0.351" /><testcase classname="backend.tests.test_superapp_api.TestUserAuth" name="test_get_current_user" time="0.508" /><testcase classname="backend.tests.test_superapp_api.TestAdminAuth" name="test_admin_login_success" time="0.317" /><testcase classname="backend.tests.test_superapp_api.TestAdminEndpoints" name="test_admin_dashboard" time="0.431" /><testcase classname="backend.tests.test_superapp_api.TestAdminEndpoints" name="test_admin_users_list" time="0.447" /><testcase classname="backend.tests.test_superapp_api.TestAdminEndpoints" name="test_admin_drivers_list" time="0.427" /><testcase classname="backend.tests.test_superapp_api.TestMerchants" name="test_list_merchants" time="0.157" /><testcase classname="backend.tests.test_superapp_api.TestMerchants" name="test_list_restaurants" time="0.094" /><testcase classname="backend.tests.test_superapp_api.TestMerchants" name="test_get_merchant_by_id" time="0.120" /><testcase classname="backend.tests.test_superapp_api.TestMerchants" name="test_get_merchant_products" time="0.098" /><testcase classname="backend.tests.test_superapp_api.TestWallet" name="test_get_wallet" time="0.441" /><testcase classname="backend.tests.test_superapp_api.TestWallet" name="test_wallet_topup_returns_checkout_url" time="0.994" /><testcase classname="backend.tests.test_superapp_api.TestRides" name="test_ride_estimate" time="0.107" /><testcase classname="backend.tests.test_superapp_api.TestOrders" name="test_create_order" time="0.458" /><testcase classname="backend.tests.test_superapp_api.TestSupport" name="test_create_support_ticket" time="0.424" /><testcase classname="backend.tests.test_superapp_api.TestMerchantAuth" name="test_merchant_login_success" time="0.328" /></testsuite></testsuites>