<?xml version="1.0" encoding="utf-8"?><testsuites name="pytest tests"><testsuite name="pytest" errors="0" failures="0" skipped="0" tests="21" time="5.973" timestamp="2026-04-06T03:18:01.077615+00:00" hostname="agent-env-9642534d-cc97-4c77-85dd-6fe740d1a2df"><testcase classname="tests.test_iteration11_backend.TestHealthEndpoint" name="test_health_check" time="0.215" /><testcase classname="tests.test_iteration11_backend.TestAuthEndpoints" name="test_login_success" time="0.354" /><testcase classname="tests.test_iteration11_backend.TestAuthEndpoints" name="test_login_invalid_credentials" time="0.109" /><testcase classname="tests.test_iteration11_backend.TestAuthEndpoints" name="test_auth_me_with_token" time="0.487" /><testcase classname="tests.test_iteration11_backend.TestAuthEndpoints" name="test_auth_me_with_cookie" time="0.363" /><testcase classname="tests.test_iteration11_backend.TestMerchantsEndpoints" name="test_list_merchants" time="0.097" /><testcase classname="tests.test_iteration11_backend.TestMerchantsEndpoints" name="test_get_merchant_by_id" time="0.092" /><testcase classname="tests.test_iteration11_backend.TestMerchantsEndpoints" name="test_get_merchant_products" time="0.110" /><testcase classname="tests.test_iteration11_backend.TestRidesEndpoints" name="test_ride_estimate" time="0.094" /><testcase classname="tests.test_iteration11_backend.TestRidesEndpoints" name="test_create_ride_authenticated" time="0.428" /><testcase classname="tests.test_iteration11_backend.TestServicesEndpoints" name="test_list_service_categories" time="0.171" /><testcase classname="tests.test_iteration11_backend.TestServicesEndpoints" name="test_create_service_booking" time="0.429" /><testcase classname="tests.test_iteration11_backend.TestServicesEndpoints" name="test_list_service_bookings" time="0.422" /><testcase classname="tests.test_iteration11_backend.TestServicesEndpoints" name="test_nearby_businesses" time="0.101" /><testcase classname="tests.test_iteration11_backend.TestMarketplaceEndpoints" name="test_create_listing" time="0.421" /><testcase classname="tests.test_iteration11_backend.TestMarketplaceEndpoints" name="test_list_listings" time="0.108" /><testcase classname="tests.test_iteration11_backend.TestMarketplaceEndpoints" name="test_get_listing_by_id" time="0.532" /><testcase classname="tests.test_iteration11_backend.TestCarpoolEndpoints" name="test_create_carpool_ride" time="0.422" /><testcase classname="tests.test_iteration11_backend.TestCarpoolEndpoints" name="test_search_carpool_rides" time="0.116" /><testcase classname="tests.test_iteration11_backend.TestCarpoolEndpoints" name="test_search_carpool_with_filters" time="0.125" /><testcase classname="tests.test_iteration11_backend.TestCleanup" name="test_cleanup_test_listings" time="0.669" /></testsuite></testsuites>