<?xml version="1.0" encoding="utf-8"?><testsuites name="pytest tests"><testsuite name="pytest" errors="0" failures="0" skipped="0" tests="17" time="7.815" timestamp="2026-04-07T11:07:36.234875+00:00" hostname="agent-env-9642534d-cc97-4c77-85dd-6fe740d1a2df"><testcase classname="backend.tests.test_admin_panel_iter25.TestAdminAuthentication" name="test_admin_login_success" time="0.356" /><testcase classname="backend.tests.test_admin_panel_iter25.TestAdminAuthentication" name="test_admin_login_wrong_password" time="0.340" /><testcase classname="backend.tests.test_admin_panel_iter25.TestAdminDashboard" name="test_dashboard_returns_kpis" time="0.393" /><testcase classname="backend.tests.test_admin_panel_iter25.TestAdminDashboard" name="test_dashboard_requires_admin_role" time="0.426" /><testcase classname="backend.tests.test_admin_panel_iter25.TestAdminUsers" name="test_list_users" time="1.014" /><testcase classname="backend.tests.test_admin_panel_iter25.TestAdminUsers" name="test_filter_users_by_role" time="0.451" /><testcase classname="backend.tests.test_admin_panel_iter25.TestAdminDrivers" name="test_list_drivers" time="0.369" /><testcase classname="backend.tests.test_admin_panel_iter25.TestAdminDrivers" name="test_filter_drivers_by_status" time="0.497" /><testcase classname="backend.tests.test_admin_panel_iter25.TestAdminRides" name="test_list_rides" time="0.379" /><testcase classname="backend.tests.test_admin_panel_iter25.TestAdminRides" name="test_filter_rides_by_status" time="0.486" /><testcase classname="backend.tests.test_admin_panel_iter25.TestAdminRevenue" name="test_revenue_returns_breakdown" time="0.376" /><testcase classname="backend.tests.test_admin_panel_iter25.TestAdminRevenue" name="test_revenue_commission_valid" time="0.446" /><testcase classname="backend.tests.test_admin_panel_iter25.TestAdminSettings" name="test_get_settings_returns_settings_object" time="0.366" /><testcase classname="backend.tests.test_admin_panel_iter25.TestAdminSettings" name="test_update_settings_persists" time="0.518" /><testcase classname="backend.tests.test_admin_panel_iter25.TestAdminSettings" name="test_settings_requires_admin_role" time="0.548" /><testcase classname="backend.tests.test_admin_panel_iter25.TestSupportTickets" name="test_list_tickets" time="0.371" /><testcase classname="backend.tests.test_admin_panel_iter25.TestDispatcherLive" name="test_dispatcher_live_data" time="0.376" /></testsuite></testsuites>