<?xml version="1.0" encoding="utf-8"?><testsuites name="pytest tests"><testsuite name="pytest" errors="0" failures="0" skipped="0" tests="23" time="6.250" timestamp="2026-04-06T01:33:08.517383+00:00" hostname="agent-env-9642534d-cc97-4c77-85dd-6fe740d1a2df"><testcase classname="backend.tests.test_sb_drive_api.TestHealthCheck" name="test_health_endpoint" time="0.143" /><testcase classname="backend.tests.test_sb_drive_api.TestAuthentication" name="test_login_user_success" time="0.405" /><testcase classname="backend.tests.test_sb_drive_api.TestAuthentication" name="test_login_admin_success" time="0.365" /><testcase classname="backend.tests.test_sb_drive_api.TestAuthentication" name="test_login_merchant_success" time="0.351" /><testcase classname="backend.tests.test_sb_drive_api.TestAuthentication" name="test_login_invalid_credentials" time="0.132" /><testcase classname="backend.tests.test_sb_drive_api.TestAuthentication" name="test_get_me_authenticated" time="0.483" /><testcase classname="backend.tests.test_sb_drive_api.TestAuthentication" name="test_get_me_unauthenticated" time="0.113" /><testcase classname="backend.tests.test_sb_drive_api.TestMerchants" name="test_list_merchants" time="0.110" /><testcase classname="backend.tests.test_sb_drive_api.TestMerchants" name="test_list_restaurants" time="0.096" /><testcase classname="backend.tests.test_sb_drive_api.TestMerchants" name="test_get_merchant_by_id" time="0.101" /><testcase classname="backend.tests.test_sb_drive_api.TestMerchants" name="test_get_merchant_products" time="0.108" /><testcase classname="backend.tests.test_sb_drive_api.TestMerchants" name="test_get_nonexistent_merchant" time="0.101" /><testcase classname="backend.tests.test_sb_drive_api.TestRides" name="test_ride_estimate" time="0.133" /><testcase classname="backend.tests.test_sb_drive_api.TestRides" name="test_create_ride_authenticated" time="0.427" /><testcase classname="backend.tests.test_sb_drive_api.TestRides" name="test_create_ride_unauthenticated" time="0.122" /><testcase classname="backend.tests.test_sb_drive_api.TestOrders" name="test_create_order_authenticated" time="0.454" /><testcase classname="backend.tests.test_sb_drive_api.TestOrders" name="test_create_order_unauthenticated" time="0.094" /><testcase classname="backend.tests.test_sb_drive_api.TestWallet" name="test_get_wallet_authenticated" time="0.442" /><testcase classname="backend.tests.test_sb_drive_api.TestWallet" name="test_get_wallet_unauthenticated" time="0.102" /><testcase classname="backend.tests.test_sb_drive_api.TestSupport" name="test_create_support_ticket" time="0.463" /><testcase classname="backend.tests.test_sb_drive_api.TestAdminDashboard" name="test_admin_dashboard_authenticated" time="0.480" /><testcase classname="backend.tests.test_sb_drive_api.TestAdminDashboard" name="test_admin_dashboard_non_admin" time="0.460" /><testcase classname="backend.tests.test_sb_drive_api.TestAdminDashboard" name="test_admin_list_users" time="0.487" /></testsuite></testsuites>