<?xml version="1.0" encoding="utf-8"?><testsuites name="pytest tests"><testsuite name="pytest" errors="0" failures="0" skipped="0" tests="15" time="5.234" timestamp="2026-04-07T09:45:03.197310+00:00" hostname="agent-env-9642534d-cc97-4c77-85dd-6fe740d1a2df"><testcase classname="backend.tests.test_driver_app_iter22.TestHealthAndAuth" name="test_health_check" time="0.206" /><testcase classname="backend.tests.test_driver_app_iter22.TestHealthAndAuth" name="test_check_phone_existing_user" time="0.108" /><testcase classname="backend.tests.test_driver_app_iter22.TestHealthAndAuth" name="test_check_phone_new_user" time="0.102" /><testcase classname="backend.tests.test_driver_app_iter22.TestHealthAndAuth" name="test_check_phone_empty" time="0.102" /><testcase classname="backend.tests.test_driver_app_iter22.TestDriverRegistration" name="test_phone_register_with_driver_role" time="0.342" /><testcase classname="backend.tests.test_driver_app_iter22.TestDriverRegistration" name="test_phone_register_duplicate_phone" time="0.146" /><testcase classname="backend.tests.test_driver_app_iter22.TestDriverRegistration" name="test_phone_login_existing_driver" time="0.341" /><testcase classname="backend.tests.test_driver_app_iter22.TestDriverProfile" name="test_driver_profile_not_found_before_registration" time="0.582" /><testcase classname="backend.tests.test_driver_app_iter22.TestDriverProfile" name="test_driver_register_vehicle" time="0.388" /><testcase classname="backend.tests.test_driver_app_iter22.TestDriverProfile" name="test_driver_profile_after_registration" time="0.417" /><testcase classname="backend.tests.test_driver_app_iter22.TestDriverProfile" name="test_driver_already_registered" time="0.489" /><testcase classname="backend.tests.test_driver_app_iter22.TestDriverEarnings" name="test_driver_earnings_endpoint" time="0.446" /><testcase classname="backend.tests.test_driver_app_iter22.TestDriverRideHistory" name="test_driver_ride_history_endpoint" time="0.457" /><testcase classname="backend.tests.test_driver_app_iter22.TestDriverOnlineToggle" name="test_toggle_online_requires_approval" time="0.405" /><testcase classname="backend.tests.test_driver_app_iter22.TestDriverLocation" name="test_update_driver_location" time="0.559" /></testsuite></testsuites>