<?xml version="1.0" encoding="utf-8"?><testsuites name="pytest tests"><testsuite name="pytest" errors="0" failures="0" skipped="0" tests="29" time="4.288" timestamp="2026-04-06T21:05:24.111474+00:00" hostname="agent-env-9642534d-cc97-4c77-85dd-6fe740d1a2df"><testcase classname="backend.tests.test_v3cube_config.TestVehicleCategories" name="test_vehicle_categories_returns_9_active" time="0.222" /><testcase classname="backend.tests.test_v3cube_config.TestVehicleCategories" name="test_vehicle_categories_slugs" time="0.109" /><testcase classname="backend.tests.test_v3cube_config.TestVehicleCategories" name="test_vehicle_categories_structure" time="0.108" /><testcase classname="backend.tests.test_v3cube_config.TestVehicleTypes" name="test_vehicle_types_returns_5" time="0.123" /><testcase classname="backend.tests.test_v3cube_config.TestVehicleTypes" name="test_vehicle_types_slugs" time="0.127" /><testcase classname="backend.tests.test_v3cube_config.TestVehicleTypes" name="test_vehicle_types_v3cube_pricing" time="0.119" /><testcase classname="backend.tests.test_v3cube_config.TestVehicleTypes" name="test_sb_vehicle_type_pricing" time="0.117" /><testcase classname="backend.tests.test_v3cube_config.TestAppConfig" name="test_app_config_returns_dict" time="0.123" /><testcase classname="backend.tests.test_v3cube_config.TestAppConfig" name="test_app_config_company_name" time="0.122" /><testcase classname="backend.tests.test_v3cube_config.TestAppConfig" name="test_app_config_currency" time="0.123" /><testcase classname="backend.tests.test_v3cube_config.TestAppConfig" name="test_app_config_wallet_enabled" time="0.119" /><testcase classname="backend.tests.test_v3cube_config.TestNearbyCategories" name="test_nearby_categories_returns_21" time="0.124" /><testcase classname="backend.tests.test_v3cube_config.TestNearbyCategories" name="test_nearby_categories_structure" time="0.107" /><testcase classname="backend.tests.test_v3cube_config.TestParcelTypes" name="test_parcel_types_returns_5" time="0.115" /><testcase classname="backend.tests.test_v3cube_config.TestParcelTypes" name="test_parcel_types_slugs" time="0.116" /><testcase classname="backend.tests.test_v3cube_config.TestCancelReasons" name="test_cancel_reasons_returns_8" time="0.148" /><testcase classname="backend.tests.test_v3cube_config.TestCancelReasons" name="test_cancel_reasons_user_filter" time="0.157" /><testcase classname="backend.tests.test_v3cube_config.TestCancelReasons" name="test_cancel_reasons_driver_filter" time="0.114" /><testcase classname="backend.tests.test_v3cube_config.TestMasterCategories" name="test_master_categories_returns_6" time="0.108" /><testcase classname="backend.tests.test_v3cube_config.TestMasterCategories" name="test_master_categories_slugs" time="0.104" /><testcase classname="backend.tests.test_v3cube_config.TestTrackCategories" name="test_track_categories_returns_2" time="0.097" /><testcase classname="backend.tests.test_v3cube_config.TestTrackCategories" name="test_track_categories_slugs" time="0.168" /><testcase classname="backend.tests.test_v3cube_config.TestRideEstimate" name="test_estimate_confort_enriched_response" time="0.104" /><testcase classname="backend.tests.test_v3cube_config.TestRideEstimate" name="test_estimate_sb_pricing" time="0.124" /><testcase classname="backend.tests.test_v3cube_config.TestRideEstimate" name="test_estimate_returns_currency" time="0.283" /><testcase classname="backend.tests.test_v3cube_config.TestServiceCategories" name="test_service_categories_enriched" time="0.105" /><testcase classname="backend.tests.test_v3cube_config.TestServiceCategories" name="test_service_categories_french_names" time="0.125" /><testcase classname="backend.tests.test_v3cube_config.TestAuthLogin" name="test_admin_login" time="0.340" /><testcase classname="backend.tests.test_v3cube_config.TestAuthLogin" name="test_test_user_login" time="0.337" /></testsuite></testsuites>