<?xml version="1.0" encoding="utf-8"?><testsuites name="pytest tests"><testsuite name="pytest" errors="0" failures="0" skipped="0" tests="28" time="3.650" timestamp="2026-04-14T18:11:29.715477+00:00" hostname="agent-env-73a50c57-9101-47d1-a5d0-6badface9964"><testcase classname="backend.tests.test_gojek_services_iter26.TestAuth" name="test_login_success" time="0.491" /><testcase classname="backend.tests.test_gojek_services_iter26.TestVideoConsult" name="test_get_providers_list" time="0.160" /><testcase classname="backend.tests.test_gojek_services_iter26.TestVideoConsult" name="test_get_providers_filter_by_category" time="0.152" /><testcase classname="backend.tests.test_gojek_services_iter26.TestVideoConsult" name="test_get_providers_filter_by_lawyer" time="0.122" /><testcase classname="backend.tests.test_gojek_services_iter26.TestVideoConsult" name="test_create_video_session" time="0.406" /><testcase classname="backend.tests.test_gojek_services_iter26.TestVideoConsult" name="test_create_video_session_requires_auth" time="0.114" /><testcase classname="backend.tests.test_gojek_services_iter26.TestBidding" name="test_get_bidding_categories" time="0.131" /><testcase classname="backend.tests.test_gojek_services_iter26.TestBidding" name="test_create_bidding_post" time="0.060" /><testcase classname="backend.tests.test_gojek_services_iter26.TestBidding" name="test_get_my_bidding_posts" time="0.053" /><testcase classname="backend.tests.test_gojek_services_iter26.TestBidding" name="test_create_bidding_post_requires_auth" time="0.116" /><testcase classname="backend.tests.test_gojek_services_iter26.TestIntercity" name="test_get_intercity_routes" time="0.106" /><testcase classname="backend.tests.test_gojek_services_iter26.TestIntercity" name="test_get_intercity_routes_filter_by_city" time="0.173" /><testcase classname="backend.tests.test_gojek_services_iter26.TestIntercity" name="test_create_intercity_booking" time="0.055" /><testcase classname="backend.tests.test_gojek_services_iter26.TestIntercity" name="test_create_intercity_booking_requires_auth" time="0.101" /><testcase classname="backend.tests.test_gojek_services_iter26.TestParking" name="test_get_parking_spots" time="0.103" /><testcase classname="backend.tests.test_gojek_services_iter26.TestParking" name="test_create_parking_reservation" time="0.058" /><testcase classname="backend.tests.test_gojek_services_iter26.TestParking" name="test_create_parking_reservation_requires_auth" time="0.124" /><testcase classname="backend.tests.test_gojek_services_iter26.TestGiftCards" name="test_get_giftcard_templates" time="0.105" /><testcase classname="backend.tests.test_gojek_services_iter26.TestGiftCards" name="test_purchase_giftcard" time="0.059" /><testcase classname="backend.tests.test_gojek_services_iter26.TestGiftCards" name="test_redeem_giftcard_invalid_code" time="0.056" /><testcase classname="backend.tests.test_gojek_services_iter26.TestGiftCards" name="test_purchase_giftcard_requires_auth" time="0.109" /><testcase classname="backend.tests.test_gojek_services_iter26.TestGiftCards" name="test_redeem_giftcard_requires_auth" time="0.133" /><testcase classname="backend.tests.test_gojek_services_iter26.TestTracking" name="test_get_tracked_members" time="0.055" /><testcase classname="backend.tests.test_gojek_services_iter26.TestTracking" name="test_add_tracked_member" time="0.054" /><testcase classname="backend.tests.test_gojek_services_iter26.TestTracking" name="test_delete_tracked_member" time="0.058" /><testcase classname="backend.tests.test_gojek_services_iter26.TestTracking" name="test_get_tracked_members_requires_auth" time="0.121" /><testcase classname="backend.tests.test_gojek_services_iter26.TestTracking" name="test_add_tracked_member_requires_auth" time="0.109" /><testcase classname="backend.tests.test_gojek_services_iter26.TestTracking" name="test_delete_tracked_member_requires_auth" time="0.148" /></testsuite></testsuites>