<?xml version="1.0" encoding="utf-8"?><testsuites name="pytest tests"><testsuite name="pytest" errors="0" failures="0" skipped="0" tests="5" time="1.638" timestamp="2026-04-18T15:14:13.355913+00:00" hostname="agent-env-73a50c57-9101-47d1-a5d0-6badface9964"><testcase classname="backend.tests.test_iter38_rewards_new_pages.TestHealthEndpoint" name="test_health_returns_ok" time="0.184" /><testcase classname="backend.tests.test_iter38_rewards_new_pages.TestRewardsConfig" name="test_put_rewards_config" time="0.452" /><testcase classname="backend.tests.test_iter38_rewards_new_pages.TestRewardsConfig" name="test_get_rewards_config" time="0.395" /><testcase classname="backend.tests.test_iter38_rewards_new_pages.TestRewardsConfig" name="test_rewards_config_persistence" time="0.437" /><testcase classname="backend.tests.test_iter38_rewards_new_pages.TestAdminAuth" name="test_rewards_config_requires_auth" time="0.081" /></testsuite></testsuites>